# JRE version: Java(TM) SE Runtime Environment (8.0_51-b16) (build 1.8.0_51-b16)
# Java VM: Java HotSpot(TM) 64-Bit Server VM (25.51-b03 mixed mode linux-amd64 compressed oops)
Heap:
 PSYoungGen      total 58880K, used 28028K [0x000000076d100000, 0x0000000787680000, 0x00000007c0000000)
  eden space 58368K, 47% used [0x000000076d100000,0x000000076ec57208,0x0000000770a00000)
  from space 512K, 6% used [0x0000000787580000,0x0000000787588000,0x0000000787600000)
  to   space 512K, 0% used [0x0000000787600000,0x0000000787600000,0x0000000787680000)
 ParOldGen       total 171008K, used 5293K [0x00000006c7200000, 0x00000006d1900000, 0x000000076d100000)
  object space 171008K, 3% used [0x00000006c7200000,0x00000006c772b4f8,0x00000006d1900000)
 Metaspace       used 17712K, capacity 17930K, committed 18048K, reserved 1064960K
  class space    used 1576K, capacity 1662K, committed 1664K, reserved 1048576K
GC Heap History (10 events):
Event: 263.372 GC heap before
{Heap before GC invocations=1003 (full 0):
 PSYoungGen      total 65024K, used 64576K [0x000000076d100000, 0x0000000787680000, 0x00000007c0000000)
  eden space 64512K, 100% used [0x000000076d100000,0x0000000771000000,0x0000000771000000)
  from space 512K, 12% used [0x0000000787600000,0x0000000787610000,0x0000000787680000)
  to   space 512K, 0% used [0x0000000787580000,0x0000000787580000,0x0000000787600000)
 ParOldGen       total 171008K, used 5293K [0x00000006c7200000, 0x00000006d1900000, 0x000000076d100000)
  object space 171008K, 3% used [0x00000006c7200000,0x00000006c772b4f8,0x00000006d1900000)
 Metaspace       used 17711K, capacity 17930K, committed 18048K, reserved 1064960K
  class space    used 1576K, capacity 1662K, committed 1664K, reserved 1048576K
Event: 263.374 GC heap after
Heap after GC invocations=1003 (full 0):
 PSYoungGen      total 63488K, used 96K [0x000000076d100000, 0x0000000787680000, 0x00000007c0000000)
  eden space 62976K, 0% used [0x000000076d100000,0x000000076d100000,0x0000000770e80000)
  from space 512K, 18% used [0x0000000787580000,0x0000000787598000,0x0000000787600000)
  to   space 512K, 0% used [0x0000000787600000,0x0000000787600000,0x0000000787680000)
 ParOldGen       total 171008K, used 5293K [0x00000006c7200000, 0x00000006d1900000, 0x000000076d100000)
  object space 171008K, 3% used [0x00000006c7200000,0x00000006c772b4f8,0x00000006d1900000)
 Metaspace       used 17711K, capacity 17930K, committed 18048K, reserved 1064960K
  class space    used 1576K, capacity 1662K, committed 1664K, reserved 1048576K
}
Event: 263.711 GC heap before
{Heap before GC invocations=1004 (full 0):
 PSYoungGen      total 63488K, used 63072K [0x000000076d100000, 0x0000000787680000, 0x00000007c0000000)
  eden space 62976K, 100% used [0x000000076d100000,0x0000000770e80000,0x0000000770e80000)
  from space 512K, 18% used [0x0000000787580000,0x0000000787598000,0x0000000787600000)
  to   space 512K, 0% used [0x0000000787600000,0x0000000787600000,0x0000000787680000)
 ParOldGen       total 171008K, used 5293K [0x00000006c7200000, 0x00000006d1900000, 0x000000076d100000)
  object space 171008K, 3% used [0x00000006c7200000,0x00000006c772b4f8,0x00000006d1900000)
 Metaspace       used 17711K, capacity 17930K, committed 18048K, reserved 1064960K
  class space    used 1576K, capacity 1662K, committed 1664K, reserved 1048576K
Event: 263.712 GC heap after
Heap after GC invocations=1004 (full 0):
 PSYoungGen      total 61952K, used 32K [0x000000076d100000, 0x0000000787680000, 0x00000007c0000000)
  eden space 61440K, 0% used [0x000000076d100000,0x000000076d100000,0x0000000770d00000)
  from space 512K, 6% used [0x0000000787600000,0x0000000787608000,0x0000000787680000)
  to   space 512K, 0% used [0x0000000787580000,0x0000000787580000,0x0000000787600000)
 ParOldGen       total 171008K, used 5293K [0x00000006c7200000, 0x00000006d1900000, 0x000000076d100000)
  object space 171008K, 3% used [0x00000006c7200000,0x00000006c772b4f8,0x00000006d1900000)
 Metaspace       used 17711K, capacity 17930K, committed 18048K, reserved 1064960K
  class space    used 1576K, capacity 1662K, committed 1664K, reserved 1048576K
}
Event: 264.046 GC heap before
{Heap before GC invocations=1005 (full 0):
 PSYoungGen      total 61952K, used 61472K [0x000000076d100000, 0x0000000787680000, 0x00000007c0000000)
  eden space 61440K, 100% used [0x000000076d100000,0x0000000770d00000,0x0000000770d00000)
  from space 512K, 6% used [0x0000000787600000,0x0000000787608000,0x0000000787680000)
  to   space 512K, 0% used [0x0000000787580000,0x0000000787580000,0x0000000787600000)
 ParOldGen       total 171008K, used 5293K [0x00000006c7200000, 0x00000006d1900000, 0x000000076d100000)
  object space 171008K, 3% used [0x00000006c7200000,0x00000006c772b4f8,0x00000006d1900000)
 Metaspace       used 17711K, capacity 17930K, committed 18048K, reserved 1064960K
  class space    used 1576K, capacity 1662K, committed 1664K, reserved 1048576K
Event: 264.047 GC heap after
Heap after GC invocations=1005 (full 0):
 PSYoungGen      total 60928K, used 32K [0x000000076d100000, 0x0000000787680000, 0x00000007c0000000)
  eden space 60416K, 0% used [0x000000076d100000,0x000000076d100000,0x0000000770c00000)
  from space 512K, 6% used [0x0000000787580000,0x0000000787588000,0x0000000787600000)
  to   space 512K, 0% used [0x0000000787600000,0x0000000787600000,0x0000000787680000)
 ParOldGen       total 171008K, used 5293K [0x00000006c7200000, 0x00000006d1900000, 0x000000076d100000)
  object space 171008K, 3% used [0x00000006c7200000,0x00000006c772b4f8,0x00000006d1900000)
 Metaspace       used 17711K, capacity 17930K, committed 18048K, reserved 1064960K
  class space    used 1576K, capacity 1662K, committed 1664K, reserved 1048576K
}
Event: 264.393 GC heap before
{Heap before GC invocations=1006 (full 0):
 PSYoungGen      total 60928K, used 60448K [0x000000076d100000, 0x0000000787680000, 0x00000007c0000000)
  eden space 60416K, 100% used [0x000000076d100000,0x0000000770c00000,0x0000000770c00000)
  from space 512K, 6% used [0x0000000787580000,0x0000000787588000,0x0000000787600000)
  to   space 512K, 0% used [0x0000000787600000,0x0000000787600000,0x0000000787680000)
 ParOldGen       total 171008K, used 5293K [0x00000006c7200000, 0x00000006d1900000, 0x000000076d100000)
  object space 171008K, 3% used [0x00000006c7200000,0x00000006c772b4f8,0x00000006d1900000)
 Metaspace       used 17711K, capacity 17930K, committed 18048K, reserved 1064960K
  class space    used 1576K, capacity 1662K, committed 1664K, reserved 1048576K
Event: 264.398 GC heap after
Heap after GC invocations=1006 (full 0):
 PSYoungGen      total 59904K, used 32K [0x000000076d100000, 0x0000000787680000, 0x00000007c0000000)
  eden space 59392K, 0% used [0x000000076d100000,0x000000076d100000,0x0000000770b00000)
  from space 512K, 6% used [0x0000000787600000,0x0000000787608000,0x0000000787680000)
  to   space 512K, 0% used [0x0000000787580000,0x0000000787580000,0x0000000787600000)
 ParOldGen       total 171008K, used 5293K [0x00000006c7200000, 0x00000006d1900000, 0x000000076d100000)
  object space 171008K, 3% used [0x00000006c7200000,0x00000006c772b4f8,0x00000006d1900000)
 Metaspace       used 17711K, capacity 17930K, committed 18048K, reserved 1064960K
  class space    used 1576K, capacity 1662K, committed 1664K, reserved 1048576K
}
Event: 264.727 GC heap before
{Heap before GC invocations=1007 (full 0):
 PSYoungGen      total 59904K, used 59424K [0x000000076d100000, 0x0000000787680000, 0x00000007c0000000)
  eden space 59392K, 100% used [0x000000076d100000,0x0000000770b00000,0x0000000770b00000)
  from space 512K, 6% used [0x0000000787600000,0x0000000787608000,0x0000000787680000)
  to   space 512K, 0% used [0x0000000787580000,0x0000000787580000,0x0000000787600000)
 ParOldGen       total 171008K, used 5293K [0x00000006c7200000, 0x00000006d1900000, 0x000000076d100000)
  object space 171008K, 3% used [0x00000006c7200000,0x00000006c772b4f8,0x00000006d1900000)
 Metaspace       used 17711K, capacity 17930K, committed 18048K, reserved 1064960K
  class space    used 1576K, capacity 1662K, committed 1664K, reserved 1048576K
Event: 264.728 GC heap after
Heap after GC invocations=1007 (full 0):
 PSYoungGen      total 58880K, used 32K [0x000000076d100000, 0x0000000787680000, 0x00000007c0000000)
  eden space 58368K, 0% used [0x000000076d100000,0x000000076d100000,0x0000000770a00000)
  from space 512K, 6% used [0x0000000787580000,0x0000000787588000,0x0000000787600000)
  to   space 512K, 0% used [0x0000000787600000,0x0000000787600000,0x0000000787680000)
 ParOldGen       total 171008K, used 5293K [0x00000006c7200000, 0x00000006d1900000, 0x000000076d100000)
  object space 171008K, 3% used [0x00000006c7200000,0x00000006c772b4f8,0x00000006d1900000)
 Metaspace       used 17711K, capacity 17930K, committed 18048K, reserved 1064960K
  class space    used 1576K, capacity 1662K, committed 1664K, reserved 1048576K
}

