# JRE version: Java(TM) SE Runtime Environment (8.0_51-b16) (build 1.8.0_51-b16)
# Java VM: Java HotSpot(TM) 64-Bit Server VM (25.51-b03 mixed mode linux-amd64 compressed oops)
Heap:
 PSYoungGen      total 31744K, used 30609K [0x000000076d100000, 0x000000076f100000, 0x00000007c0000000)
  eden space 31232K, 97% used [0x000000076d100000,0x000000076eedc590,0x000000076ef80000)
  from space 512K, 6% used [0x000000076f080000,0x000000076f088000,0x000000076f100000)
  to   space 512K, 0% used [0x000000076f000000,0x000000076f000000,0x000000076f080000)
 ParOldGen       total 171008K, used 10689K [0x00000006c7200000, 0x00000006d1900000, 0x000000076d100000)
  object space 171008K, 6% used [0x00000006c7200000,0x00000006c7c70650,0x00000006d1900000)
 Metaspace       used 17495K, capacity 17706K, committed 18048K, reserved 1064960K
  class space    used 1553K, capacity 1630K, committed 1664K, reserved 1048576K
GC Heap History (10 events):
Event: 658.668 GC heap before
{Heap before GC invocations=1542 (full 0):
 PSYoungGen      total 31744K, used 31264K [0x000000076d100000, 0x000000076f100000, 0x00000007c0000000)
  eden space 31232K, 100% used [0x000000076d100000,0x000000076ef80000,0x000000076ef80000)
  from space 512K, 6% used [0x000000076f000000,0x000000076f008000,0x000000076f080000)
  to   space 512K, 0% used [0x000000076f080000,0x000000076f080000,0x000000076f100000)
 ParOldGen       total 171008K, used 10689K [0x00000006c7200000, 0x00000006d1900000, 0x000000076d100000)
  object space 171008K, 6% used [0x00000006c7200000,0x00000006c7c70650,0x00000006d1900000)
 Metaspace       used 17494K, capacity 17706K, committed 18048K, reserved 1064960K
  class space    used 1553K, capacity 1630K, committed 1664K, reserved 1048576K
Event: 658.669 GC heap after
Heap after GC invocations=1542 (full 0):
 PSYoungGen      total 31744K, used 64K [0x000000076d100000, 0x000000076f100000, 0x00000007c0000000)
  eden space 31232K, 0% used [0x000000076d100000,0x000000076d100000,0x000000076ef80000)
  from space 512K, 12% used [0x000000076f080000,0x000000076f090000,0x000000076f100000)
  to   space 512K, 0% used [0x000000076f000000,0x000000076f000000,0x000000076f080000)
 ParOldGen       total 171008K, used 10689K [0x00000006c7200000, 0x00000006d1900000, 0x000000076d100000)
  object space 171008K, 6% used [0x00000006c7200000,0x00000006c7c70650,0x00000006d1900000)
 Metaspace       used 17494K, capacity 17706K, committed 18048K, reserved 1064960K
  class space    used 1553K, capacity 1630K, committed 1664K, reserved 1048576K
}
Event: 659.107 GC heap before
{Heap before GC invocations=1543 (full 0):
 PSYoungGen      total 31744K, used 31296K [0x000000076d100000, 0x000000076f100000, 0x00000007c0000000)
  eden space 31232K, 100% used [0x000000076d100000,0x000000076ef80000,0x000000076ef80000)
  from space 512K, 12% used [0x000000076f080000,0x000000076f090000,0x000000076f100000)
  to   space 512K, 0% used [0x000000076f000000,0x000000076f000000,0x000000076f080000)
 ParOldGen       total 171008K, used 10689K [0x00000006c7200000, 0x00000006d1900000, 0x000000076d100000)
  object space 171008K, 6% used [0x00000006c7200000,0x00000006c7c70650,0x00000006d1900000)
 Metaspace       used 17494K, capacity 17706K, committed 18048K, reserved 1064960K
  class space    used 1553K, capacity 1630K, committed 1664K, reserved 1048576K
Event: 659.109 GC heap after
Heap after GC invocations=1543 (full 0):
 PSYoungGen      total 31744K, used 32K [0x000000076d100000, 0x000000076f100000, 0x00000007c0000000)
  eden space 31232K, 0% used [0x000000076d100000,0x000000076d100000,0x000000076ef80000)
  from space 512K, 6% used [0x000000076f000000,0x000000076f008000,0x000000076f080000)
  to   space 512K, 0% used [0x000000076f080000,0x000000076f080000,0x000000076f100000)
 ParOldGen       total 171008K, used 10689K [0x00000006c7200000, 0x00000006d1900000, 0x000000076d100000)
  object space 171008K, 6% used [0x00000006c7200000,0x00000006c7c70650,0x00000006d1900000)
 Metaspace       used 17494K, capacity 17706K, committed 18048K, reserved 1064960K
  class space    used 1553K, capacity 1630K, committed 1664K, reserved 1048576K
}
Event: 659.548 GC heap before
{Heap before GC invocations=1544 (full 0):
 PSYoungGen      total 31744K, used 31260K [0x000000076d100000, 0x000000076f100000, 0x00000007c0000000)
  eden space 31232K, 99% used [0x000000076d100000,0x000000076ef7f1e8,0x000000076ef80000)
  from space 512K, 6% used [0x000000076f000000,0x000000076f008000,0x000000076f080000)
  to   space 512K, 0% used [0x000000076f080000,0x000000076f080000,0x000000076f100000)
 ParOldGen       total 171008K, used 10689K [0x00000006c7200000, 0x00000006d1900000, 0x000000076d100000)
  object space 171008K, 6% used [0x00000006c7200000,0x00000006c7c70650,0x00000006d1900000)
 Metaspace       used 17494K, capacity 17706K, committed 18048K, reserved 1064960K
  class space    used 1553K, capacity 1630K, committed 1664K, reserved 1048576K
Event: 659.551 GC heap after
Heap after GC invocations=1544 (full 0):
 PSYoungGen      total 31744K, used 32K [0x000000076d100000, 0x000000076f100000, 0x00000007c0000000)
  eden space 31232K, 0% used [0x000000076d100000,0x000000076d100000,0x000000076ef80000)
  from space 512K, 6% used [0x000000076f080000,0x000000076f088000,0x000000076f100000)
  to   space 512K, 0% used [0x000000076f000000,0x000000076f000000,0x000000076f080000)
 ParOldGen       total 171008K, used 10689K [0x00000006c7200000, 0x00000006d1900000, 0x000000076d100000)
  object space 171008K, 6% used [0x00000006c7200000,0x00000006c7c70650,0x00000006d1900000)
 Metaspace       used 17494K, capacity 17706K, committed 18048K, reserved 1064960K
  class space    used 1553K, capacity 1630K, committed 1664K, reserved 1048576K
}
Event: 660.041 GC heap before
{Heap before GC invocations=1545 (full 0):
 PSYoungGen      total 31744K, used 31264K [0x000000076d100000, 0x000000076f100000, 0x00000007c0000000)
  eden space 31232K, 100% used [0x000000076d100000,0x000000076ef80000,0x000000076ef80000)
  from space 512K, 6% used [0x000000076f080000,0x000000076f088000,0x000000076f100000)
  to   space 512K, 0% used [0x000000076f000000,0x000000076f000000,0x000000076f080000)
 ParOldGen       total 171008K, used 10689K [0x00000006c7200000, 0x00000006d1900000, 0x000000076d100000)
  object space 171008K, 6% used [0x00000006c7200000,0x00000006c7c70650,0x00000006d1900000)
 Metaspace       used 17494K, capacity 17706K, committed 18048K, reserved 1064960K
  class space    used 1553K, capacity 1630K, committed 1664K, reserved 1048576K
Event: 660.043 GC heap after
Heap after GC invocations=1545 (full 0):
 PSYoungGen      total 31744K, used 32K [0x000000076d100000, 0x000000076f100000, 0x00000007c0000000)
  eden space 31232K, 0% used [0x000000076d100000,0x000000076d100000,0x000000076ef80000)
  from space 512K, 6% used [0x000000076f000000,0x000000076f008000,0x000000076f080000)
  to   space 512K, 0% used [0x000000076f080000,0x000000076f080000,0x000000076f100000)
 ParOldGen       total 171008K, used 10689K [0x00000006c7200000, 0x00000006d1900000, 0x000000076d100000)
  object space 171008K, 6% used [0x00000006c7200000,0x00000006c7c70650,0x00000006d1900000)
 Metaspace       used 17494K, capacity 17706K, committed 18048K, reserved 1064960K
  class space    used 1553K, capacity 1630K, committed 1664K, reserved 1048576K
}
Event: 660.499 GC heap before
{Heap before GC invocations=1546 (full 0):
 PSYoungGen      total 31744K, used 31264K [0x000000076d100000, 0x000000076f100000, 0x00000007c0000000)
  eden space 31232K, 100% used [0x000000076d100000,0x000000076ef80000,0x000000076ef80000)
  from space 512K, 6% used [0x000000076f000000,0x000000076f008000,0x000000076f080000)
  to   space 512K, 0% used [0x000000076f080000,0x000000076f080000,0x000000076f100000)
 ParOldGen       total 171008K, used 10689K [0x00000006c7200000, 0x00000006d1900000, 0x000000076d100000)
  object space 171008K, 6% used [0x00000006c7200000,0x00000006c7c70650,0x00000006d1900000)
 Metaspace       used 17494K, capacity 17706K, committed 18048K, reserved 1064960K
  class space    used 1553K, capacity 1630K, committed 1664K, reserved 1048576K
Event: 660.500 GC heap after
Heap after GC invocations=1546 (full 0):
 PSYoungGen      total 31744K, used 32K [0x000000076d100000, 0x000000076f100000, 0x00000007c0000000)
  eden space 31232K, 0% used [0x000000076d100000,0x000000076d100000,0x000000076ef80000)
  from space 512K, 6% used [0x000000076f080000,0x000000076f088000,0x000000076f100000)
  to   space 512K, 0% used [0x000000076f000000,0x000000076f000000,0x000000076f080000)
 ParOldGen       total 171008K, used 10689K [0x00000006c7200000, 0x00000006d1900000, 0x000000076d100000)
  object space 171008K, 6% used [0x00000006c7200000,0x00000006c7c70650,0x00000006d1900000)
 Metaspace       used 17494K, capacity 17706K, committed 18048K, reserved 1064960K
  class space    used 1553K, capacity 1630K, committed 1664K, reserved 1048576K
}

