# JRE version: Java(TM) SE Runtime Environment (8.0_51-b16) (build 1.8.0_51-b16)
# Java VM: Java HotSpot(TM) 64-Bit Server VM (25.51-b03 mixed mode linux-amd64 compressed oops)
Heap:
 PSYoungGen      total 44032K, used 12287K [0x000000076d100000, 0x0000000787780000, 0x00000007c0000000)
  eden space 43520K, 28% used [0x000000076d100000,0x000000076dcefc98,0x000000076fb80000)
  from space 512K, 12% used [0x0000000787700000,0x0000000787710000,0x0000000787780000)
  to   space 512K, 0% used [0x0000000787680000,0x0000000787680000,0x0000000787700000)
 ParOldGen       total 171008K, used 5165K [0x00000006c7200000, 0x00000006d1900000, 0x000000076d100000)
  object space 171008K, 3% used [0x00000006c7200000,0x00000006c770b518,0x00000006d1900000)
 Metaspace       used 17674K, capacity 17930K, committed 18048K, reserved 1064960K
  class space    used 1570K, capacity 1662K, committed 1664K, reserved 1048576K
GC Heap History (10 events):
Event: 402.835 GC heap before
{Heap before GC invocations=1230 (full 0):
 PSYoungGen      total 46592K, used 46144K [0x000000076d100000, 0x0000000787780000, 0x00000007c0000000)
  eden space 46080K, 100% used [0x000000076d100000,0x000000076fe00000,0x000000076fe00000)
  from space 512K, 12% used [0x0000000787680000,0x0000000787690000,0x0000000787700000)
  to   space 512K, 0% used [0x0000000787700000,0x0000000787700000,0x0000000787780000)
 ParOldGen       total 171008K, used 5165K [0x00000006c7200000, 0x00000006d1900000, 0x000000076d100000)
  object space 171008K, 3% used [0x00000006c7200000,0x00000006c770b518,0x00000006d1900000)
 Metaspace       used 17673K, capacity 17930K, committed 18048K, reserved 1064960K
  class space    used 1570K, capacity 1662K, committed 1664K, reserved 1048576K
Event: 402.835 GC heap after
Heap after GC invocations=1230 (full 0):
 PSYoungGen      total 46080K, used 96K [0x000000076d100000, 0x0000000787780000, 0x00000007c0000000)
  eden space 45568K, 0% used [0x000000076d100000,0x000000076d100000,0x000000076fd80000)
  from space 512K, 18% used [0x0000000787700000,0x0000000787718000,0x0000000787780000)
  to   space 512K, 0% used [0x0000000787680000,0x0000000787680000,0x0000000787700000)
 ParOldGen       total 171008K, used 5165K [0x00000006c7200000, 0x00000006d1900000, 0x000000076d100000)
  object space 171008K, 3% used [0x00000006c7200000,0x00000006c770b518,0x00000006d1900000)
 Metaspace       used 17673K, capacity 17930K, committed 18048K, reserved 1064960K
  class space    used 1570K, capacity 1662K, committed 1664K, reserved 1048576K
}
Event: 403.101 GC heap before
{Heap before GC invocations=1231 (full 0):
 PSYoungGen      total 46080K, used 45664K [0x000000076d100000, 0x0000000787780000, 0x00000007c0000000)
  eden space 45568K, 100% used [0x000000076d100000,0x000000076fd80000,0x000000076fd80000)
  from space 512K, 18% used [0x0000000787700000,0x0000000787718000,0x0000000787780000)
  to   space 512K, 0% used [0x0000000787680000,0x0000000787680000,0x0000000787700000)
 ParOldGen       total 171008K, used 5165K [0x00000006c7200000, 0x00000006d1900000, 0x000000076d100000)
  object space 171008K, 3% used [0x00000006c7200000,0x00000006c770b518,0x00000006d1900000)
 Metaspace       used 17673K, capacity 17930K, committed 18048K, reserved 1064960K
  class space    used 1570K, capacity 1662K, committed 1664K, reserved 1048576K
Event: 403.103 GC heap after
Heap after GC invocations=1231 (full 0):
 PSYoungGen      total 45568K, used 96K [0x000000076d100000, 0x0000000787780000, 0x00000007c0000000)
  eden space 45056K, 0% used [0x000000076d100000,0x000000076d100000,0x000000076fd00000)
  from space 512K, 18% used [0x0000000787680000,0x0000000787698000,0x0000000787700000)
  to   space 512K, 0% used [0x0000000787700000,0x0000000787700000,0x0000000787780000)
 ParOldGen       total 171008K, used 5165K [0x00000006c7200000, 0x00000006d1900000, 0x000000076d100000)
  object space 171008K, 3% used [0x00000006c7200000,0x00000006c770b518,0x00000006d1900000)
 Metaspace       used 17673K, capacity 17930K, committed 18048K, reserved 1064960K
  class space    used 1570K, capacity 1662K, committed 1664K, reserved 1048576K
}
Event: 403.366 GC heap before
{Heap before GC invocations=1232 (full 0):
 PSYoungGen      total 45568K, used 45152K [0x000000076d100000, 0x0000000787780000, 0x00000007c0000000)
  eden space 45056K, 100% used [0x000000076d100000,0x000000076fd00000,0x000000076fd00000)
  from space 512K, 18% used [0x0000000787680000,0x0000000787698000,0x0000000787700000)
  to   space 512K, 0% used [0x0000000787700000,0x0000000787700000,0x0000000787780000)
 ParOldGen       total 171008K, used 5165K [0x00000006c7200000, 0x00000006d1900000, 0x000000076d100000)
  object space 171008K, 3% used [0x00000006c7200000,0x00000006c770b518,0x00000006d1900000)
 Metaspace       used 17673K, capacity 17930K, committed 18048K, reserved 1064960K
  class space    used 1570K, capacity 1662K, committed 1664K, reserved 1048576K
Event: 403.367 GC heap after
Heap after GC invocations=1232 (full 0):
 PSYoungGen      total 45056K, used 96K [0x000000076d100000, 0x0000000787780000, 0x00000007c0000000)
  eden space 44544K, 0% used [0x000000076d100000,0x000000076d100000,0x000000076fc80000)
  from space 512K, 18% used [0x0000000787700000,0x0000000787718000,0x0000000787780000)
  to   space 512K, 0% used [0x0000000787680000,0x0000000787680000,0x0000000787700000)
 ParOldGen       total 171008K, used 5165K [0x00000006c7200000, 0x00000006d1900000, 0x000000076d100000)
  object space 171008K, 3% used [0x00000006c7200000,0x00000006c770b518,0x00000006d1900000)
 Metaspace       used 17673K, capacity 17930K, committed 18048K, reserved 1064960K
  class space    used 1570K, capacity 1662K, committed 1664K, reserved 1048576K
}
Event: 403.616 GC heap before
{Heap before GC invocations=1233 (full 0):
 PSYoungGen      total 45056K, used 44640K [0x000000076d100000, 0x0000000787780000, 0x00000007c0000000)
  eden space 44544K, 100% used [0x000000076d100000,0x000000076fc80000,0x000000076fc80000)
  from space 512K, 18% used [0x0000000787700000,0x0000000787718000,0x0000000787780000)
  to   space 512K, 0% used [0x0000000787680000,0x0000000787680000,0x0000000787700000)
 ParOldGen       total 171008K, used 5165K [0x00000006c7200000, 0x00000006d1900000, 0x000000076d100000)
  object space 171008K, 3% used [0x00000006c7200000,0x00000006c770b518,0x00000006d1900000)
 Metaspace       used 17673K, capacity 17930K, committed 18048K, reserved 1064960K
  class space    used 1570K, capacity 1662K, committed 1664K, reserved 1048576K
Event: 403.618 GC heap after
Heap after GC invocations=1233 (full 0):
 PSYoungGen      total 44544K, used 64K [0x000000076d100000, 0x0000000787780000, 0x00000007c0000000)
  eden space 44032K, 0% used [0x000000076d100000,0x000000076d100000,0x000000076fc00000)
  from space 512K, 12% used [0x0000000787680000,0x0000000787690000,0x0000000787700000)
  to   space 512K, 0% used [0x0000000787700000,0x0000000787700000,0x0000000787780000)
 ParOldGen       total 171008K, used 5165K [0x00000006c7200000, 0x00000006d1900000, 0x000000076d100000)
  object space 171008K, 3% used [0x00000006c7200000,0x00000006c770b518,0x00000006d1900000)
 Metaspace       used 17673K, capacity 17930K, committed 18048K, reserved 1064960K
  class space    used 1570K, capacity 1662K, committed 1664K, reserved 1048576K
}
Event: 403.868 GC heap before
{Heap before GC invocations=1234 (full 0):
 PSYoungGen      total 44544K, used 44096K [0x000000076d100000, 0x0000000787780000, 0x00000007c0000000)
  eden space 44032K, 100% used [0x000000076d100000,0x000000076fc00000,0x000000076fc00000)
  from space 512K, 12% used [0x0000000787680000,0x0000000787690000,0x0000000787700000)
  to   space 512K, 0% used [0x0000000787700000,0x0000000787700000,0x0000000787780000)
 ParOldGen       total 171008K, used 5165K [0x00000006c7200000, 0x00000006d1900000, 0x000000076d100000)
  object space 171008K, 3% used [0x00000006c7200000,0x00000006c770b518,0x00000006d1900000)
 Metaspace       used 17673K, capacity 17930K, committed 18048K, reserved 1064960K
  class space    used 1570K, capacity 1662K, committed 1664K, reserved 1048576K
Event: 403.868 GC heap after
Heap after GC invocations=1234 (full 0):
 PSYoungGen      total 44032K, used 64K [0x000000076d100000, 0x0000000787780000, 0x00000007c0000000)
  eden space 43520K, 0% used [0x000000076d100000,0x000000076d100000,0x000000076fb80000)
  from space 512K, 12% used [0x0000000787700000,0x0000000787710000,0x0000000787780000)
  to   space 512K, 0% used [0x0000000787680000,0x0000000787680000,0x0000000787700000)
 ParOldGen       total 171008K, used 5165K [0x00000006c7200000, 0x00000006d1900000, 0x000000076d100000)
  object space 171008K, 3% used [0x00000006c7200000,0x00000006c770b518,0x00000006d1900000)
 Metaspace       used 17673K, capacity 17930K, committed 18048K, reserved 1064960K
  class space    used 1570K, capacity 1662K, committed 1664K, reserved 1048576K
}

