# JRE version: Java(TM) SE Runtime Environment (8.0_51-b16) (build 1.8.0_51-b16)
# Java VM: Java HotSpot(TM) 64-Bit Server VM (25.51-b03 mixed mode linux-amd64 compressed oops)
Heap:
 PSYoungGen      total 143360K, used 18773K [0x000000076d100000, 0x0000000786d80000, 0x00000007c0000000)
  eden space 133632K, 13% used [0x000000076d100000,0x000000076e33d4b8,0x0000000775380000)
  from space 9728K, 0% used [0x0000000785a80000,0x0000000785a98000,0x0000000786400000)
  to   space 9216K, 0% used [0x0000000786480000,0x0000000786480000,0x0000000786d80000)
 ParOldGen       total 171008K, used 12467K [0x00000006c7200000, 0x00000006d1900000, 0x000000076d100000)
  object space 171008K, 7% used [0x00000006c7200000,0x00000006c7e2ce50,0x00000006d1900000)
 Metaspace       used 17390K, capacity 17642K, committed 17792K, reserved 1064960K
  class space    used 1551K, capacity 1630K, committed 1664K, reserved 1048576K
GC Heap History (10 events):
Event: 32.518 GC heap before
{Heap before GC invocations=21 (full 0):
 PSYoungGen      total 158720K, used 158272K [0x000000076d100000, 0x0000000788200000, 0x00000007c0000000)
  eden space 158208K, 100% used [0x000000076d100000,0x0000000776b80000,0x0000000776b80000)
  from space 512K, 12% used [0x0000000788180000,0x0000000788190000,0x0000000788200000)
  to   space 12288K, 0% used [0x0000000786a00000,0x0000000786a00000,0x0000000787600000)
 ParOldGen       total 171008K, used 12443K [0x00000006c7200000, 0x00000006d1900000, 0x000000076d100000)
  object space 171008K, 7% used [0x00000006c7200000,0x00000006c7e26e50,0x00000006d1900000)
 Metaspace       used 17388K, capacity 17642K, committed 17792K, reserved 1064960K
  class space    used 1551K, capacity 1630K, committed 1664K, reserved 1048576K
Event: 32.519 GC heap after
Heap after GC invocations=21 (full 0):
 PSYoungGen      total 165376K, used 64K [0x000000076d100000, 0x0000000788200000, 0x00000007c0000000)
  eden space 153088K, 0% used [0x000000076d100000,0x000000076d100000,0x0000000776680000)
  from space 12288K, 0% used [0x0000000786a00000,0x0000000786a10000,0x0000000787600000)
  to   space 11776K, 0% used [0x0000000787680000,0x0000000787680000,0x0000000788200000)
 ParOldGen       total 171008K, used 12459K [0x00000006c7200000, 0x00000006d1900000, 0x000000076d100000)
  object space 171008K, 7% used [0x00000006c7200000,0x00000006c7e2ae50,0x00000006d1900000)
 Metaspace       used 17388K, capacity 17642K, committed 17792K, reserved 1064960K
  class space    used 1551K, capacity 1630K, committed 1664K, reserved 1048576K
}
Event: 33.906 GC heap before
{Heap before GC invocations=22 (full 0):
 PSYoungGen      total 165376K, used 153152K [0x000000076d100000, 0x0000000788200000, 0x00000007c0000000)
  eden space 153088K, 100% used [0x000000076d100000,0x0000000776680000,0x0000000776680000)
  from space 12288K, 0% used [0x0000000786a00000,0x0000000786a10000,0x0000000787600000)
  to   space 11776K, 0% used [0x0000000787680000,0x0000000787680000,0x0000000788200000)
 ParOldGen       total 171008K, used 12459K [0x00000006c7200000, 0x00000006d1900000, 0x000000076d100000)
  object space 171008K, 7% used [0x00000006c7200000,0x00000006c7e2ae50,0x00000006d1900000)
 Metaspace       used 17388K, capacity 17642K, committed 17792K, reserved 1064960K
  class space    used 1551K, capacity 1630K, committed 1664K, reserved 1048576K
Event: 33.908 GC heap after
Heap after GC invocations=22 (full 0):
 PSYoungGen      total 148480K, used 128K [0x000000076d100000, 0x0000000787700000, 0x00000007c0000000)
  eden space 147968K, 0% used [0x000000076d100000,0x000000076d100000,0x0000000776180000)
  from space 512K, 25% used [0x0000000787680000,0x00000007876a0000,0x0000000787700000)
  to   space 11264K, 0% used [0x0000000786100000,0x0000000786100000,0x0000000786c00000)
 ParOldGen       total 171008K, used 12459K [0x00000006c7200000, 0x00000006d1900000, 0x000000076d100000)
  object space 171008K, 7% used [0x00000006c7200000,0x00000006c7e2ae50,0x00000006d1900000)
 Metaspace       used 17388K, capacity 17642K, committed 17792K, reserved 1064960K
  class space    used 1551K, capacity 1630K, committed 1664K, reserved 1048576K
}
Event: 35.148 GC heap before
{Heap before GC invocations=23 (full 0):
 PSYoungGen      total 148480K, used 148096K [0x000000076d100000, 0x0000000787700000, 0x00000007c0000000)
  eden space 147968K, 100% used [0x000000076d100000,0x0000000776180000,0x0000000776180000)
  from space 512K, 25% used [0x0000000787680000,0x00000007876a0000,0x0000000787700000)
  to   space 11264K, 0% used [0x0000000786100000,0x0000000786100000,0x0000000786c00000)
 ParOldGen       total 171008K, used 12459K [0x00000006c7200000, 0x00000006d1900000, 0x000000076d100000)
  object space 171008K, 7% used [0x00000006c7200000,0x00000006c7e2ae50,0x00000006d1900000)
 Metaspace       used 17388K, capacity 17642K, committed 17792K, reserved 1064960K
  class space    used 1551K, capacity 1630K, committed 1664K, reserved 1048576K
Event: 35.150 GC heap after
Heap after GC invocations=23 (full 0):
 PSYoungGen      total 154112K, used 96K [0x000000076d100000, 0x0000000787700000, 0x00000007c0000000)
  eden space 142848K, 0% used [0x000000076d100000,0x000000076d100000,0x0000000775c80000)
  from space 11264K, 0% used [0x0000000786100000,0x0000000786118000,0x0000000786c00000)
  to   space 10240K, 0% used [0x0000000786d00000,0x0000000786d00000,0x0000000787700000)
 ParOldGen       total 171008K, used 12459K [0x00000006c7200000, 0x00000006d1900000, 0x000000076d100000)
  object space 171008K, 7% used [0x00000006c7200000,0x00000006c7e2ae50,0x00000006d1900000)
 Metaspace       used 17388K, capacity 17642K, committed 17792K, reserved 1064960K
  class space    used 1551K, capacity 1630K, committed 1664K, reserved 1048576K
}
Event: 36.242 GC heap before
{Heap before GC invocations=24 (full 0):
 PSYoungGen      total 154112K, used 142944K [0x000000076d100000, 0x0000000787700000, 0x00000007c0000000)
  eden space 142848K, 100% used [0x000000076d100000,0x0000000775c80000,0x0000000775c80000)
  from space 11264K, 0% used [0x0000000786100000,0x0000000786118000,0x0000000786c00000)
  to   space 10240K, 0% used [0x0000000786d00000,0x0000000786d00000,0x0000000787700000)
 ParOldGen       total 171008K, used 12459K [0x00000006c7200000, 0x00000006d1900000, 0x000000076d100000)
  object space 171008K, 7% used [0x00000006c7200000,0x00000006c7e2ae50,0x00000006d1900000)
 Metaspace       used 17388K, capacity 17642K, committed 17792K, reserved 1064960K
  class space    used 1551K, capacity 1630K, committed 1664K, reserved 1048576K
Event: 36.244 GC heap after
Heap after GC invocations=24 (full 0):
 PSYoungGen      total 138752K, used 96K [0x000000076d100000, 0x0000000786d80000, 0x00000007c0000000)
  eden space 138240K, 0% used [0x000000076d100000,0x000000076d100000,0x0000000775800000)
  from space 512K, 18% used [0x0000000786d00000,0x0000000786d18000,0x0000000786d80000)
  to   space 9728K, 0% used [0x0000000785a80000,0x0000000785a80000,0x0000000786400000)
 ParOldGen       total 171008K, used 12459K [0x00000006c7200000, 0x00000006d1900000, 0x000000076d100000)
  object space 171008K, 7% used [0x00000006c7200000,0x00000006c7e2ae50,0x00000006d1900000)
 Metaspace       used 17388K, capacity 17642K, committed 17792K, reserved 1064960K
  class space    used 1551K, capacity 1630K, committed 1664K, reserved 1048576K
}
Event: 37.284 GC heap before
{Heap before GC invocations=25 (full 0):
 PSYoungGen      total 138752K, used 138336K [0x000000076d100000, 0x0000000786d80000, 0x00000007c0000000)
  eden space 138240K, 100% used [0x000000076d100000,0x0000000775800000,0x0000000775800000)
  from space 512K, 18% used [0x0000000786d00000,0x0000000786d18000,0x0000000786d80000)
  to   space 9728K, 0% used [0x0000000785a80000,0x0000000785a80000,0x0000000786400000)
 ParOldGen       total 171008K, used 12459K [0x00000006c7200000, 0x00000006d1900000, 0x000000076d100000)
  object space 171008K, 7% used [0x00000006c7200000,0x00000006c7e2ae50,0x00000006d1900000)
 Metaspace       used 17389K, capacity 17642K, committed 17792K, reserved 1064960K
  class space    used 1551K, capacity 1630K, committed 1664K, reserved 1048576K
Event: 37.285 GC heap after
Heap after GC invocations=25 (full 0):
 PSYoungGen      total 143360K, used 96K [0x000000076d100000, 0x0000000786d80000, 0x00000007c0000000)
  eden space 133632K, 0% used [0x000000076d100000,0x000000076d100000,0x0000000775380000)
  from space 9728K, 0% used [0x0000000785a80000,0x0000000785a98000,0x0000000786400000)
  to   space 9216K, 0% used [0x0000000786480000,0x0000000786480000,0x0000000786d80000)
 ParOldGen       total 171008K, used 12467K [0x00000006c7200000, 0x00000006d1900000, 0x000000076d100000)
  object space 171008K, 7% used [0x00000006c7200000,0x00000006c7e2ce50,0x00000006d1900000)
 Metaspace       used 17389K, capacity 17642K, committed 17792K, reserved 1064960K
  class space    used 1551K, capacity 1630K, committed 1664K, reserved 1048576K
}

