# JRE version: Java(TM) SE Runtime Environment (8.0_51-b16) (build 1.8.0_51-b16)
# Java VM: Java HotSpot(TM) 64-Bit Server VM (25.51-b03 mixed mode linux-amd64 compressed oops)
Heap:
 PSYoungGen      total 56832K, used 7917K [0x000000076d100000, 0x0000000787700000, 0x00000007c0000000)
  eden space 56320K, 14% used [0x000000076d100000,0x000000076d8b35f8,0x0000000770800000)
  from space 512K, 6% used [0x0000000787600000,0x0000000787608000,0x0000000787680000)
  to   space 512K, 0% used [0x0000000787680000,0x0000000787680000,0x0000000787700000)
 ParOldGen       total 171008K, used 5175K [0x00000006c7200000, 0x00000006d1900000, 0x000000076d100000)
  object space 171008K, 3% used [0x00000006c7200000,0x00000006c770de50,0x00000006d1900000)
 Metaspace       used 17682K, capacity 17930K, committed 18048K, reserved 1064960K
  class space    used 1574K, capacity 1662K, committed 1664K, reserved 1048576K
GC Heap History (10 events):
Event: 117.795 GC heap before
{Heap before GC invocations=251 (full 0):
 PSYoungGen      total 61952K, used 61472K [0x000000076d100000, 0x0000000787700000, 0x00000007c0000000)
  eden space 61440K, 100% used [0x000000076d100000,0x0000000770d00000,0x0000000770d00000)
  from space 512K, 6% used [0x0000000787680000,0x0000000787688000,0x0000000787700000)
  to   space 512K, 0% used [0x0000000787600000,0x0000000787600000,0x0000000787680000)
 ParOldGen       total 171008K, used 5159K [0x00000006c7200000, 0x00000006d1900000, 0x000000076d100000)
  object space 171008K, 3% used [0x00000006c7200000,0x00000006c7709e50,0x00000006d1900000)
 Metaspace       used 17651K, capacity 17866K, committed 18048K, reserved 1064960K
  class space    used 1574K, capacity 1662K, committed 1664K, reserved 1048576K
Event: 117.798 GC heap after
Heap after GC invocations=251 (full 0):
 PSYoungGen      total 60928K, used 32K [0x000000076d100000, 0x0000000787700000, 0x00000007c0000000)
  eden space 60416K, 0% used [0x000000076d100000,0x000000076d100000,0x0000000770c00000)
  from space 512K, 6% used [0x0000000787600000,0x0000000787608000,0x0000000787680000)
  to   space 512K, 0% used [0x0000000787680000,0x0000000787680000,0x0000000787700000)
 ParOldGen       total 171008K, used 5159K [0x00000006c7200000, 0x00000006d1900000, 0x000000076d100000)
  object space 171008K, 3% used [0x00000006c7200000,0x00000006c7709e50,0x00000006d1900000)
 Metaspace       used 17651K, capacity 17866K, committed 18048K, reserved 1064960K
  class space    used 1574K, capacity 1662K, committed 1664K, reserved 1048576K
}
Event: 118.134 GC heap before
{Heap before GC invocations=252 (full 0):
 PSYoungGen      total 60928K, used 60448K [0x000000076d100000, 0x0000000787700000, 0x00000007c0000000)
  eden space 60416K, 100% used [0x000000076d100000,0x0000000770c00000,0x0000000770c00000)
  from space 512K, 6% used [0x0000000787600000,0x0000000787608000,0x0000000787680000)
  to   space 512K, 0% used [0x0000000787680000,0x0000000787680000,0x0000000787700000)
 ParOldGen       total 171008K, used 5159K [0x00000006c7200000, 0x00000006d1900000, 0x000000076d100000)
  object space 171008K, 3% used [0x00000006c7200000,0x00000006c7709e50,0x00000006d1900000)
 Metaspace       used 17651K, capacity 17866K, committed 18048K, reserved 1064960K
  class space    used 1574K, capacity 1662K, committed 1664K, reserved 1048576K
Event: 118.136 GC heap after
Heap after GC invocations=252 (full 0):
 PSYoungGen      total 59904K, used 32K [0x000000076d100000, 0x0000000787700000, 0x00000007c0000000)
  eden space 59392K, 0% used [0x000000076d100000,0x000000076d100000,0x0000000770b00000)
  from space 512K, 6% used [0x0000000787680000,0x0000000787688000,0x0000000787700000)
  to   space 512K, 0% used [0x0000000787600000,0x0000000787600000,0x0000000787680000)
 ParOldGen       total 171008K, used 5159K [0x00000006c7200000, 0x00000006d1900000, 0x000000076d100000)
  object space 171008K, 3% used [0x00000006c7200000,0x00000006c7709e50,0x00000006d1900000)
 Metaspace       used 17651K, capacity 17866K, committed 18048K, reserved 1064960K
  class space    used 1574K, capacity 1662K, committed 1664K, reserved 1048576K
}
Event: 118.467 GC heap before
{Heap before GC invocations=253 (full 0):
 PSYoungGen      total 59904K, used 59424K [0x000000076d100000, 0x0000000787700000, 0x00000007c0000000)
  eden space 59392K, 100% used [0x000000076d100000,0x0000000770b00000,0x0000000770b00000)
  from space 512K, 6% used [0x0000000787680000,0x0000000787688000,0x0000000787700000)
  to   space 512K, 0% used [0x0000000787600000,0x0000000787600000,0x0000000787680000)
 ParOldGen       total 171008K, used 5159K [0x00000006c7200000, 0x00000006d1900000, 0x000000076d100000)
  object space 171008K, 3% used [0x00000006c7200000,0x00000006c7709e50,0x00000006d1900000)
 Metaspace       used 17651K, capacity 17866K, committed 18048K, reserved 1064960K
  class space    used 1574K, capacity 1662K, committed 1664K, reserved 1048576K
Event: 118.469 GC heap after
Heap after GC invocations=253 (full 0):
 PSYoungGen      total 58880K, used 32K [0x000000076d100000, 0x0000000787700000, 0x00000007c0000000)
  eden space 58368K, 0% used [0x000000076d100000,0x000000076d100000,0x0000000770a00000)
  from space 512K, 6% used [0x0000000787600000,0x0000000787608000,0x0000000787680000)
  to   space 512K, 0% used [0x0000000787680000,0x0000000787680000,0x0000000787700000)
 ParOldGen       total 171008K, used 5159K [0x00000006c7200000, 0x00000006d1900000, 0x000000076d100000)
  object space 171008K, 3% used [0x00000006c7200000,0x00000006c7709e50,0x00000006d1900000)
 Metaspace       used 17651K, capacity 17866K, committed 18048K, reserved 1064960K
  class space    used 1574K, capacity 1662K, committed 1664K, reserved 1048576K
}
Event: 118.817 GC heap before
{Heap before GC invocations=254 (full 0):
 PSYoungGen      total 58880K, used 58400K [0x000000076d100000, 0x0000000787700000, 0x00000007c0000000)
  eden space 58368K, 100% used [0x000000076d100000,0x0000000770a00000,0x0000000770a00000)
  from space 512K, 6% used [0x0000000787600000,0x0000000787608000,0x0000000787680000)
  to   space 512K, 0% used [0x0000000787680000,0x0000000787680000,0x0000000787700000)
 ParOldGen       total 171008K, used 5159K [0x00000006c7200000, 0x00000006d1900000, 0x000000076d100000)
  object space 171008K, 3% used [0x00000006c7200000,0x00000006c7709e50,0x00000006d1900000)
 Metaspace       used 17674K, capacity 17866K, committed 18048K, reserved 1064960K
  class space    used 1574K, capacity 1662K, committed 1664K, reserved 1048576K
Event: 118.818 GC heap after
Heap after GC invocations=254 (full 0):
 PSYoungGen      total 57856K, used 32K [0x000000076d100000, 0x0000000787700000, 0x00000007c0000000)
  eden space 57344K, 0% used [0x000000076d100000,0x000000076d100000,0x0000000770900000)
  from space 512K, 6% used [0x0000000787680000,0x0000000787688000,0x0000000787700000)
  to   space 512K, 0% used [0x0000000787600000,0x0000000787600000,0x0000000787680000)
 ParOldGen       total 171008K, used 5167K [0x00000006c7200000, 0x00000006d1900000, 0x000000076d100000)
  object space 171008K, 3% used [0x00000006c7200000,0x00000006c770be50,0x00000006d1900000)
 Metaspace       used 17674K, capacity 17866K, committed 18048K, reserved 1064960K
  class space    used 1574K, capacity 1662K, committed 1664K, reserved 1048576K
}
Event: 119.148 GC heap before
{Heap before GC invocations=255 (full 0):
 PSYoungGen      total 57856K, used 57376K [0x000000076d100000, 0x0000000787700000, 0x00000007c0000000)
  eden space 57344K, 100% used [0x000000076d100000,0x0000000770900000,0x0000000770900000)
  from space 512K, 6% used [0x0000000787680000,0x0000000787688000,0x0000000787700000)
  to   space 512K, 0% used [0x0000000787600000,0x0000000787600000,0x0000000787680000)
 ParOldGen       total 171008K, used 5167K [0x00000006c7200000, 0x00000006d1900000, 0x000000076d100000)
  object space 171008K, 3% used [0x00000006c7200000,0x00000006c770be50,0x00000006d1900000)
 Metaspace       used 17681K, capacity 17930K, committed 18048K, reserved 1064960K
  class space    used 1574K, capacity 1662K, committed 1664K, reserved 1048576K
Event: 119.150 GC heap after
Heap after GC invocations=255 (full 0):
 PSYoungGen      total 56832K, used 32K [0x000000076d100000, 0x0000000787700000, 0x00000007c0000000)
  eden space 56320K, 0% used [0x000000076d100000,0x000000076d100000,0x0000000770800000)
  from space 512K, 6% used [0x0000000787600000,0x0000000787608000,0x0000000787680000)
  to   space 512K, 0% used [0x0000000787680000,0x0000000787680000,0x0000000787700000)
 ParOldGen       total 171008K, used 5175K [0x00000006c7200000, 0x00000006d1900000, 0x000000076d100000)
  object space 171008K, 3% used [0x00000006c7200000,0x00000006c770de50,0x00000006d1900000)
 Metaspace       used 17681K, capacity 17930K, committed 18048K, reserved 1064960K
  class space    used 1574K, capacity 1662K, committed 1664K, reserved 1048576K
}

