# JRE version: Java(TM) SE Runtime Environment (8.0_51-b16) (build 1.8.0_51-b16)
# Java VM: Java HotSpot(TM) 64-Bit Server VM (25.51-b03 mixed mode linux-amd64 compressed oops)
Heap:
 PSYoungGen      total 138752K, used 35893K [0x000000076d100000, 0x0000000789480000, 0x00000007c0000000)
  eden space 138240K, 25% used [0x000000076d100000,0x000000076f3fd470,0x0000000775800000)
  from space 512K, 12% used [0x0000000789400000,0x0000000789410000,0x0000000789480000)
  to   space 5632K, 0% used [0x0000000788980000,0x0000000788980000,0x0000000788f00000)
 ParOldGen       total 171008K, used 4900K [0x00000006c7200000, 0x00000006d1900000, 0x000000076d100000)
  object space 171008K, 2% used [0x00000006c7200000,0x00000006c76c92b0,0x00000006d1900000)
 Metaspace       used 17632K, capacity 17874K, committed 18048K, reserved 1064960K
  class space    used 1573K, capacity 1662K, committed 1664K, reserved 1048576K
GC Heap History (10 events):
Event: 22.295 GC heap before
{Heap before GC invocations=20 (full 0):
 PSYoungGen      total 172032K, used 163936K [0x000000076d100000, 0x000000078a700000, 0x00000007c0000000)
  eden space 163840K, 100% used [0x000000076d100000,0x0000000777100000,0x0000000777100000)
  from space 8192K, 1% used [0x0000000789700000,0x0000000789718000,0x0000000789f00000)
  to   space 7680K, 0% used [0x0000000789f80000,0x0000000789f80000,0x000000078a700000)
 ParOldGen       total 171008K, used 4900K [0x00000006c7200000, 0x00000006d1900000, 0x000000076d100000)
  object space 171008K, 2% used [0x00000006c7200000,0x00000006c76c92b0,0x00000006d1900000)
 Metaspace       used 17631K, capacity 17874K, committed 18048K, reserved 1064960K
  class space    used 1573K, capacity 1662K, committed 1664K, reserved 1048576K
Event: 22.296 GC heap after
Heap after GC invocations=20 (full 0):
 PSYoungGen      total 158720K, used 64K [0x000000076d100000, 0x000000078a000000, 0x00000007c0000000)
  eden space 158208K, 0% used [0x000000076d100000,0x000000076d100000,0x0000000776b80000)
  from space 512K, 12% used [0x0000000789f80000,0x0000000789f90000,0x000000078a000000)
  to   space 7168K, 0% used [0x0000000789200000,0x0000000789200000,0x0000000789900000)
 ParOldGen       total 171008K, used 4900K [0x00000006c7200000, 0x00000006d1900000, 0x000000076d100000)
  object space 171008K, 2% used [0x00000006c7200000,0x00000006c76c92b0,0x00000006d1900000)
 Metaspace       used 17631K, capacity 17874K, committed 18048K, reserved 1064960K
  class space    used 1573K, capacity 1662K, committed 1664K, reserved 1048576K
}
Event: 23.183 GC heap before
{Heap before GC invocations=21 (full 0):
 PSYoungGen      total 158720K, used 158272K [0x000000076d100000, 0x000000078a000000, 0x00000007c0000000)
  eden space 158208K, 100% used [0x000000076d100000,0x0000000776b80000,0x0000000776b80000)
  from space 512K, 12% used [0x0000000789f80000,0x0000000789f90000,0x000000078a000000)
  to   space 7168K, 0% used [0x0000000789200000,0x0000000789200000,0x0000000789900000)
 ParOldGen       total 171008K, used 4900K [0x00000006c7200000, 0x00000006d1900000, 0x000000076d100000)
  object space 171008K, 2% used [0x00000006c7200000,0x00000006c76c92b0,0x00000006d1900000)
 Metaspace       used 17631K, capacity 17874K, committed 18048K, reserved 1064960K
  class space    used 1573K, capacity 1662K, committed 1664K, reserved 1048576K
Event: 23.186 GC heap after
Heap after GC invocations=21 (full 0):
 PSYoungGen      total 160256K, used 64K [0x000000076d100000, 0x000000078a000000, 0x00000007c0000000)
  eden space 153088K, 0% used [0x000000076d100000,0x000000076d100000,0x0000000776680000)
  from space 7168K, 0% used [0x0000000789200000,0x0000000789210000,0x0000000789900000)
  to   space 6656K, 0% used [0x0000000789980000,0x0000000789980000,0x000000078a000000)
 ParOldGen       total 171008K, used 4900K [0x00000006c7200000, 0x00000006d1900000, 0x000000076d100000)
  object space 171008K, 2% used [0x00000006c7200000,0x00000006c76c92b0,0x00000006d1900000)
 Metaspace       used 17631K, capacity 17874K, committed 18048K, reserved 1064960K
  class space    used 1573K, capacity 1662K, committed 1664K, reserved 1048576K
}
Event: 24.082 GC heap before
{Heap before GC invocations=22 (full 0):
 PSYoungGen      total 160256K, used 153152K [0x000000076d100000, 0x000000078a000000, 0x00000007c0000000)
  eden space 153088K, 100% used [0x000000076d100000,0x0000000776680000,0x0000000776680000)
  from space 7168K, 0% used [0x0000000789200000,0x0000000789210000,0x0000000789900000)
  to   space 6656K, 0% used [0x0000000789980000,0x0000000789980000,0x000000078a000000)
 ParOldGen       total 171008K, used 4900K [0x00000006c7200000, 0x00000006d1900000, 0x000000076d100000)
  object space 171008K, 2% used [0x00000006c7200000,0x00000006c76c92b0,0x00000006d1900000)
 Metaspace       used 17631K, capacity 17874K, committed 18048K, reserved 1064960K
  class space    used 1573K, capacity 1662K, committed 1664K, reserved 1048576K
Event: 24.083 GC heap after
Heap after GC invocations=22 (full 0):
 PSYoungGen      total 148480K, used 32K [0x000000076d100000, 0x0000000789a00000, 0x00000007c0000000)
  eden space 147968K, 0% used [0x000000076d100000,0x000000076d100000,0x0000000776180000)
  from space 512K, 6% used [0x0000000789980000,0x0000000789988000,0x0000000789a00000)
  to   space 6656K, 0% used [0x0000000788d00000,0x0000000788d00000,0x0000000789380000)
 ParOldGen       total 171008K, used 4900K [0x00000006c7200000, 0x00000006d1900000, 0x000000076d100000)
  object space 171008K, 2% used [0x00000006c7200000,0x00000006c76c92b0,0x00000006d1900000)
 Metaspace       used 17631K, capacity 17874K, committed 18048K, reserved 1064960K
  class space    used 1573K, capacity 1662K, committed 1664K, reserved 1048576K
}
Event: 24.899 GC heap before
{Heap before GC invocations=23 (full 0):
 PSYoungGen      total 148480K, used 148000K [0x000000076d100000, 0x0000000789a00000, 0x00000007c0000000)
  eden space 147968K, 100% used [0x000000076d100000,0x0000000776180000,0x0000000776180000)
  from space 512K, 6% used [0x0000000789980000,0x0000000789988000,0x0000000789a00000)
  to   space 6656K, 0% used [0x0000000788d00000,0x0000000788d00000,0x0000000789380000)
 ParOldGen       total 171008K, used 4900K [0x00000006c7200000, 0x00000006d1900000, 0x000000076d100000)
  object space 171008K, 2% used [0x00000006c7200000,0x00000006c76c92b0,0x00000006d1900000)
 Metaspace       used 17631K, capacity 17874K, committed 18048K, reserved 1064960K
  class space    used 1573K, capacity 1662K, committed 1664K, reserved 1048576K
Event: 24.900 GC heap after
Heap after GC invocations=23 (full 0):
 PSYoungGen      total 149504K, used 128K [0x000000076d100000, 0x0000000789a00000, 0x00000007c0000000)
  eden space 142848K, 0% used [0x000000076d100000,0x000000076d100000,0x0000000775c80000)
  from space 6656K, 1% used [0x0000000788d00000,0x0000000788d20000,0x0000000789380000)
  to   space 6144K, 0% used [0x0000000789400000,0x0000000789400000,0x0000000789a00000)
 ParOldGen       total 171008K, used 4900K [0x00000006c7200000, 0x00000006d1900000, 0x000000076d100000)
  object space 171008K, 2% used [0x00000006c7200000,0x00000006c76c92b0,0x00000006d1900000)
 Metaspace       used 17631K, capacity 17874K, committed 18048K, reserved 1064960K
  class space    used 1573K, capacity 1662K, committed 1664K, reserved 1048576K
}
Event: 25.715 GC heap before
{Heap before GC invocations=24 (full 0):
 PSYoungGen      total 149504K, used 142976K [0x000000076d100000, 0x0000000789a00000, 0x00000007c0000000)
  eden space 142848K, 100% used [0x000000076d100000,0x0000000775c80000,0x0000000775c80000)
  from space 6656K, 1% used [0x0000000788d00000,0x0000000788d20000,0x0000000789380000)
  to   space 6144K, 0% used [0x0000000789400000,0x0000000789400000,0x0000000789a00000)
 ParOldGen       total 171008K, used 4900K [0x00000006c7200000, 0x00000006d1900000, 0x000000076d100000)
  object space 171008K, 2% used [0x00000006c7200000,0x00000006c76c92b0,0x00000006d1900000)
 Metaspace       used 17631K, capacity 17874K, committed 18048K, reserved 1064960K
  class space    used 1573K, capacity 1662K, committed 1664K, reserved 1048576K
Event: 25.720 GC heap after
Heap after GC invocations=24 (full 0):
 PSYoungGen      total 138752K, used 64K [0x000000076d100000, 0x0000000789480000, 0x00000007c0000000)
  eden space 138240K, 0% used [0x000000076d100000,0x000000076d100000,0x0000000775800000)
  from space 512K, 12% used [0x0000000789400000,0x0000000789410000,0x0000000789480000)
  to   space 5632K, 0% used [0x0000000788980000,0x0000000788980000,0x0000000788f00000)
 ParOldGen       total 171008K, used 4900K [0x00000006c7200000, 0x00000006d1900000, 0x000000076d100000)
  object space 171008K, 2% used [0x00000006c7200000,0x00000006c76c92b0,0x00000006d1900000)
 Metaspace       used 17631K, capacity 17874K, committed 18048K, reserved 1064960K
  class space    used 1573K, capacity 1662K, committed 1664K, reserved 1048576K
}

