# JRE version: Java(TM) SE Runtime Environment (8.0_51-b16) (build 1.8.0_51-b16)
# Java VM: Java HotSpot(TM) 64-Bit Server VM (25.51-b03 mixed mode linux-amd64 compressed oops)
Heap:
 PSYoungGen      total 31744K, used 17506K [0x000000076d100000, 0x0000000773f80000, 0x00000007c0000000)
  eden space 31232K, 55% used [0x000000076d100000,0x000000076e210a58,0x000000076ef80000)
  from space 512K, 6% used [0x0000000773e80000,0x0000000773e88000,0x0000000773f00000)
  to   space 512K, 0% used [0x0000000773f00000,0x0000000773f00000,0x0000000773f80000)
 ParOldGen       total 171008K, used 10091K [0x00000006c7200000, 0x00000006d1900000, 0x000000076d100000)
  object space 171008K, 5% used [0x00000006c7200000,0x00000006c7bdaff0,0x00000006d1900000)
 Metaspace       used 17410K, capacity 17650K, committed 17792K, reserved 1064960K
  class space    used 1546K, capacity 1630K, committed 1664K, reserved 1048576K
GC Heap History (10 events):
Event: 269.146 GC heap before
{Heap before GC invocations=549 (full 0):
 PSYoungGen      total 31744K, used 31264K [0x000000076d100000, 0x0000000773f80000, 0x00000007c0000000)
  eden space 31232K, 100% used [0x000000076d100000,0x000000076ef80000,0x000000076ef80000)
  from space 512K, 6% used [0x0000000773f00000,0x0000000773f08000,0x0000000773f80000)
  to   space 512K, 0% used [0x0000000773e80000,0x0000000773e80000,0x0000000773f00000)
 ParOldGen       total 171008K, used 10075K [0x00000006c7200000, 0x00000006d1900000, 0x000000076d100000)
  object space 171008K, 5% used [0x00000006c7200000,0x00000006c7bd6ff0,0x00000006d1900000)
 Metaspace       used 17408K, capacity 17650K, committed 17792K, reserved 1064960K
  class space    used 1546K, capacity 1630K, committed 1664K, reserved 1048576K
Event: 269.147 GC heap after
Heap after GC invocations=549 (full 0):
 PSYoungGen      total 31744K, used 32K [0x000000076d100000, 0x0000000773f80000, 0x00000007c0000000)
  eden space 31232K, 0% used [0x000000076d100000,0x000000076d100000,0x000000076ef80000)
  from space 512K, 6% used [0x0000000773e80000,0x0000000773e88000,0x0000000773f00000)
  to   space 512K, 0% used [0x0000000773f00000,0x0000000773f00000,0x0000000773f80000)
 ParOldGen       total 171008K, used 10075K [0x00000006c7200000, 0x00000006d1900000, 0x000000076d100000)
  object space 171008K, 5% used [0x00000006c7200000,0x00000006c7bd6ff0,0x00000006d1900000)
 Metaspace       used 17408K, capacity 17650K, committed 17792K, reserved 1064960K
  class space    used 1546K, capacity 1630K, committed 1664K, reserved 1048576K
}
Event: 269.549 GC heap before
{Heap before GC invocations=550 (full 0):
 PSYoungGen      total 31744K, used 31264K [0x000000076d100000, 0x0000000773f80000, 0x00000007c0000000)
  eden space 31232K, 100% used [0x000000076d100000,0x000000076ef80000,0x000000076ef80000)
  from space 512K, 6% used [0x0000000773e80000,0x0000000773e88000,0x0000000773f00000)
  to   space 512K, 0% used [0x0000000773f00000,0x0000000773f00000,0x0000000773f80000)
 ParOldGen       total 171008K, used 10075K [0x00000006c7200000, 0x00000006d1900000, 0x000000076d100000)
  object space 171008K, 5% used [0x00000006c7200000,0x00000006c7bd6ff0,0x00000006d1900000)
 Metaspace       used 17408K, capacity 17650K, committed 17792K, reserved 1064960K
  class space    used 1546K, capacity 1630K, committed 1664K, reserved 1048576K
Event: 269.550 GC heap after
Heap after GC invocations=550 (full 0):
 PSYoungGen      total 31744K, used 32K [0x000000076d100000, 0x0000000773f80000, 0x00000007c0000000)
  eden space 31232K, 0% used [0x000000076d100000,0x000000076d100000,0x000000076ef80000)
  from space 512K, 6% used [0x0000000773f00000,0x0000000773f08000,0x0000000773f80000)
  to   space 512K, 0% used [0x0000000773e80000,0x0000000773e80000,0x0000000773f00000)
 ParOldGen       total 171008K, used 10075K [0x00000006c7200000, 0x00000006d1900000, 0x000000076d100000)
  object space 171008K, 5% used [0x00000006c7200000,0x00000006c7bd6ff0,0x00000006d1900000)
 Metaspace       used 17408K, capacity 17650K, committed 17792K, reserved 1064960K
  class space    used 1546K, capacity 1630K, committed 1664K, reserved 1048576K
}
Event: 269.960 GC heap before
{Heap before GC invocations=551 (full 0):
 PSYoungGen      total 31744K, used 31264K [0x000000076d100000, 0x0000000773f80000, 0x00000007c0000000)
  eden space 31232K, 100% used [0x000000076d100000,0x000000076ef80000,0x000000076ef80000)
  from space 512K, 6% used [0x0000000773f00000,0x0000000773f08000,0x0000000773f80000)
  to   space 512K, 0% used [0x0000000773e80000,0x0000000773e80000,0x0000000773f00000)
 ParOldGen       total 171008K, used 10075K [0x00000006c7200000, 0x00000006d1900000, 0x000000076d100000)
  object space 171008K, 5% used [0x00000006c7200000,0x00000006c7bd6ff0,0x00000006d1900000)
 Metaspace       used 17408K, capacity 17650K, committed 17792K, reserved 1064960K
  class space    used 1546K, capacity 1630K, committed 1664K, reserved 1048576K
Event: 269.961 GC heap after
Heap after GC invocations=551 (full 0):
 PSYoungGen      total 31744K, used 32K [0x000000076d100000, 0x0000000773f80000, 0x00000007c0000000)
  eden space 31232K, 0% used [0x000000076d100000,0x000000076d100000,0x000000076ef80000)
  from space 512K, 6% used [0x0000000773e80000,0x0000000773e88000,0x0000000773f00000)
  to   space 512K, 0% used [0x0000000773f00000,0x0000000773f00000,0x0000000773f80000)
 ParOldGen       total 171008K, used 10075K [0x00000006c7200000, 0x00000006d1900000, 0x000000076d100000)
  object space 171008K, 5% used [0x00000006c7200000,0x00000006c7bd6ff0,0x00000006d1900000)
 Metaspace       used 17408K, capacity 17650K, committed 17792K, reserved 1064960K
  class space    used 1546K, capacity 1630K, committed 1664K, reserved 1048576K
}
Event: 270.357 GC heap before
{Heap before GC invocations=552 (full 0):
 PSYoungGen      total 31744K, used 31264K [0x000000076d100000, 0x0000000773f80000, 0x00000007c0000000)
  eden space 31232K, 100% used [0x000000076d100000,0x000000076ef80000,0x000000076ef80000)
  from space 512K, 6% used [0x0000000773e80000,0x0000000773e88000,0x0000000773f00000)
  to   space 512K, 0% used [0x0000000773f00000,0x0000000773f00000,0x0000000773f80000)
 ParOldGen       total 171008K, used 10075K [0x00000006c7200000, 0x00000006d1900000, 0x000000076d100000)
  object space 171008K, 5% used [0x00000006c7200000,0x00000006c7bd6ff0,0x00000006d1900000)
 Metaspace       used 17409K, capacity 17650K, committed 17792K, reserved 1064960K
  class space    used 1546K, capacity 1630K, committed 1664K, reserved 1048576K
Event: 270.358 GC heap after
Heap after GC invocations=552 (full 0):
 PSYoungGen      total 31744K, used 32K [0x000000076d100000, 0x0000000773f80000, 0x00000007c0000000)
  eden space 31232K, 0% used [0x000000076d100000,0x000000076d100000,0x000000076ef80000)
  from space 512K, 6% used [0x0000000773f00000,0x0000000773f08000,0x0000000773f80000)
  to   space 512K, 0% used [0x0000000773e80000,0x0000000773e80000,0x0000000773f00000)
 ParOldGen       total 171008K, used 10083K [0x00000006c7200000, 0x00000006d1900000, 0x000000076d100000)
  object space 171008K, 5% used [0x00000006c7200000,0x00000006c7bd8ff0,0x00000006d1900000)
 Metaspace       used 17409K, capacity 17650K, committed 17792K, reserved 1064960K
  class space    used 1546K, capacity 1630K, committed 1664K, reserved 1048576K
}
Event: 270.744 GC heap before
{Heap before GC invocations=553 (full 0):
 PSYoungGen      total 31744K, used 31264K [0x000000076d100000, 0x0000000773f80000, 0x00000007c0000000)
  eden space 31232K, 100% used [0x000000076d100000,0x000000076ef80000,0x000000076ef80000)
  from space 512K, 6% used [0x0000000773f00000,0x0000000773f08000,0x0000000773f80000)
  to   space 512K, 0% used [0x0000000773e80000,0x0000000773e80000,0x0000000773f00000)
 ParOldGen       total 171008K, used 10083K [0x00000006c7200000, 0x00000006d1900000, 0x000000076d100000)
  object space 171008K, 5% used [0x00000006c7200000,0x00000006c7bd8ff0,0x00000006d1900000)
 Metaspace       used 17409K, capacity 17650K, committed 17792K, reserved 1064960K
  class space    used 1546K, capacity 1630K, committed 1664K, reserved 1048576K
Event: 270.746 GC heap after
Heap after GC invocations=553 (full 0):
 PSYoungGen      total 31744K, used 32K [0x000000076d100000, 0x0000000773f80000, 0x00000007c0000000)
  eden space 31232K, 0% used [0x000000076d100000,0x000000076d100000,0x000000076ef80000)
  from space 512K, 6% used [0x0000000773e80000,0x0000000773e88000,0x0000000773f00000)
  to   space 512K, 0% used [0x0000000773f00000,0x0000000773f00000,0x0000000773f80000)
 ParOldGen       total 171008K, used 10091K [0x00000006c7200000, 0x00000006d1900000, 0x000000076d100000)
  object space 171008K, 5% used [0x00000006c7200000,0x00000006c7bdaff0,0x00000006d1900000)
 Metaspace       used 17409K, capacity 17650K, committed 17792K, reserved 1064960K
  class space    used 1546K, capacity 1630K, committed 1664K, reserved 1048576K
}

