# JRE version: Java(TM) SE Runtime Environment (8.0_51-b16) (build 1.8.0_51-b16)
# Java VM: Java HotSpot(TM) 64-Bit Server VM (25.51-b03 mixed mode linux-amd64 compressed oops)
Heap:
 PSYoungGen      total 31744K, used 3827K [0x000000076d100000, 0x000000076f100000, 0x00000007c0000000)
  eden space 31232K, 12% used [0x000000076d100000,0x000000076d4b4e38,0x000000076ef80000)
  from space 512K, 6% used [0x000000076f080000,0x000000076f088000,0x000000076f100000)
  to   space 512K, 0% used [0x000000076f000000,0x000000076f000000,0x000000076f080000)
 ParOldGen       total 171008K, used 9201K [0x00000006c7200000, 0x00000006d1900000, 0x000000076d100000)
  object space 171008K, 5% used [0x00000006c7200000,0x00000006c7afc6e8,0x00000006d1900000)
 Metaspace       used 17420K, capacity 17650K, committed 17792K, reserved 1064960K
  class space    used 1555K, capacity 1630K, committed 1664K, reserved 1048576K
GC Heap History (10 events):
Event: 284.483 GC heap before
{Heap before GC invocations=916 (full 0):
 PSYoungGen      total 31744K, used 31316K [0x000000076d100000, 0x000000076f100000, 0x00000007c0000000)
  eden space 31232K, 100% used [0x000000076d100000,0x000000076ef80000,0x000000076ef80000)
  from space 512K, 16% used [0x000000076f000000,0x000000076f0152f0,0x000000076f080000)
  to   space 512K, 0% used [0x000000076f080000,0x000000076f080000,0x000000076f100000)
 ParOldGen       total 171008K, used 9193K [0x00000006c7200000, 0x00000006d1900000, 0x000000076d100000)
  object space 171008K, 5% used [0x00000006c7200000,0x00000006c7afa6e8,0x00000006d1900000)
 Metaspace       used 17419K, capacity 17650K, committed 17792K, reserved 1064960K
  class space    used 1555K, capacity 1630K, committed 1664K, reserved 1048576K
Event: 284.486 GC heap after
Heap after GC invocations=916 (full 0):
 PSYoungGen      total 31744K, used 32K [0x000000076d100000, 0x000000076f100000, 0x00000007c0000000)
  eden space 31232K, 0% used [0x000000076d100000,0x000000076d100000,0x000000076ef80000)
  from space 512K, 6% used [0x000000076f080000,0x000000076f088000,0x000000076f100000)
  to   space 512K, 0% used [0x000000076f000000,0x000000076f000000,0x000000076f080000)
 ParOldGen       total 171008K, used 9193K [0x00000006c7200000, 0x00000006d1900000, 0x000000076d100000)
  object space 171008K, 5% used [0x00000006c7200000,0x00000006c7afa6e8,0x00000006d1900000)
 Metaspace       used 17419K, capacity 17650K, committed 17792K, reserved 1064960K
  class space    used 1555K, capacity 1630K, committed 1664K, reserved 1048576K
}
Event: 284.893 GC heap before
{Heap before GC invocations=917 (full 0):
 PSYoungGen      total 31744K, used 31264K [0x000000076d100000, 0x000000076f100000, 0x00000007c0000000)
  eden space 31232K, 100% used [0x000000076d100000,0x000000076ef80000,0x000000076ef80000)
  from space 512K, 6% used [0x000000076f080000,0x000000076f088000,0x000000076f100000)
  to   space 512K, 0% used [0x000000076f000000,0x000000076f000000,0x000000076f080000)
 ParOldGen       total 171008K, used 9193K [0x00000006c7200000, 0x00000006d1900000, 0x000000076d100000)
  object space 171008K, 5% used [0x00000006c7200000,0x00000006c7afa6e8,0x00000006d1900000)
 Metaspace       used 17419K, capacity 17650K, committed 17792K, reserved 1064960K
  class space    used 1555K, capacity 1630K, committed 1664K, reserved 1048576K
Event: 284.896 GC heap after
Heap after GC invocations=917 (full 0):
 PSYoungGen      total 31744K, used 64K [0x000000076d100000, 0x000000076f100000, 0x00000007c0000000)
  eden space 31232K, 0% used [0x000000076d100000,0x000000076d100000,0x000000076ef80000)
  from space 512K, 12% used [0x000000076f000000,0x000000076f010000,0x000000076f080000)
  to   space 512K, 0% used [0x000000076f080000,0x000000076f080000,0x000000076f100000)
 ParOldGen       total 171008K, used 9193K [0x00000006c7200000, 0x00000006d1900000, 0x000000076d100000)
  object space 171008K, 5% used [0x00000006c7200000,0x00000006c7afa6e8,0x00000006d1900000)
 Metaspace       used 17419K, capacity 17650K, committed 17792K, reserved 1064960K
  class space    used 1555K, capacity 1630K, committed 1664K, reserved 1048576K
}
Event: 285.326 GC heap before
{Heap before GC invocations=918 (full 0):
 PSYoungGen      total 31744K, used 31296K [0x000000076d100000, 0x000000076f100000, 0x00000007c0000000)
  eden space 31232K, 100% used [0x000000076d100000,0x000000076ef80000,0x000000076ef80000)
  from space 512K, 12% used [0x000000076f000000,0x000000076f010000,0x000000076f080000)
  to   space 512K, 0% used [0x000000076f080000,0x000000076f080000,0x000000076f100000)
 ParOldGen       total 171008K, used 9193K [0x00000006c7200000, 0x00000006d1900000, 0x000000076d100000)
  object space 171008K, 5% used [0x00000006c7200000,0x00000006c7afa6e8,0x00000006d1900000)
 Metaspace       used 17419K, capacity 17650K, committed 17792K, reserved 1064960K
  class space    used 1555K, capacity 1630K, committed 1664K, reserved 1048576K
Event: 285.328 GC heap after
Heap after GC invocations=918 (full 0):
 PSYoungGen      total 31744K, used 64K [0x000000076d100000, 0x000000076f100000, 0x00000007c0000000)
  eden space 31232K, 0% used [0x000000076d100000,0x000000076d100000,0x000000076ef80000)
  from space 512K, 12% used [0x000000076f080000,0x000000076f090000,0x000000076f100000)
  to   space 512K, 0% used [0x000000076f000000,0x000000076f000000,0x000000076f080000)
 ParOldGen       total 171008K, used 9193K [0x00000006c7200000, 0x00000006d1900000, 0x000000076d100000)
  object space 171008K, 5% used [0x00000006c7200000,0x00000006c7afa6e8,0x00000006d1900000)
 Metaspace       used 17419K, capacity 17650K, committed 17792K, reserved 1064960K
  class space    used 1555K, capacity 1630K, committed 1664K, reserved 1048576K
}
Event: 285.727 GC heap before
{Heap before GC invocations=919 (full 0):
 PSYoungGen      total 31744K, used 31296K [0x000000076d100000, 0x000000076f100000, 0x00000007c0000000)
  eden space 31232K, 100% used [0x000000076d100000,0x000000076ef80000,0x000000076ef80000)
  from space 512K, 12% used [0x000000076f080000,0x000000076f090000,0x000000076f100000)
  to   space 512K, 0% used [0x000000076f000000,0x000000076f000000,0x000000076f080000)
 ParOldGen       total 171008K, used 9193K [0x00000006c7200000, 0x00000006d1900000, 0x000000076d100000)
  object space 171008K, 5% used [0x00000006c7200000,0x00000006c7afa6e8,0x00000006d1900000)
 Metaspace       used 17419K, capacity 17650K, committed 17792K, reserved 1064960K
  class space    used 1555K, capacity 1630K, committed 1664K, reserved 1048576K
Event: 285.729 GC heap after
Heap after GC invocations=919 (full 0):
 PSYoungGen      total 31744K, used 52K [0x000000076d100000, 0x000000076f100000, 0x00000007c0000000)
  eden space 31232K, 0% used [0x000000076d100000,0x000000076d100000,0x000000076ef80000)
  from space 512K, 10% used [0x000000076f000000,0x000000076f00d2f0,0x000000076f080000)
  to   space 512K, 0% used [0x000000076f080000,0x000000076f080000,0x000000076f100000)
 ParOldGen       total 171008K, used 9201K [0x00000006c7200000, 0x00000006d1900000, 0x000000076d100000)
  object space 171008K, 5% used [0x00000006c7200000,0x00000006c7afc6e8,0x00000006d1900000)
 Metaspace       used 17419K, capacity 17650K, committed 17792K, reserved 1064960K
  class space    used 1555K, capacity 1630K, committed 1664K, reserved 1048576K
}
Event: 286.175 GC heap before
{Heap before GC invocations=920 (full 0):
 PSYoungGen      total 31744K, used 31284K [0x000000076d100000, 0x000000076f100000, 0x00000007c0000000)
  eden space 31232K, 100% used [0x000000076d100000,0x000000076ef80000,0x000000076ef80000)
  from space 512K, 10% used [0x000000076f000000,0x000000076f00d2f0,0x000000076f080000)
  to   space 512K, 0% used [0x000000076f080000,0x000000076f080000,0x000000076f100000)
 ParOldGen       total 171008K, used 9201K [0x00000006c7200000, 0x00000006d1900000, 0x000000076d100000)
  object space 171008K, 5% used [0x00000006c7200000,0x00000006c7afc6e8,0x00000006d1900000)
 Metaspace       used 17420K, capacity 17650K, committed 17792K, reserved 1064960K
  class space    used 1555K, capacity 1630K, committed 1664K, reserved 1048576K
Event: 286.178 GC heap after
Heap after GC invocations=920 (full 0):
 PSYoungGen      total 31744K, used 32K [0x000000076d100000, 0x000000076f100000, 0x00000007c0000000)
  eden space 31232K, 0% used [0x000000076d100000,0x000000076d100000,0x000000076ef80000)
  from space 512K, 6% used [0x000000076f080000,0x000000076f088000,0x000000076f100000)
  to   space 512K, 0% used [0x000000076f000000,0x000000076f000000,0x000000076f080000)
 ParOldGen       total 171008K, used 9201K [0x00000006c7200000, 0x00000006d1900000, 0x000000076d100000)
  object space 171008K, 5% used [0x00000006c7200000,0x00000006c7afc6e8,0x00000006d1900000)
 Metaspace       used 17420K, capacity 17650K, committed 17792K, reserved 1064960K
  class space    used 1555K, capacity 1630K, committed 1664K, reserved 1048576K
}

