# JRE version: Java(TM) SE Runtime Environment (8.0_51-b16) (build 1.8.0_51-b16)
# Java VM: Java HotSpot(TM) 64-Bit Server VM (25.51-b03 mixed mode linux-amd64 compressed oops)
Heap:
 PSYoungGen      total 98304K, used 97625K [0x000000076d100000, 0x000000077a500000, 0x00000007c0000000)
  eden space 97792K, 99% used [0x000000076d100000,0x000000077304e7e0,0x0000000773080000)
  from space 512K, 6% used [0x000000077a480000,0x000000077a488000,0x000000077a500000)
  to   space 12800K, 0% used [0x0000000778c00000,0x0000000778c00000,0x0000000779880000)
 ParOldGen       total 171008K, used 9935K [0x00000006c7200000, 0x00000006d1900000, 0x000000076d100000)
  object space 171008K, 5% used [0x00000006c7200000,0x00000006c7bb3c70,0x00000006d1900000)
 Metaspace       used 17400K, capacity 17642K, committed 17792K, reserved 1064960K
  class space    used 1546K, capacity 1630K, committed 1664K, reserved 1048576K
GC Heap History (10 events):
Event: 17.741 GC heap before
{Heap before GC invocations=12 (full 0):
 PSYoungGen      total 128512K, used 113728K [0x000000076d100000, 0x000000077cd00000, 0x00000007c0000000)
  eden space 113664K, 100% used [0x000000076d100000,0x0000000774000000,0x0000000774000000)
  from space 14848K, 0% used [0x000000077b000000,0x000000077b010000,0x000000077be80000)
  to   space 14848K, 0% used [0x000000077be80000,0x000000077be80000,0x000000077cd00000)
 ParOldGen       total 171008K, used 9903K [0x00000006c7200000, 0x00000006d1900000, 0x000000076d100000)
  object space 171008K, 5% used [0x00000006c7200000,0x00000006c7babc70,0x00000006d1900000)
 Metaspace       used 17297K, capacity 17514K, committed 17792K, reserved 1064960K
  class space    used 1546K, capacity 1630K, committed 1664K, reserved 1048576K
Event: 17.743 GC heap after
Heap after GC invocations=12 (full 0):
 PSYoungGen      total 110592K, used 64K [0x000000076d100000, 0x000000077bf00000, 0x00000007c0000000)
  eden space 110080K, 0% used [0x000000076d100000,0x000000076d100000,0x0000000773c80000)
  from space 512K, 12% used [0x000000077be80000,0x000000077be90000,0x000000077bf00000)
  to   space 14336K, 0% used [0x000000077a300000,0x000000077a300000,0x000000077b100000)
 ParOldGen       total 171008K, used 9903K [0x00000006c7200000, 0x00000006d1900000, 0x000000076d100000)
  object space 171008K, 5% used [0x00000006c7200000,0x00000006c7babc70,0x00000006d1900000)
 Metaspace       used 17297K, capacity 17514K, committed 17792K, reserved 1064960K
  class space    used 1546K, capacity 1630K, committed 1664K, reserved 1048576K
}
Event: 19.158 GC heap before
{Heap before GC invocations=13 (full 0):
 PSYoungGen      total 110592K, used 110144K [0x000000076d100000, 0x000000077bf00000, 0x00000007c0000000)
  eden space 110080K, 100% used [0x000000076d100000,0x0000000773c80000,0x0000000773c80000)
  from space 512K, 12% used [0x000000077be80000,0x000000077be90000,0x000000077bf00000)
  to   space 14336K, 0% used [0x000000077a300000,0x000000077a300000,0x000000077b100000)
 ParOldGen       total 171008K, used 9903K [0x00000006c7200000, 0x00000006d1900000, 0x000000076d100000)
  object space 171008K, 5% used [0x00000006c7200000,0x00000006c7babc70,0x00000006d1900000)
 Metaspace       used 17366K, capacity 17578K, committed 17792K, reserved 1064960K
  class space    used 1546K, capacity 1630K, committed 1664K, reserved 1048576K
Event: 19.160 GC heap after
Heap after GC invocations=13 (full 0):
 PSYoungGen      total 121344K, used 64K [0x000000076d100000, 0x000000077bf00000, 0x00000007c0000000)
  eden space 107008K, 0% used [0x000000076d100000,0x000000076d100000,0x0000000773980000)
  from space 14336K, 0% used [0x000000077a300000,0x000000077a310000,0x000000077b100000)
  to   space 14336K, 0% used [0x000000077b100000,0x000000077b100000,0x000000077bf00000)
 ParOldGen       total 171008K, used 9911K [0x00000006c7200000, 0x00000006d1900000, 0x000000076d100000)
  object space 171008K, 5% used [0x00000006c7200000,0x00000006c7badc70,0x00000006d1900000)
 Metaspace       used 17366K, capacity 17578K, committed 17792K, reserved 1064960K
  class space    used 1546K, capacity 1630K, committed 1664K, reserved 1048576K
}
Event: 20.553 GC heap before
{Heap before GC invocations=14 (full 0):
 PSYoungGen      total 121344K, used 107072K [0x000000076d100000, 0x000000077bf00000, 0x00000007c0000000)
  eden space 107008K, 100% used [0x000000076d100000,0x0000000773980000,0x0000000773980000)
  from space 14336K, 0% used [0x000000077a300000,0x000000077a310000,0x000000077b100000)
  to   space 14336K, 0% used [0x000000077b100000,0x000000077b100000,0x000000077bf00000)
 ParOldGen       total 171008K, used 9911K [0x00000006c7200000, 0x00000006d1900000, 0x000000076d100000)
  object space 171008K, 5% used [0x00000006c7200000,0x00000006c7badc70,0x00000006d1900000)
 Metaspace       used 17366K, capacity 17578K, committed 17792K, reserved 1064960K
  class space    used 1546K, capacity 1630K, committed 1664K, reserved 1048576K
Event: 20.555 GC heap after
Heap after GC invocations=14 (full 0):
 PSYoungGen      total 104448K, used 64K [0x000000076d100000, 0x000000077b180000, 0x00000007c0000000)
  eden space 103936K, 0% used [0x000000076d100000,0x000000076d100000,0x0000000773680000)
  from space 512K, 12% used [0x000000077b100000,0x000000077b110000,0x000000077b180000)
  to   space 13824K, 0% used [0x0000000779680000,0x0000000779680000,0x000000077a400000)
 ParOldGen       total 171008K, used 9927K [0x00000006c7200000, 0x00000006d1900000, 0x000000076d100000)
  object space 171008K, 5% used [0x00000006c7200000,0x00000006c7bb1c70,0x00000006d1900000)
 Metaspace       used 17366K, capacity 17578K, committed 17792K, reserved 1064960K
  class space    used 1546K, capacity 1630K, committed 1664K, reserved 1048576K
}
Event: 22.082 GC heap before
{Heap before GC invocations=15 (full 0):
 PSYoungGen      total 104448K, used 104000K [0x000000076d100000, 0x000000077b180000, 0x00000007c0000000)
  eden space 103936K, 100% used [0x000000076d100000,0x0000000773680000,0x0000000773680000)
  from space 512K, 12% used [0x000000077b100000,0x000000077b110000,0x000000077b180000)
  to   space 13824K, 0% used [0x0000000779680000,0x0000000779680000,0x000000077a400000)
 ParOldGen       total 171008K, used 9927K [0x00000006c7200000, 0x00000006d1900000, 0x000000076d100000)
  object space 171008K, 5% used [0x00000006c7200000,0x00000006c7bb1c70,0x00000006d1900000)
 Metaspace       used 17367K, capacity 17578K, committed 17792K, reserved 1064960K
  class space    used 1546K, capacity 1630K, committed 1664K, reserved 1048576K
Event: 22.085 GC heap after
Heap after GC invocations=15 (full 0):
 PSYoungGen      total 114688K, used 32K [0x000000076d100000, 0x000000077b180000, 0x00000007c0000000)
  eden space 100864K, 0% used [0x000000076d100000,0x000000076d100000,0x0000000773380000)
  from space 13824K, 0% used [0x0000000779680000,0x0000000779688000,0x000000077a400000)
  to   space 13312K, 0% used [0x000000077a480000,0x000000077a480000,0x000000077b180000)
 ParOldGen       total 171008K, used 9935K [0x00000006c7200000, 0x00000006d1900000, 0x000000076d100000)
  object space 171008K, 5% used [0x00000006c7200000,0x00000006c7bb3c70,0x00000006d1900000)
 Metaspace       used 17367K, capacity 17578K, committed 17792K, reserved 1064960K
  class space    used 1546K, capacity 1630K, committed 1664K, reserved 1048576K
}
Event: 23.432 GC heap before
{Heap before GC invocations=16 (full 0):
 PSYoungGen      total 114688K, used 100896K [0x000000076d100000, 0x000000077b180000, 0x00000007c0000000)
  eden space 100864K, 100% used [0x000000076d100000,0x0000000773380000,0x0000000773380000)
  from space 13824K, 0% used [0x0000000779680000,0x0000000779688000,0x000000077a400000)
  to   space 13312K, 0% used [0x000000077a480000,0x000000077a480000,0x000000077b180000)
 ParOldGen       total 171008K, used 9935K [0x00000006c7200000, 0x00000006d1900000, 0x000000076d100000)
  object space 171008K, 5% used [0x00000006c7200000,0x00000006c7bb3c70,0x00000006d1900000)
 Metaspace       used 17367K, capacity 17578K, committed 17792K, reserved 1064960K
  class space    used 1546K, capacity 1630K, committed 1664K, reserved 1048576K
Event: 23.434 GC heap after
Heap after GC invocations=16 (full 0):
 PSYoungGen      total 98304K, used 32K [0x000000076d100000, 0x000000077a500000, 0x00000007c0000000)
  eden space 97792K, 0% used [0x000000076d100000,0x000000076d100000,0x0000000773080000)
  from space 512K, 6% used [0x000000077a480000,0x000000077a488000,0x000000077a500000)
  to   space 12800K, 0% used [0x0000000778c00000,0x0000000778c00000,0x0000000779880000)
 ParOldGen       total 171008K, used 9935K [0x00000006c7200000, 0x00000006d1900000, 0x000000076d100000)
  object space 171008K, 5% used [0x00000006c7200000,0x00000006c7bb3c70,0x00000006d1900000)
 Metaspace       used 17367K, capacity 17578K, committed 17792K, reserved 1064960K
  class space    used 1546K, capacity 1630K, committed 1664K, reserved 1048576K
}

