# JRE version: Java(TM) SE Runtime Environment (8.0_51-b16) (build 1.8.0_51-b16)
# Java VM: Java HotSpot(TM) 64-Bit Server VM (25.51-b03 mixed mode linux-amd64 compressed oops)
Heap:
 PSYoungGen      total 31744K, used 9382K [0x000000076d100000, 0x000000076f200000, 0x00000007c0000000)
  eden space 31232K, 29% used [0x000000076d100000,0x000000076da218c0,0x000000076ef80000)
  from space 512K, 6% used [0x000000076f180000,0x000000076f188000,0x000000076f200000)
  to   space 1024K, 0% used [0x000000076f000000,0x000000076f000000,0x000000076f100000)
 ParOldGen       total 171008K, used 9888K [0x00000006c7200000, 0x00000006d1900000, 0x000000076d100000)
  object space 171008K, 5% used [0x00000006c7200000,0x00000006c7ba8170,0x00000006d1900000)
 Metaspace       used 17399K, capacity 17642K, committed 17792K, reserved 1064960K
  class space    used 1548K, capacity 1630K, committed 1664K, reserved 1048576K
GC Heap History (10 events):
Event: 29.307 GC heap before
{Heap before GC invocations=48 (full 0):
 PSYoungGen      total 33792K, used 33312K [0x000000076d100000, 0x000000076f500000, 0x00000007c0000000)
  eden space 33280K, 100% used [0x000000076d100000,0x000000076f180000,0x000000076f180000)
  from space 512K, 6% used [0x000000076f200000,0x000000076f208000,0x000000076f280000)
  to   space 1536K, 0% used [0x000000076f380000,0x000000076f380000,0x000000076f500000)
 ParOldGen       total 171008K, used 9864K [0x00000006c7200000, 0x00000006d1900000, 0x000000076d100000)
  object space 171008K, 5% used [0x00000006c7200000,0x00000006c7ba2170,0x00000006d1900000)
 Metaspace       used 17392K, capacity 17642K, committed 17792K, reserved 1064960K
  class space    used 1548K, capacity 1630K, committed 1664K, reserved 1048576K
Event: 29.309 GC heap after
Heap after GC invocations=48 (full 0):
 PSYoungGen      total 33280K, used 32K [0x000000076d100000, 0x000000076f400000, 0x00000007c0000000)
  eden space 32768K, 0% used [0x000000076d100000,0x000000076d100000,0x000000076f100000)
  from space 512K, 6% used [0x000000076f380000,0x000000076f388000,0x000000076f400000)
  to   space 1536K, 0% used [0x000000076f100000,0x000000076f100000,0x000000076f280000)
 ParOldGen       total 171008K, used 9864K [0x00000006c7200000, 0x00000006d1900000, 0x000000076d100000)
  object space 171008K, 5% used [0x00000006c7200000,0x00000006c7ba2170,0x00000006d1900000)
 Metaspace       used 17392K, capacity 17642K, committed 17792K, reserved 1064960K
  class space    used 1548K, capacity 1630K, committed 1664K, reserved 1048576K
}
Event: 29.708 GC heap before
{Heap before GC invocations=49 (full 0):
 PSYoungGen      total 33280K, used 32800K [0x000000076d100000, 0x000000076f400000, 0x00000007c0000000)
  eden space 32768K, 100% used [0x000000076d100000,0x000000076f100000,0x000000076f100000)
  from space 512K, 6% used [0x000000076f380000,0x000000076f388000,0x000000076f400000)
  to   space 1536K, 0% used [0x000000076f100000,0x000000076f100000,0x000000076f280000)
 ParOldGen       total 171008K, used 9864K [0x00000006c7200000, 0x00000006d1900000, 0x000000076d100000)
  object space 171008K, 5% used [0x00000006c7200000,0x00000006c7ba2170,0x00000006d1900000)
 Metaspace       used 17396K, capacity 17642K, committed 17792K, reserved 1064960K
  class space    used 1548K, capacity 1630K, committed 1664K, reserved 1048576K
Event: 29.710 GC heap after
Heap after GC invocations=49 (full 0):
 PSYoungGen      total 33792K, used 64K [0x000000076d100000, 0x000000076f400000, 0x00000007c0000000)
  eden space 32256K, 0% used [0x000000076d100000,0x000000076d100000,0x000000076f080000)
  from space 1536K, 4% used [0x000000076f100000,0x000000076f110000,0x000000076f280000)
  to   space 1536K, 0% used [0x000000076f280000,0x000000076f280000,0x000000076f400000)
 ParOldGen       total 171008K, used 9864K [0x00000006c7200000, 0x00000006d1900000, 0x000000076d100000)
  object space 171008K, 5% used [0x00000006c7200000,0x00000006c7ba2170,0x00000006d1900000)
 Metaspace       used 17396K, capacity 17642K, committed 17792K, reserved 1064960K
  class space    used 1548K, capacity 1630K, committed 1664K, reserved 1048576K
}
Event: 30.057 GC heap before
{Heap before GC invocations=50 (full 0):
 PSYoungGen      total 33792K, used 32320K [0x000000076d100000, 0x000000076f400000, 0x00000007c0000000)
  eden space 32256K, 100% used [0x000000076d100000,0x000000076f080000,0x000000076f080000)
  from space 1536K, 4% used [0x000000076f100000,0x000000076f110000,0x000000076f280000)
  to   space 1536K, 0% used [0x000000076f280000,0x000000076f280000,0x000000076f400000)
 ParOldGen       total 171008K, used 9864K [0x00000006c7200000, 0x00000006d1900000, 0x000000076d100000)
  object space 171008K, 5% used [0x00000006c7200000,0x00000006c7ba2170,0x00000006d1900000)
 Metaspace       used 17398K, capacity 17642K, committed 17792K, reserved 1064960K
  class space    used 1548K, capacity 1630K, committed 1664K, reserved 1048576K
Event: 30.059 GC heap after
Heap after GC invocations=50 (full 0):
 PSYoungGen      total 32256K, used 32K [0x000000076d100000, 0x000000076f300000, 0x00000007c0000000)
  eden space 31744K, 0% used [0x000000076d100000,0x000000076d100000,0x000000076f000000)
  from space 512K, 6% used [0x000000076f280000,0x000000076f288000,0x000000076f300000)
  to   space 1536K, 0% used [0x000000076f000000,0x000000076f000000,0x000000076f180000)
 ParOldGen       total 171008K, used 9880K [0x00000006c7200000, 0x00000006d1900000, 0x000000076d100000)
  object space 171008K, 5% used [0x00000006c7200000,0x00000006c7ba6170,0x00000006d1900000)
 Metaspace       used 17398K, capacity 17642K, committed 17792K, reserved 1064960K
  class space    used 1548K, capacity 1630K, committed 1664K, reserved 1048576K
}
Event: 30.391 GC heap before
{Heap before GC invocations=51 (full 0):
 PSYoungGen      total 32256K, used 31776K [0x000000076d100000, 0x000000076f300000, 0x00000007c0000000)
  eden space 31744K, 100% used [0x000000076d100000,0x000000076f000000,0x000000076f000000)
  from space 512K, 6% used [0x000000076f280000,0x000000076f288000,0x000000076f300000)
  to   space 1536K, 0% used [0x000000076f000000,0x000000076f000000,0x000000076f180000)
 ParOldGen       total 171008K, used 9880K [0x00000006c7200000, 0x00000006d1900000, 0x000000076d100000)
  object space 171008K, 5% used [0x00000006c7200000,0x00000006c7ba6170,0x00000006d1900000)
 Metaspace       used 17398K, capacity 17642K, committed 17792K, reserved 1064960K
  class space    used 1548K, capacity 1630K, committed 1664K, reserved 1048576K
Event: 30.392 GC heap after
Heap after GC invocations=51 (full 0):
 PSYoungGen      total 32768K, used 32K [0x000000076d100000, 0x000000076f300000, 0x00000007c0000000)
  eden space 31232K, 0% used [0x000000076d100000,0x000000076d100000,0x000000076ef80000)
  from space 1536K, 2% used [0x000000076f000000,0x000000076f008000,0x000000076f180000)
  to   space 1536K, 0% used [0x000000076f180000,0x000000076f180000,0x000000076f300000)
 ParOldGen       total 171008K, used 9880K [0x00000006c7200000, 0x00000006d1900000, 0x000000076d100000)
  object space 171008K, 5% used [0x00000006c7200000,0x00000006c7ba6170,0x00000006d1900000)
 Metaspace       used 17398K, capacity 17642K, committed 17792K, reserved 1064960K
  class space    used 1548K, capacity 1630K, committed 1664K, reserved 1048576K
}
Event: 30.745 GC heap before
{Heap before GC invocations=52 (full 0):
 PSYoungGen      total 32768K, used 31264K [0x000000076d100000, 0x000000076f300000, 0x00000007c0000000)
  eden space 31232K, 100% used [0x000000076d100000,0x000000076ef80000,0x000000076ef80000)
  from space 1536K, 2% used [0x000000076f000000,0x000000076f008000,0x000000076f180000)
  to   space 1536K, 0% used [0x000000076f180000,0x000000076f180000,0x000000076f300000)
 ParOldGen       total 171008K, used 9880K [0x00000006c7200000, 0x00000006d1900000, 0x000000076d100000)
  object space 171008K, 5% used [0x00000006c7200000,0x00000006c7ba6170,0x00000006d1900000)
 Metaspace       used 17398K, capacity 17642K, committed 17792K, reserved 1064960K
  class space    used 1548K, capacity 1630K, committed 1664K, reserved 1048576K
Event: 30.746 GC heap after
Heap after GC invocations=52 (full 0):
 PSYoungGen      total 31744K, used 32K [0x000000076d100000, 0x000000076f200000, 0x00000007c0000000)
  eden space 31232K, 0% used [0x000000076d100000,0x000000076d100000,0x000000076ef80000)
  from space 512K, 6% used [0x000000076f180000,0x000000076f188000,0x000000076f200000)
  to   space 1024K, 0% used [0x000000076f000000,0x000000076f000000,0x000000076f100000)
 ParOldGen       total 171008K, used 9888K [0x00000006c7200000, 0x00000006d1900000, 0x000000076d100000)
  object space 171008K, 5% used [0x00000006c7200000,0x00000006c7ba8170,0x00000006d1900000)
 Metaspace       used 17398K, capacity 17642K, committed 17792K, reserved 1064960K
  class space    used 1548K, capacity 1630K, committed 1664K, reserved 1048576K
}

