# JRE version: Java(TM) SE Runtime Environment (8.0_51-b16) (build 1.8.0_51-b16)
# Java VM: Java HotSpot(TM) 64-Bit Server VM (25.51-b03 mixed mode linux-amd64 compressed oops)
Heap:
 PSYoungGen      total 432640K, used 94733K [0x000000076d100000, 0x000000078c080000, 0x00000007c0000000)
  eden space 432128K, 21% used [0x000000076d100000,0x0000000772d6b4c8,0x0000000787700000)
  from space 512K, 18% used [0x000000078c000000,0x000000078c018000,0x000000078c080000)
  to   space 9728K, 0% used [0x000000078ad80000,0x000000078ad80000,0x000000078b700000)
 ParOldGen       total 171008K, used 4858K [0x00000006c7200000, 0x00000006d1900000, 0x000000076d100000)
  object space 171008K, 2% used [0x00000006c7200000,0x00000006c76bea88,0x00000006d1900000)
 Metaspace       used 17635K, capacity 17870K, committed 18048K, reserved 1064960K
  class space    used 1568K, capacity 1662K, committed 1664K, reserved 1048576K
GC Heap History (10 events):
Event: 8.558 GC heap before
{Heap before GC invocations=8 (full 0):
 PSYoungGen      total 266752K, used 258176K [0x000000076d100000, 0x000000078dc00000, 0x00000007c0000000)
  eden space 258048K, 100% used [0x000000076d100000,0x000000077cd00000,0x000000077cd00000)
  from space 8704K, 1% used [0x000000077cd00000,0x000000077cd20000,0x000000077d580000)
  to   space 9728K, 0% used [0x000000078d280000,0x000000078d280000,0x000000078dc00000)
 ParOldGen       total 171008K, used 4786K [0x00000006c7200000, 0x00000006d1900000, 0x000000076d100000)
  object space 171008K, 2% used [0x00000006c7200000,0x00000006c76aca88,0x00000006d1900000)
 Metaspace       used 17519K, capacity 17742K, committed 18048K, reserved 1064960K
  class space    used 1568K, capacity 1662K, committed 1664K, reserved 1048576K
Event: 8.566 GC heap after
Heap after GC invocations=8 (full 0):
 PSYoungGen      total 525824K, used 128K [0x000000076d100000, 0x000000078dc00000, 0x00000007c0000000)
  eden space 516096K, 0% used [0x000000076d100000,0x000000076d100000,0x000000078c900000)
  from space 9728K, 1% used [0x000000078d280000,0x000000078d2a0000,0x000000078dc00000)
  to   space 9728K, 0% used [0x000000078c900000,0x000000078c900000,0x000000078d280000)
 ParOldGen       total 171008K, used 4802K [0x00000006c7200000, 0x00000006d1900000, 0x000000076d100000)
  object space 171008K, 2% used [0x00000006c7200000,0x00000006c76b0a88,0x00000006d1900000)
 Metaspace       used 17519K, capacity 17742K, committed 18048K, reserved 1064960K
  class space    used 1568K, capacity 1662K, committed 1664K, reserved 1048576K
}
Event: 11.615 GC heap before
{Heap before GC invocations=9 (full 0):
 PSYoungGen      total 525824K, used 516224K [0x000000076d100000, 0x000000078dc00000, 0x00000007c0000000)
  eden space 516096K, 100% used [0x000000076d100000,0x000000078c900000,0x000000078c900000)
  from space 9728K, 1% used [0x000000078d280000,0x000000078d2a0000,0x000000078dc00000)
  to   space 9728K, 0% used [0x000000078c900000,0x000000078c900000,0x000000078d280000)
 ParOldGen       total 171008K, used 4802K [0x00000006c7200000, 0x00000006d1900000, 0x000000076d100000)
  object space 171008K, 2% used [0x00000006c7200000,0x00000006c76b0a88,0x00000006d1900000)
 Metaspace       used 17629K, capacity 17870K, committed 18048K, reserved 1064960K
  class space    used 1568K, capacity 1662K, committed 1664K, reserved 1048576K
Event: 11.617 GC heap after
Heap after GC invocations=9 (full 0):
 PSYoungGen      total 494080K, used 64K [0x000000076d100000, 0x000000078d300000, 0x00000007c0000000)
  eden space 493568K, 0% used [0x000000076d100000,0x000000076d100000,0x000000078b300000)
  from space 512K, 12% used [0x000000078c900000,0x000000078c910000,0x000000078c980000)
  to   space 9728K, 0% used [0x000000078c980000,0x000000078c980000,0x000000078d300000)
 ParOldGen       total 171008K, used 4810K [0x00000006c7200000, 0x00000006d1900000, 0x000000076d100000)
  object space 171008K, 2% used [0x00000006c7200000,0x00000006c76b2a88,0x00000006d1900000)
 Metaspace       used 17629K, capacity 17870K, committed 18048K, reserved 1064960K
  class space    used 1568K, capacity 1662K, committed 1664K, reserved 1048576K
}
Event: 14.447 GC heap before
{Heap before GC invocations=10 (full 0):
 PSYoungGen      total 494080K, used 493632K [0x000000076d100000, 0x000000078d300000, 0x00000007c0000000)
  eden space 493568K, 100% used [0x000000076d100000,0x000000078b300000,0x000000078b300000)
  from space 512K, 12% used [0x000000078c900000,0x000000078c910000,0x000000078c980000)
  to   space 9728K, 0% used [0x000000078c980000,0x000000078c980000,0x000000078d300000)
 ParOldGen       total 171008K, used 4810K [0x00000006c7200000, 0x00000006d1900000, 0x000000076d100000)
  object space 171008K, 2% used [0x00000006c7200000,0x00000006c76b2a88,0x00000006d1900000)
 Metaspace       used 17635K, capacity 17870K, committed 18048K, reserved 1064960K
  class space    used 1568K, capacity 1662K, committed 1664K, reserved 1048576K
Event: 14.449 GC heap after
Heap after GC invocations=10 (full 0):
 PSYoungGen      total 472576K, used 96K [0x000000076d100000, 0x000000078ca00000, 0x00000007c0000000)
  eden space 472064K, 0% used [0x000000076d100000,0x000000076d100000,0x0000000789e00000)
  from space 512K, 18% used [0x000000078c980000,0x000000078c998000,0x000000078ca00000)
  to   space 10240K, 0% used [0x000000078b600000,0x000000078b600000,0x000000078c000000)
 ParOldGen       total 171008K, used 4818K [0x00000006c7200000, 0x00000006d1900000, 0x000000076d100000)
  object space 171008K, 2% used [0x00000006c7200000,0x00000006c76b4a88,0x00000006d1900000)
 Metaspace       used 17635K, capacity 17870K, committed 18048K, reserved 1064960K
  class space    used 1568K, capacity 1662K, committed 1664K, reserved 1048576K
}
Event: 17.161 GC heap before
{Heap before GC invocations=11 (full 0):
 PSYoungGen      total 472576K, used 472160K [0x000000076d100000, 0x000000078ca00000, 0x00000007c0000000)
  eden space 472064K, 100% used [0x000000076d100000,0x0000000789e00000,0x0000000789e00000)
  from space 512K, 18% used [0x000000078c980000,0x000000078c998000,0x000000078ca00000)
  to   space 10240K, 0% used [0x000000078b600000,0x000000078b600000,0x000000078c000000)
 ParOldGen       total 171008K, used 4818K [0x00000006c7200000, 0x00000006d1900000, 0x000000076d100000)
  object space 171008K, 2% used [0x00000006c7200000,0x00000006c76b4a88,0x00000006d1900000)
 Metaspace       used 17635K, capacity 17870K, committed 18048K, reserved 1064960K
  class space    used 1568K, capacity 1662K, committed 1664K, reserved 1048576K
Event: 17.163 GC heap after
Heap after GC invocations=11 (full 0):
 PSYoungGen      total 461824K, used 96K [0x000000076d100000, 0x000000078ca00000, 0x00000007c0000000)
  eden space 451584K, 0% used [0x000000076d100000,0x000000076d100000,0x0000000788a00000)
  from space 10240K, 0% used [0x000000078b600000,0x000000078b618000,0x000000078c000000)
  to   space 10240K, 0% used [0x000000078c000000,0x000000078c000000,0x000000078ca00000)
 ParOldGen       total 171008K, used 4858K [0x00000006c7200000, 0x00000006d1900000, 0x000000076d100000)
  object space 171008K, 2% used [0x00000006c7200000,0x00000006c76bea88,0x00000006d1900000)
 Metaspace       used 17635K, capacity 17870K, committed 18048K, reserved 1064960K
  class space    used 1568K, capacity 1662K, committed 1664K, reserved 1048576K
}
Event: 19.708 GC heap before
{Heap before GC invocations=12 (full 0):
 PSYoungGen      total 461824K, used 451680K [0x000000076d100000, 0x000000078ca00000, 0x00000007c0000000)
  eden space 451584K, 100% used [0x000000076d100000,0x0000000788a00000,0x0000000788a00000)
  from space 10240K, 0% used [0x000000078b600000,0x000000078b618000,0x000000078c000000)
  to   space 10240K, 0% used [0x000000078c000000,0x000000078c000000,0x000000078ca00000)
 ParOldGen       total 171008K, used 4858K [0x00000006c7200000, 0x00000006d1900000, 0x000000076d100000)
  object space 171008K, 2% used [0x00000006c7200000,0x00000006c76bea88,0x00000006d1900000)
 Metaspace       used 17635K, capacity 17870K, committed 18048K, reserved 1064960K
  class space    used 1568K, capacity 1662K, committed 1664K, reserved 1048576K
Event: 19.709 GC heap after
Heap after GC invocations=12 (full 0):
 PSYoungGen      total 432640K, used 96K [0x000000076d100000, 0x000000078c080000, 0x00000007c0000000)
  eden space 432128K, 0% used [0x000000076d100000,0x000000076d100000,0x0000000787700000)
  from space 512K, 18% used [0x000000078c000000,0x000000078c018000,0x000000078c080000)
  to   space 9728K, 0% used [0x000000078ad80000,0x000000078ad80000,0x000000078b700000)
 ParOldGen       total 171008K, used 4858K [0x00000006c7200000, 0x00000006d1900000, 0x000000076d100000)
  object space 171008K, 2% used [0x00000006c7200000,0x00000006c76bea88,0x00000006d1900000)
 Metaspace       used 17635K, capacity 17870K, committed 18048K, reserved 1064960K
  class space    used 1568K, capacity 1662K, committed 1664K, reserved 1048576K
}

