# JRE version: Java(TM) SE Runtime Environment (8.0_51-b16) (build 1.8.0_51-b16)
# Java VM: Java HotSpot(TM) 64-Bit Server VM (25.51-b03 mixed mode linux-amd64 compressed oops)
Heap:
 PSYoungGen      total 241152K, used 212477K [0x000000076d100000, 0x0000000789000000, 0x00000007c0000000)
  eden space 240640K, 88% used [0x000000076d100000,0x000000077a06f5c0,0x000000077bc00000)
  from space 512K, 12% used [0x0000000788f80000,0x0000000788f90000,0x0000000789000000)
  to   space 5120K, 0% used [0x0000000788600000,0x0000000788600000,0x0000000788b00000)
 ParOldGen       total 171008K, used 4906K [0x00000006c7200000, 0x00000006d1900000, 0x000000076d100000)
  object space 171008K, 2% used [0x00000006c7200000,0x00000006c76ca820,0x00000006d1900000)
 Metaspace       used 17627K, capacity 17810K, committed 18048K, reserved 1064960K
  class space    used 1567K, capacity 1662K, committed 1664K, reserved 1048576K
GC Heap History (10 events):
Event: 41.258 GC heap before
{Heap before GC invocations=22 (full 0):
 PSYoungGen      total 301568K, used 294432K [0x000000076d100000, 0x000000078a080000, 0x00000007c0000000)
  eden space 294400K, 100% used [0x000000076d100000,0x000000077f080000,0x000000077f080000)
  from space 7168K, 0% used [0x0000000789280000,0x0000000789288000,0x0000000789980000)
  to   space 6656K, 0% used [0x0000000789a00000,0x0000000789a00000,0x000000078a080000)
 ParOldGen       total 171008K, used 4898K [0x00000006c7200000, 0x00000006d1900000, 0x000000076d100000)
  object space 171008K, 2% used [0x00000006c7200000,0x00000006c76c8820,0x00000006d1900000)
 Metaspace       used 17626K, capacity 17810K, committed 18048K, reserved 1064960K
  class space    used 1567K, capacity 1662K, committed 1664K, reserved 1048576K
Event: 41.264 GC heap after
Heap after GC invocations=22 (full 0):
 PSYoungGen      total 283136K, used 96K [0x000000076d100000, 0x0000000789a80000, 0x00000007c0000000)
  eden space 282624K, 0% used [0x000000076d100000,0x000000076d100000,0x000000077e500000)
  from space 512K, 18% used [0x0000000789a00000,0x0000000789a18000,0x0000000789a80000)
  to   space 6656K, 0% used [0x0000000788d80000,0x0000000788d80000,0x0000000789400000)
 ParOldGen       total 171008K, used 4898K [0x00000006c7200000, 0x00000006d1900000, 0x000000076d100000)
  object space 171008K, 2% used [0x00000006c7200000,0x00000006c76c8820,0x00000006d1900000)
 Metaspace       used 17626K, capacity 17810K, committed 18048K, reserved 1064960K
  class space    used 1567K, capacity 1662K, committed 1664K, reserved 1048576K
}
Event: 42.837 GC heap before
{Heap before GC invocations=23 (full 0):
 PSYoungGen      total 283136K, used 282720K [0x000000076d100000, 0x0000000789a80000, 0x00000007c0000000)
  eden space 282624K, 100% used [0x000000076d100000,0x000000077e500000,0x000000077e500000)
  from space 512K, 18% used [0x0000000789a00000,0x0000000789a18000,0x0000000789a80000)
  to   space 6656K, 0% used [0x0000000788d80000,0x0000000788d80000,0x0000000789400000)
 ParOldGen       total 171008K, used 4898K [0x00000006c7200000, 0x00000006d1900000, 0x000000076d100000)
  object space 171008K, 2% used [0x00000006c7200000,0x00000006c76c8820,0x00000006d1900000)
 Metaspace       used 17626K, capacity 17810K, committed 18048K, reserved 1064960K
  class space    used 1567K, capacity 1662K, committed 1664K, reserved 1048576K
Event: 42.838 GC heap after
Heap after GC invocations=23 (full 0):
 PSYoungGen      total 278016K, used 64K [0x000000076d100000, 0x0000000789a80000, 0x00000007c0000000)
  eden space 271360K, 0% used [0x000000076d100000,0x000000076d100000,0x000000077da00000)
  from space 6656K, 0% used [0x0000000788d80000,0x0000000788d90000,0x0000000789400000)
  to   space 6144K, 0% used [0x0000000789480000,0x0000000789480000,0x0000000789a80000)
 ParOldGen       total 171008K, used 4898K [0x00000006c7200000, 0x00000006d1900000, 0x000000076d100000)
  object space 171008K, 2% used [0x00000006c7200000,0x00000006c76c8820,0x00000006d1900000)
 Metaspace       used 17626K, capacity 17810K, committed 18048K, reserved 1064960K
  class space    used 1567K, capacity 1662K, committed 1664K, reserved 1048576K
}
Event: 44.363 GC heap before
{Heap before GC invocations=24 (full 0):
 PSYoungGen      total 278016K, used 271424K [0x000000076d100000, 0x0000000789a80000, 0x00000007c0000000)
  eden space 271360K, 100% used [0x000000076d100000,0x000000077da00000,0x000000077da00000)
  from space 6656K, 0% used [0x0000000788d80000,0x0000000788d90000,0x0000000789400000)
  to   space 6144K, 0% used [0x0000000789480000,0x0000000789480000,0x0000000789a80000)
 ParOldGen       total 171008K, used 4898K [0x00000006c7200000, 0x00000006d1900000, 0x000000076d100000)
  object space 171008K, 2% used [0x00000006c7200000,0x00000006c76c8820,0x00000006d1900000)
 Metaspace       used 17626K, capacity 17810K, committed 18048K, reserved 1064960K
  class space    used 1567K, capacity 1662K, committed 1664K, reserved 1048576K
Event: 44.369 GC heap after
Heap after GC invocations=24 (full 0):
 PSYoungGen      total 261120K, used 32K [0x000000076d100000, 0x0000000789500000, 0x00000007c0000000)
  eden space 260608K, 0% used [0x000000076d100000,0x000000076d100000,0x000000077cf80000)
  from space 512K, 6% used [0x0000000789480000,0x0000000789488000,0x0000000789500000)
  to   space 5632K, 0% used [0x0000000788a00000,0x0000000788a00000,0x0000000788f80000)
 ParOldGen       total 171008K, used 4898K [0x00000006c7200000, 0x00000006d1900000, 0x000000076d100000)
  object space 171008K, 2% used [0x00000006c7200000,0x00000006c76c8820,0x00000006d1900000)
 Metaspace       used 17626K, capacity 17810K, committed 18048K, reserved 1064960K
  class space    used 1567K, capacity 1662K, committed 1664K, reserved 1048576K
}
Event: 45.826 GC heap before
{Heap before GC invocations=25 (full 0):
 PSYoungGen      total 261120K, used 260640K [0x000000076d100000, 0x0000000789500000, 0x00000007c0000000)
  eden space 260608K, 100% used [0x000000076d100000,0x000000077cf80000,0x000000077cf80000)
  from space 512K, 6% used [0x0000000789480000,0x0000000789488000,0x0000000789500000)
  to   space 5632K, 0% used [0x0000000788a00000,0x0000000788a00000,0x0000000788f80000)
 ParOldGen       total 171008K, used 4898K [0x00000006c7200000, 0x00000006d1900000, 0x000000076d100000)
  object space 171008K, 2% used [0x00000006c7200000,0x00000006c76c8820,0x00000006d1900000)
 Metaspace       used 17626K, capacity 17810K, committed 18048K, reserved 1064960K
  class space    used 1567K, capacity 1662K, committed 1664K, reserved 1048576K
Event: 45.831 GC heap after
Heap after GC invocations=25 (full 0):
 PSYoungGen      total 256000K, used 32K [0x000000076d100000, 0x0000000789500000, 0x00000007c0000000)
  eden space 250368K, 0% used [0x000000076d100000,0x000000076d100000,0x000000077c580000)
  from space 5632K, 0% used [0x0000000788a00000,0x0000000788a08000,0x0000000788f80000)
  to   space 5632K, 0% used [0x0000000788f80000,0x0000000788f80000,0x0000000789500000)
 ParOldGen       total 171008K, used 4898K [0x00000006c7200000, 0x00000006d1900000, 0x000000076d100000)
  object space 171008K, 2% used [0x00000006c7200000,0x00000006c76c8820,0x00000006d1900000)
 Metaspace       used 17626K, capacity 17810K, committed 18048K, reserved 1064960K
  class space    used 1567K, capacity 1662K, committed 1664K, reserved 1048576K
}
Event: 47.269 GC heap before
{Heap before GC invocations=26 (full 0):
 PSYoungGen      total 256000K, used 250400K [0x000000076d100000, 0x0000000789500000, 0x00000007c0000000)
  eden space 250368K, 100% used [0x000000076d100000,0x000000077c580000,0x000000077c580000)
  from space 5632K, 0% used [0x0000000788a00000,0x0000000788a08000,0x0000000788f80000)
  to   space 5632K, 0% used [0x0000000788f80000,0x0000000788f80000,0x0000000789500000)
 ParOldGen       total 171008K, used 4898K [0x00000006c7200000, 0x00000006d1900000, 0x000000076d100000)
  object space 171008K, 2% used [0x00000006c7200000,0x00000006c76c8820,0x00000006d1900000)
 Metaspace       used 17626K, capacity 17810K, committed 18048K, reserved 1064960K
  class space    used 1567K, capacity 1662K, committed 1664K, reserved 1048576K
Event: 47.272 GC heap after
Heap after GC invocations=26 (full 0):
 PSYoungGen      total 241152K, used 64K [0x000000076d100000, 0x0000000789000000, 0x00000007c0000000)
  eden space 240640K, 0% used [0x000000076d100000,0x000000076d100000,0x000000077bc00000)
  from space 512K, 12% used [0x0000000788f80000,0x0000000788f90000,0x0000000789000000)
  to   space 5120K, 0% used [0x0000000788600000,0x0000000788600000,0x0000000788b00000)
 ParOldGen       total 171008K, used 4906K [0x00000006c7200000, 0x00000006d1900000, 0x000000076d100000)
  object space 171008K, 2% used [0x00000006c7200000,0x00000006c76ca820,0x00000006d1900000)
 Metaspace       used 17626K, capacity 17810K, committed 18048K, reserved 1064960K
  class space    used 1567K, capacity 1662K, committed 1664K, reserved 1048576K
}

