# JRE version: Java(TM) SE Runtime Environment (8.0_51-b16) (build 1.8.0_51-b16)
# Java VM: Java HotSpot(TM) 64-Bit Server VM (25.51-b03 mixed mode linux-amd64 compressed oops)
Heap:
 PSYoungGen      total 356864K, used 208537K [0x000000076d100000, 0x000000078af00000, 0x00000007c0000000)
  eden space 348160K, 59% used [0x000000076d100000,0x0000000779c964f0,0x0000000782500000)
  from space 8704K, 0% used [0x0000000789e00000,0x0000000789e10000,0x000000078a680000)
  to   space 8192K, 0% used [0x000000078a700000,0x000000078a700000,0x000000078af00000)
 ParOldGen       total 171008K, used 4889K [0x00000006c7200000, 0x00000006d1900000, 0x000000076d100000)
  object space 171008K, 2% used [0x00000006c7200000,0x00000006c76c6668,0x00000006d1900000)
 Metaspace       used 17640K, capacity 17866K, committed 18048K, reserved 1064960K
  class space    used 1573K, capacity 1662K, committed 1664K, reserved 1048576K
GC Heap History (10 events):
Event: 24.744 GC heap before
{Heap before GC invocations=13 (full 0):
 PSYoungGen      total 432640K, used 432160K [0x000000076d100000, 0x000000078c080000, 0x00000007c0000000)
  eden space 432128K, 100% used [0x000000076d100000,0x0000000787700000,0x0000000787700000)
  from space 512K, 6% used [0x000000078c000000,0x000000078c008000,0x000000078c080000)
  to   space 9728K, 0% used [0x000000078ad80000,0x000000078ad80000,0x000000078b700000)
 ParOldGen       total 171008K, used 4857K [0x00000006c7200000, 0x00000006d1900000, 0x000000076d100000)
  object space 171008K, 2% used [0x00000006c7200000,0x00000006c76be668,0x00000006d1900000)
 Metaspace       used 17628K, capacity 17866K, committed 18048K, reserved 1064960K
  class space    used 1572K, capacity 1662K, committed 1664K, reserved 1048576K
Event: 24.746 GC heap after
Heap after GC invocations=13 (full 0):
 PSYoungGen      total 423424K, used 32K [0x000000076d100000, 0x000000078c080000, 0x00000007c0000000)
  eden space 413696K, 0% used [0x000000076d100000,0x000000076d100000,0x0000000786500000)
  from space 9728K, 0% used [0x000000078ad80000,0x000000078ad88000,0x000000078b700000)
  to   space 9728K, 0% used [0x000000078b700000,0x000000078b700000,0x000000078c080000)
 ParOldGen       total 171008K, used 4865K [0x00000006c7200000, 0x00000006d1900000, 0x000000076d100000)
  object space 171008K, 2% used [0x00000006c7200000,0x00000006c76c0668,0x00000006d1900000)
 Metaspace       used 17628K, capacity 17866K, committed 18048K, reserved 1064960K
  class space    used 1572K, capacity 1662K, committed 1664K, reserved 1048576K
}
Event: 27.096 GC heap before
{Heap before GC invocations=14 (full 0):
 PSYoungGen      total 423424K, used 413728K [0x000000076d100000, 0x000000078c080000, 0x00000007c0000000)
  eden space 413696K, 100% used [0x000000076d100000,0x0000000786500000,0x0000000786500000)
  from space 9728K, 0% used [0x000000078ad80000,0x000000078ad88000,0x000000078b700000)
  to   space 9728K, 0% used [0x000000078b700000,0x000000078b700000,0x000000078c080000)
 ParOldGen       total 171008K, used 4865K [0x00000006c7200000, 0x00000006d1900000, 0x000000076d100000)
  object space 171008K, 2% used [0x00000006c7200000,0x00000006c76c0668,0x00000006d1900000)
 Metaspace       used 17628K, capacity 17866K, committed 18048K, reserved 1064960K
  class space    used 1572K, capacity 1662K, committed 1664K, reserved 1048576K
Event: 27.100 GC heap after
Heap after GC invocations=14 (full 0):
 PSYoungGen      total 396800K, used 32K [0x000000076d100000, 0x000000078b780000, 0x00000007c0000000)
  eden space 396288K, 0% used [0x000000076d100000,0x000000076d100000,0x0000000785400000)
  from space 512K, 6% used [0x000000078b700000,0x000000078b708000,0x000000078b780000)
  to   space 9216K, 0% used [0x000000078a580000,0x000000078a580000,0x000000078ae80000)
 ParOldGen       total 171008K, used 4873K [0x00000006c7200000, 0x00000006d1900000, 0x000000076d100000)
  object space 171008K, 2% used [0x00000006c7200000,0x00000006c76c2668,0x00000006d1900000)
 Metaspace       used 17628K, capacity 17866K, committed 18048K, reserved 1064960K
  class space    used 1572K, capacity 1662K, committed 1664K, reserved 1048576K
}
Event: 29.285 GC heap before
{Heap before GC invocations=15 (full 0):
 PSYoungGen      total 396800K, used 396320K [0x000000076d100000, 0x000000078b780000, 0x00000007c0000000)
  eden space 396288K, 100% used [0x000000076d100000,0x0000000785400000,0x0000000785400000)
  from space 512K, 6% used [0x000000078b700000,0x000000078b708000,0x000000078b780000)
  to   space 9216K, 0% used [0x000000078a580000,0x000000078a580000,0x000000078ae80000)
 ParOldGen       total 171008K, used 4873K [0x00000006c7200000, 0x00000006d1900000, 0x000000076d100000)
  object space 171008K, 2% used [0x00000006c7200000,0x00000006c76c2668,0x00000006d1900000)
 Metaspace       used 17628K, capacity 17866K, committed 18048K, reserved 1064960K
  class space    used 1572K, capacity 1662K, committed 1664K, reserved 1048576K
Event: 29.288 GC heap after
Heap after GC invocations=15 (full 0):
 PSYoungGen      total 388608K, used 32K [0x000000076d100000, 0x000000078b780000, 0x00000007c0000000)
  eden space 379392K, 0% used [0x000000076d100000,0x000000076d100000,0x0000000784380000)
  from space 9216K, 0% used [0x000000078a580000,0x000000078a588000,0x000000078ae80000)
  to   space 9216K, 0% used [0x000000078ae80000,0x000000078ae80000,0x000000078b780000)
 ParOldGen       total 171008K, used 4873K [0x00000006c7200000, 0x00000006d1900000, 0x000000076d100000)
  object space 171008K, 2% used [0x00000006c7200000,0x00000006c76c2668,0x00000006d1900000)
 Metaspace       used 17628K, capacity 17866K, committed 18048K, reserved 1064960K
  class space    used 1572K, capacity 1662K, committed 1664K, reserved 1048576K
}
Event: 31.353 GC heap before
{Heap before GC invocations=16 (full 0):
 PSYoungGen      total 388608K, used 379424K [0x000000076d100000, 0x000000078b780000, 0x00000007c0000000)
  eden space 379392K, 100% used [0x000000076d100000,0x0000000784380000,0x0000000784380000)
  from space 9216K, 0% used [0x000000078a580000,0x000000078a588000,0x000000078ae80000)
  to   space 9216K, 0% used [0x000000078ae80000,0x000000078ae80000,0x000000078b780000)
 ParOldGen       total 171008K, used 4873K [0x00000006c7200000, 0x00000006d1900000, 0x000000076d100000)
  object space 171008K, 2% used [0x00000006c7200000,0x00000006c76c2668,0x00000006d1900000)
 Metaspace       used 17639K, capacity 17866K, committed 18048K, reserved 1064960K
  class space    used 1573K, capacity 1662K, committed 1664K, reserved 1048576K
Event: 31.355 GC heap after
Heap after GC invocations=16 (full 0):
 PSYoungGen      total 364032K, used 96K [0x000000076d100000, 0x000000078af00000, 0x00000007c0000000)
  eden space 363520K, 0% used [0x000000076d100000,0x000000076d100000,0x0000000783400000)
  from space 512K, 18% used [0x000000078ae80000,0x000000078ae98000,0x000000078af00000)
  to   space 8704K, 0% used [0x0000000789e00000,0x0000000789e00000,0x000000078a680000)
 ParOldGen       total 171008K, used 4873K [0x00000006c7200000, 0x00000006d1900000, 0x000000076d100000)
  object space 171008K, 2% used [0x00000006c7200000,0x00000006c76c2668,0x00000006d1900000)
 Metaspace       used 17639K, capacity 17866K, committed 18048K, reserved 1064960K
  class space    used 1573K, capacity 1662K, committed 1664K, reserved 1048576K
}
Event: 33.403 GC heap before
{Heap before GC invocations=17 (full 0):
 PSYoungGen      total 364032K, used 363616K [0x000000076d100000, 0x000000078af00000, 0x00000007c0000000)
  eden space 363520K, 100% used [0x000000076d100000,0x0000000783400000,0x0000000783400000)
  from space 512K, 18% used [0x000000078ae80000,0x000000078ae98000,0x000000078af00000)
  to   space 8704K, 0% used [0x0000000789e00000,0x0000000789e00000,0x000000078a680000)
 ParOldGen       total 171008K, used 4873K [0x00000006c7200000, 0x00000006d1900000, 0x000000076d100000)
  object space 171008K, 2% used [0x00000006c7200000,0x00000006c76c2668,0x00000006d1900000)
 Metaspace       used 17639K, capacity 17866K, committed 18048K, reserved 1064960K
  class space    used 1573K, capacity 1662K, committed 1664K, reserved 1048576K
Event: 33.404 GC heap after
Heap after GC invocations=17 (full 0):
 PSYoungGen      total 356864K, used 64K [0x000000076d100000, 0x000000078af00000, 0x00000007c0000000)
  eden space 348160K, 0% used [0x000000076d100000,0x000000076d100000,0x0000000782500000)
  from space 8704K, 0% used [0x0000000789e00000,0x0000000789e10000,0x000000078a680000)
  to   space 8192K, 0% used [0x000000078a700000,0x000000078a700000,0x000000078af00000)
 ParOldGen       total 171008K, used 4889K [0x00000006c7200000, 0x00000006d1900000, 0x000000076d100000)
  object space 171008K, 2% used [0x00000006c7200000,0x00000006c76c6668,0x00000006d1900000)
 Metaspace       used 17639K, capacity 17866K, committed 18048K, reserved 1064960K
  class space    used 1573K, capacity 1662K, committed 1664K, reserved 1048576K
}

