# JRE version: Java(TM) SE Runtime Environment (8.0_51-b16) (build 1.8.0_51-b16)
# Java VM: Java HotSpot(TM) 64-Bit Server VM (25.51-b03 mixed mode linux-amd64 compressed oops)
Heap:
 PSYoungGen      total 266752K, used 139908K [0x000000076d100000, 0x000000078dc00000, 0x00000007c0000000)
  eden space 258048K, 54% used [0x000000076d100000,0x0000000775989370,0x000000077cd00000)
  from space 8704K, 1% used [0x000000077cd00000,0x000000077cd18000,0x000000077d580000)
  to   space 9728K, 0% used [0x000000078d280000,0x000000078d280000,0x000000078dc00000)
 ParOldGen       total 171008K, used 4802K [0x00000006c7200000, 0x00000006d1900000, 0x000000076d100000)
  object space 171008K, 2% used [0x00000006c7200000,0x00000006c76b0a68,0x00000006d1900000)
 Metaspace       used 17522K, capacity 17682K, committed 17792K, reserved 1064960K
  class space    used 1576K, capacity 1662K, committed 1664K, reserved 1048576K
GC Heap History (10 events):
Event: 3.270 GC heap before
{Heap before GC invocations=3 (full 0):
 PSYoungGen      total 74752K, used 69358K [0x000000076d100000, 0x0000000776300000, 0x00000007c0000000)
  eden space 64512K, 100% used [0x000000076d100000,0x0000000771000000,0x0000000771000000)
  from space 10240K, 47% used [0x0000000771a00000,0x0000000771ebb930,0x0000000772400000)
  to   space 10240K, 0% used [0x0000000771000000,0x0000000771000000,0x0000000771a00000)
 ParOldGen       total 171008K, used 24K [0x00000006c7200000, 0x00000006d1900000, 0x000000076d100000)
  object space 171008K, 0% used [0x00000006c7200000,0x00000006c7206000,0x00000006d1900000)
 Metaspace       used 17288K, capacity 17490K, committed 17792K, reserved 1064960K
  class space    used 1576K, capacity 1662K, committed 1664K, reserved 1048576K
Event: 3.278 GC heap after
Heap after GC invocations=3 (full 0):
 PSYoungGen      total 74752K, used 4906K [0x000000076d100000, 0x0000000776300000, 0x00000007c0000000)
  eden space 64512K, 0% used [0x000000076d100000,0x000000076d100000,0x0000000771000000)
  from space 10240K, 47% used [0x0000000771000000,0x00000007714cab30,0x0000000771a00000)
  to   space 10240K, 0% used [0x0000000775900000,0x0000000775900000,0x0000000776300000)
 ParOldGen       total 171008K, used 32K [0x00000006c7200000, 0x00000006d1900000, 0x000000076d100000)
  object space 171008K, 0% used [0x00000006c7200000,0x00000006c7208000,0x00000006d1900000)
 Metaspace       used 17288K, capacity 17490K, committed 17792K, reserved 1064960K
  class space    used 1576K, capacity 1662K, committed 1664K, reserved 1048576K
}
Event: 3.776 GC heap before
{Heap before GC invocations=4 (full 0):
 PSYoungGen      total 74752K, used 69418K [0x000000076d100000, 0x0000000776300000, 0x00000007c0000000)
  eden space 64512K, 100% used [0x000000076d100000,0x0000000771000000,0x0000000771000000)
  from space 10240K, 47% used [0x0000000771000000,0x00000007714cab30,0x0000000771a00000)
  to   space 10240K, 0% used [0x0000000775900000,0x0000000775900000,0x0000000776300000)
 ParOldGen       total 171008K, used 32K [0x00000006c7200000, 0x00000006d1900000, 0x000000076d100000)
  object space 171008K, 0% used [0x00000006c7200000,0x00000006c7208000,0x00000006d1900000)
 Metaspace       used 17306K, capacity 17490K, committed 17792K, reserved 1064960K
  class space    used 1576K, capacity 1662K, committed 1664K, reserved 1048576K
Event: 3.789 GC heap after
Heap after GC invocations=4 (full 0):
 PSYoungGen      total 139264K, used 4824K [0x000000076d100000, 0x0000000776300000, 0x00000007c0000000)
  eden space 129024K, 0% used [0x000000076d100000,0x000000076d100000,0x0000000774f00000)
  from space 10240K, 47% used [0x0000000775900000,0x0000000775db6080,0x0000000776300000)
  to   space 10240K, 0% used [0x0000000774f00000,0x0000000774f00000,0x0000000775900000)
 ParOldGen       total 171008K, used 40K [0x00000006c7200000, 0x00000006d1900000, 0x000000076d100000)
  object space 171008K, 0% used [0x00000006c7200000,0x00000006c720a000,0x00000006d1900000)
 Metaspace       used 17306K, capacity 17490K, committed 17792K, reserved 1064960K
  class space    used 1576K, capacity 1662K, committed 1664K, reserved 1048576K
}
Event: 4.721 GC heap before
{Heap before GC invocations=5 (full 0):
 PSYoungGen      total 139264K, used 133848K [0x000000076d100000, 0x0000000776300000, 0x00000007c0000000)
  eden space 129024K, 100% used [0x000000076d100000,0x0000000774f00000,0x0000000774f00000)
  from space 10240K, 47% used [0x0000000775900000,0x0000000775db6080,0x0000000776300000)
  to   space 10240K, 0% used [0x0000000774f00000,0x0000000774f00000,0x0000000775900000)
 ParOldGen       total 171008K, used 40K [0x00000006c7200000, 0x00000006d1900000, 0x000000076d100000)
  object space 171008K, 0% used [0x00000006c7200000,0x00000006c720a000,0x00000006d1900000)
 Metaspace       used 17365K, capacity 17554K, committed 17792K, reserved 1064960K
  class space    used 1576K, capacity 1662K, committed 1664K, reserved 1048576K
Event: 4.735 GC heap after
Heap after GC invocations=5 (full 0):
 PSYoungGen      total 139264K, used 4798K [0x000000076d100000, 0x000000077df00000, 0x00000007c0000000)
  eden space 129024K, 0% used [0x000000076d100000,0x000000076d100000,0x0000000774f00000)
  from space 10240K, 46% used [0x0000000774f00000,0x00000007753af960,0x0000000775900000)
  to   space 9216K, 0% used [0x000000077d600000,0x000000077d600000,0x000000077df00000)
 ParOldGen       total 171008K, used 48K [0x00000006c7200000, 0x00000006d1900000, 0x000000076d100000)
  object space 171008K, 0% used [0x00000006c7200000,0x00000006c720c000,0x00000006d1900000)
 Metaspace       used 17365K, capacity 17554K, committed 17792K, reserved 1064960K
  class space    used 1576K, capacity 1662K, committed 1664K, reserved 1048576K
}
Event: 5.483 GC heap before
{Heap before GC invocations=6 (full 0):
 PSYoungGen      total 139264K, used 133822K [0x000000076d100000, 0x000000077df00000, 0x00000007c0000000)
  eden space 129024K, 100% used [0x000000076d100000,0x0000000774f00000,0x0000000774f00000)
  from space 10240K, 46% used [0x0000000774f00000,0x00000007753af960,0x0000000775900000)
  to   space 9216K, 0% used [0x000000077d600000,0x000000077d600000,0x000000077df00000)
 ParOldGen       total 171008K, used 48K [0x00000006c7200000, 0x00000006d1900000, 0x000000076d100000)
  object space 171008K, 0% used [0x00000006c7200000,0x00000006c720c000,0x00000006d1900000)
 Metaspace       used 17394K, capacity 17618K, committed 17792K, reserved 1064960K
  class space    used 1576K, capacity 1662K, committed 1664K, reserved 1048576K
Event: 5.491 GC heap after
Heap after GC invocations=6 (full 0):
 PSYoungGen      total 266240K, used 4840K [0x000000076d100000, 0x000000077de00000, 0x00000007c0000000)
  eden space 258048K, 0% used [0x000000076d100000,0x000000076d100000,0x000000077cd00000)
  from space 8192K, 59% used [0x000000077d600000,0x000000077daba090,0x000000077de00000)
  to   space 8704K, 0% used [0x000000077cd00000,0x000000077cd00000,0x000000077d580000)
 ParOldGen       total 171008K, used 56K [0x00000006c7200000, 0x00000006d1900000, 0x000000076d100000)
  object space 171008K, 0% used [0x00000006c7200000,0x00000006c720e000,0x00000006d1900000)
 Metaspace       used 17394K, capacity 17618K, committed 17792K, reserved 1064960K
  class space    used 1576K, capacity 1662K, committed 1664K, reserved 1048576K
}
Event: 6.983 GC heap before
{Heap before GC invocations=7 (full 0):
 PSYoungGen      total 266240K, used 262888K [0x000000076d100000, 0x000000077de00000, 0x00000007c0000000)
  eden space 258048K, 100% used [0x000000076d100000,0x000000077cd00000,0x000000077cd00000)
  from space 8192K, 59% used [0x000000077d600000,0x000000077daba090,0x000000077de00000)
  to   space 8704K, 0% used [0x000000077cd00000,0x000000077cd00000,0x000000077d580000)
 ParOldGen       total 171008K, used 56K [0x00000006c7200000, 0x00000006d1900000, 0x000000076d100000)
  object space 171008K, 0% used [0x00000006c7200000,0x00000006c720e000,0x00000006d1900000)
 Metaspace       used 17460K, capacity 17682K, committed 17792K, reserved 1064960K
  class space    used 1576K, capacity 1662K, committed 1664K, reserved 1048576K
Event: 6.992 GC heap after
Heap after GC invocations=7 (full 0):
 PSYoungGen      total 266752K, used 96K [0x000000076d100000, 0x000000078dc00000, 0x00000007c0000000)
  eden space 258048K, 0% used [0x000000076d100000,0x000000076d100000,0x000000077cd00000)
  from space 8704K, 1% used [0x000000077cd00000,0x000000077cd18000,0x000000077d580000)
  to   space 9728K, 0% used [0x000000078d280000,0x000000078d280000,0x000000078dc00000)
 ParOldGen       total 171008K, used 4802K [0x00000006c7200000, 0x00000006d1900000, 0x000000076d100000)
  object space 171008K, 2% used [0x00000006c7200000,0x00000006c76b0a68,0x00000006d1900000)
 Metaspace       used 17460K, capacity 17682K, committed 17792K, reserved 1064960K
  class space    used 1576K, capacity 1662K, committed 1664K, reserved 1048576K
}

