# JRE version: Java(TM) SE Runtime Environment (8.0_51-b16) (build 1.8.0_51-b16)
# Java VM: Java HotSpot(TM) 64-Bit Server VM (25.51-b03 mixed mode linux-amd64 compressed oops)
Heap:
 PSYoungGen      total 307200K, used 293971K [0x000000076d100000, 0x000000078a080000, 0x00000007c0000000)
  eden space 306688K, 95% used [0x000000076d100000,0x000000077f004d28,0x000000077fc80000)
  from space 512K, 12% used [0x000000078a000000,0x000000078a010000,0x000000078a080000)
  to   space 7168K, 0% used [0x0000000789280000,0x0000000789280000,0x0000000789980000)
 ParOldGen       total 171008K, used 4878K [0x00000006c7200000, 0x00000006d1900000, 0x000000076d100000)
  object space 171008K, 2% used [0x00000006c7200000,0x00000006c76c3ab0,0x00000006d1900000)
 Metaspace       used 17641K, capacity 17866K, committed 18048K, reserved 1064960K
  class space    used 1574K, capacity 1662K, committed 1664K, reserved 1048576K
GC Heap History (10 events):
Event: 31.956 GC heap before
{Heap before GC invocations=16 (full 0):
 PSYoungGen      total 388608K, used 379424K [0x000000076d100000, 0x000000078b780000, 0x00000007c0000000)
  eden space 379392K, 100% used [0x000000076d100000,0x0000000784380000,0x0000000784380000)
  from space 9216K, 0% used [0x000000078a580000,0x000000078a588000,0x000000078ae80000)
  to   space 9216K, 0% used [0x000000078ae80000,0x000000078ae80000,0x000000078b780000)
 ParOldGen       total 171008K, used 4870K [0x00000006c7200000, 0x00000006d1900000, 0x000000076d100000)
  object space 171008K, 2% used [0x00000006c7200000,0x00000006c76c1ab0,0x00000006d1900000)
 Metaspace       used 17639K, capacity 17866K, committed 18048K, reserved 1064960K
  class space    used 1574K, capacity 1662K, committed 1664K, reserved 1048576K
Event: 31.959 GC heap after
Heap after GC invocations=16 (full 0):
 PSYoungGen      total 364032K, used 32K [0x000000076d100000, 0x000000078af00000, 0x00000007c0000000)
  eden space 363520K, 0% used [0x000000076d100000,0x000000076d100000,0x0000000783400000)
  from space 512K, 6% used [0x000000078ae80000,0x000000078ae88000,0x000000078af00000)
  to   space 8704K, 0% used [0x0000000789e00000,0x0000000789e00000,0x000000078a680000)
 ParOldGen       total 171008K, used 4870K [0x00000006c7200000, 0x00000006d1900000, 0x000000076d100000)
  object space 171008K, 2% used [0x00000006c7200000,0x00000006c76c1ab0,0x00000006d1900000)
 Metaspace       used 17639K, capacity 17866K, committed 18048K, reserved 1064960K
  class space    used 1574K, capacity 1662K, committed 1664K, reserved 1048576K
}
Event: 34.226 GC heap before
{Heap before GC invocations=17 (full 0):
 PSYoungGen      total 364032K, used 363552K [0x000000076d100000, 0x000000078af00000, 0x00000007c0000000)
  eden space 363520K, 100% used [0x000000076d100000,0x0000000783400000,0x0000000783400000)
  from space 512K, 6% used [0x000000078ae80000,0x000000078ae88000,0x000000078af00000)
  to   space 8704K, 0% used [0x0000000789e00000,0x0000000789e00000,0x000000078a680000)
 ParOldGen       total 171008K, used 4870K [0x00000006c7200000, 0x00000006d1900000, 0x000000076d100000)
  object space 171008K, 2% used [0x00000006c7200000,0x00000006c76c1ab0,0x00000006d1900000)
 Metaspace       used 17639K, capacity 17866K, committed 18048K, reserved 1064960K
  class space    used 1574K, capacity 1662K, committed 1664K, reserved 1048576K
Event: 34.228 GC heap after
Heap after GC invocations=17 (full 0):
 PSYoungGen      total 356864K, used 32K [0x000000076d100000, 0x000000078af00000, 0x00000007c0000000)
  eden space 348160K, 0% used [0x000000076d100000,0x000000076d100000,0x0000000782500000)
  from space 8704K, 0% used [0x0000000789e00000,0x0000000789e08000,0x000000078a680000)
  to   space 8192K, 0% used [0x000000078a700000,0x000000078a700000,0x000000078af00000)
 ParOldGen       total 171008K, used 4870K [0x00000006c7200000, 0x00000006d1900000, 0x000000076d100000)
  object space 171008K, 2% used [0x00000006c7200000,0x00000006c76c1ab0,0x00000006d1900000)
 Metaspace       used 17639K, capacity 17866K, committed 18048K, reserved 1064960K
  class space    used 1574K, capacity 1662K, committed 1664K, reserved 1048576K
}
Event: 36.909 GC heap before
{Heap before GC invocations=18 (full 0):
 PSYoungGen      total 356864K, used 348192K [0x000000076d100000, 0x000000078af00000, 0x00000007c0000000)
  eden space 348160K, 100% used [0x000000076d100000,0x0000000782500000,0x0000000782500000)
  from space 8704K, 0% used [0x0000000789e00000,0x0000000789e08000,0x000000078a680000)
  to   space 8192K, 0% used [0x000000078a700000,0x000000078a700000,0x000000078af00000)
 ParOldGen       total 171008K, used 4870K [0x00000006c7200000, 0x00000006d1900000, 0x000000076d100000)
  object space 171008K, 2% used [0x00000006c7200000,0x00000006c76c1ab0,0x00000006d1900000)
 Metaspace       used 17640K, capacity 17866K, committed 18048K, reserved 1064960K
  class space    used 1574K, capacity 1662K, committed 1664K, reserved 1048576K
Event: 36.913 GC heap after
Heap after GC invocations=18 (full 0):
 PSYoungGen      total 334336K, used 64K [0x000000076d100000, 0x000000078a780000, 0x00000007c0000000)
  eden space 333824K, 0% used [0x000000076d100000,0x000000076d100000,0x0000000781700000)
  from space 512K, 12% used [0x000000078a700000,0x000000078a710000,0x000000078a780000)
  to   space 8192K, 0% used [0x0000000789780000,0x0000000789780000,0x0000000789f80000)
 ParOldGen       total 171008K, used 4878K [0x00000006c7200000, 0x00000006d1900000, 0x000000076d100000)
  object space 171008K, 2% used [0x00000006c7200000,0x00000006c76c3ab0,0x00000006d1900000)
 Metaspace       used 17640K, capacity 17866K, committed 18048K, reserved 1064960K
  class space    used 1574K, capacity 1662K, committed 1664K, reserved 1048576K
}
Event: 39.427 GC heap before
{Heap before GC invocations=19 (full 0):
 PSYoungGen      total 334336K, used 333888K [0x000000076d100000, 0x000000078a780000, 0x00000007c0000000)
  eden space 333824K, 100% used [0x000000076d100000,0x0000000781700000,0x0000000781700000)
  from space 512K, 12% used [0x000000078a700000,0x000000078a710000,0x000000078a780000)
  to   space 8192K, 0% used [0x0000000789780000,0x0000000789780000,0x0000000789f80000)
 ParOldGen       total 171008K, used 4878K [0x00000006c7200000, 0x00000006d1900000, 0x000000076d100000)
  object space 171008K, 2% used [0x00000006c7200000,0x00000006c76c3ab0,0x00000006d1900000)
 Metaspace       used 17640K, capacity 17866K, committed 18048K, reserved 1064960K
  class space    used 1574K, capacity 1662K, committed 1664K, reserved 1048576K
Event: 39.435 GC heap after
Heap after GC invocations=19 (full 0):
 PSYoungGen      total 328192K, used 32K [0x000000076d100000, 0x000000078a780000, 0x00000007c0000000)
  eden space 320000K, 0% used [0x000000076d100000,0x000000076d100000,0x0000000780980000)
  from space 8192K, 0% used [0x0000000789780000,0x0000000789788000,0x0000000789f80000)
  to   space 7680K, 0% used [0x000000078a000000,0x000000078a000000,0x000000078a780000)
 ParOldGen       total 171008K, used 4878K [0x00000006c7200000, 0x00000006d1900000, 0x000000076d100000)
  object space 171008K, 2% used [0x00000006c7200000,0x00000006c76c3ab0,0x00000006d1900000)
 Metaspace       used 17640K, capacity 17866K, committed 18048K, reserved 1064960K
  class space    used 1574K, capacity 1662K, committed 1664K, reserved 1048576K
}
Event: 41.636 GC heap before
{Heap before GC invocations=20 (full 0):
 PSYoungGen      total 328192K, used 320032K [0x000000076d100000, 0x000000078a780000, 0x00000007c0000000)
  eden space 320000K, 100% used [0x000000076d100000,0x0000000780980000,0x0000000780980000)
  from space 8192K, 0% used [0x0000000789780000,0x0000000789788000,0x0000000789f80000)
  to   space 7680K, 0% used [0x000000078a000000,0x000000078a000000,0x000000078a780000)
 ParOldGen       total 171008K, used 4878K [0x00000006c7200000, 0x00000006d1900000, 0x000000076d100000)
  object space 171008K, 2% used [0x00000006c7200000,0x00000006c76c3ab0,0x00000006d1900000)
 Metaspace       used 17640K, capacity 17866K, committed 18048K, reserved 1064960K
  class space    used 1574K, capacity 1662K, committed 1664K, reserved 1048576K
Event: 41.639 GC heap after
Heap after GC invocations=20 (full 0):
 PSYoungGen      total 307200K, used 64K [0x000000076d100000, 0x000000078a080000, 0x00000007c0000000)
  eden space 306688K, 0% used [0x000000076d100000,0x000000076d100000,0x000000077fc80000)
  from space 512K, 12% used [0x000000078a000000,0x000000078a010000,0x000000078a080000)
  to   space 7168K, 0% used [0x0000000789280000,0x0000000789280000,0x0000000789980000)
 ParOldGen       total 171008K, used 4878K [0x00000006c7200000, 0x00000006d1900000, 0x000000076d100000)
  object space 171008K, 2% used [0x00000006c7200000,0x00000006c76c3ab0,0x00000006d1900000)
 Metaspace       used 17640K, capacity 17866K, committed 18048K, reserved 1064960K
  class space    used 1574K, capacity 1662K, committed 1664K, reserved 1048576K
}

