# JRE version: Java(TM) SE Runtime Environment (8.0_51-b16) (build 1.8.0_51-b16)
# Java VM: Java HotSpot(TM) 64-Bit Server VM (25.51-b03 mixed mode linux-amd64 compressed oops)
Heap:
 PSYoungGen      total 268288K, used 19588K [0x000000076d100000, 0x000000078db00000, 0x00000007c0000000)
  eden space 258048K, 5% used [0x000000076d100000,0x000000076df63150,0x000000077cd00000)
  from space 10240K, 47% used [0x000000077cd00000,0x000000077d1be0a0,0x000000077d700000)
  to   space 9216K, 0% used [0x000000078d200000,0x000000078d200000,0x000000078db00000)
 ParOldGen       total 171008K, used 24K [0x00000006c7200000, 0x00000006d1900000, 0x000000076d100000)
  object space 171008K, 0% used [0x00000006c7200000,0x00000006c7206000,0x00000006d1900000)
 Metaspace       used 17394K, capacity 17618K, committed 17792K, reserved 1064960K
  class space    used 1569K, capacity 1662K, committed 1664K, reserved 1048576K
GC Heap History (10 events):
Event: 2.137 GC heap before
{Heap before GC invocations=1 (full 0):
 PSYoungGen      total 74752K, used 64512K [0x000000076d100000, 0x0000000772400000, 0x00000007c0000000)
  eden space 64512K, 100% used [0x000000076d100000,0x0000000771000000,0x0000000771000000)
  from space 10240K, 0% used [0x0000000771a00000,0x0000000771a00000,0x0000000772400000)
  to   space 10240K, 0% used [0x0000000771000000,0x0000000771000000,0x0000000771a00000)
 ParOldGen       total 171008K, used 0K [0x00000006c7200000, 0x00000006d1900000, 0x000000076d100000)
  object space 171008K, 0% used [0x00000006c7200000,0x00000006c7200000,0x00000006d1900000)
 Metaspace       used 17160K, capacity 17362K, committed 17536K, reserved 1064960K
  class space    used 1569K, capacity 1662K, committed 1664K, reserved 1048576K
Event: 2.160 GC heap after
Heap after GC invocations=1 (full 0):
 PSYoungGen      total 74752K, used 8849K [0x000000076d100000, 0x0000000776300000, 0x00000007c0000000)
  eden space 64512K, 0% used [0x000000076d100000,0x000000076d100000,0x0000000771000000)
  from space 10240K, 86% used [0x0000000771000000,0x00000007718a4458,0x0000000771a00000)
  to   space 10240K, 0% used [0x0000000775900000,0x0000000775900000,0x0000000776300000)
 ParOldGen       total 171008K, used 0K [0x00000006c7200000, 0x00000006d1900000, 0x000000076d100000)
  object space 171008K, 0% used [0x00000006c7200000,0x00000006c7200000,0x00000006d1900000)
 Metaspace       used 17160K, capacity 17362K, committed 17536K, reserved 1064960K
  class space    used 1569K, capacity 1662K, committed 1664K, reserved 1048576K
}
Event: 2.852 GC heap before
{Heap before GC invocations=2 (full 0):
 PSYoungGen      total 74752K, used 73361K [0x000000076d100000, 0x0000000776300000, 0x00000007c0000000)
  eden space 64512K, 100% used [0x000000076d100000,0x0000000771000000,0x0000000771000000)
  from space 10240K, 86% used [0x0000000771000000,0x00000007718a4458,0x0000000771a00000)
  to   space 10240K, 0% used [0x0000000775900000,0x0000000775900000,0x0000000776300000)
 ParOldGen       total 171008K, used 0K [0x00000006c7200000, 0x00000006d1900000, 0x000000076d100000)
  object space 171008K, 0% used [0x00000006c7200000,0x00000006c7200000,0x00000006d1900000)
 Metaspace       used 17249K, capacity 17490K, committed 17792K, reserved 1064960K
  class space    used 1569K, capacity 1662K, committed 1664K, reserved 1048576K
Event: 2.863 GC heap after
Heap after GC invocations=2 (full 0):
 PSYoungGen      total 139264K, used 4843K [0x000000076d100000, 0x0000000776300000, 0x00000007c0000000)
  eden space 129024K, 0% used [0x000000076d100000,0x000000076d100000,0x0000000774f00000)
  from space 10240K, 47% used [0x0000000775900000,0x0000000775dbaed0,0x0000000776300000)
  to   space 10240K, 0% used [0x0000000774f00000,0x0000000774f00000,0x0000000775900000)
 ParOldGen       total 171008K, used 8K [0x00000006c7200000, 0x00000006d1900000, 0x000000076d100000)
  object space 171008K, 0% used [0x00000006c7200000,0x00000006c7202000,0x00000006d1900000)
 Metaspace       used 17249K, capacity 17490K, committed 17792K, reserved 1064960K
  class space    used 1569K, capacity 1662K, committed 1664K, reserved 1048576K
}
Event: 3.800 GC heap before
{Heap before GC invocations=3 (full 0):
 PSYoungGen      total 139264K, used 133867K [0x000000076d100000, 0x0000000776300000, 0x00000007c0000000)
  eden space 129024K, 100% used [0x000000076d100000,0x0000000774f00000,0x0000000774f00000)
  from space 10240K, 47% used [0x0000000775900000,0x0000000775dbaed0,0x0000000776300000)
  to   space 10240K, 0% used [0x0000000774f00000,0x0000000774f00000,0x0000000775900000)
 ParOldGen       total 171008K, used 8K [0x00000006c7200000, 0x00000006d1900000, 0x000000076d100000)
  object space 171008K, 0% used [0x00000006c7200000,0x00000006c7202000,0x00000006d1900000)
 Metaspace       used 17281K, capacity 17490K, committed 17792K, reserved 1064960K
  class space    used 1569K, capacity 1662K, committed 1664K, reserved 1048576K
Event: 3.809 GC heap after
Heap after GC invocations=3 (full 0):
 PSYoungGen      total 139264K, used 4846K [0x000000076d100000, 0x000000077e100000, 0x00000007c0000000)
  eden space 129024K, 0% used [0x000000076d100000,0x000000076d100000,0x0000000774f00000)
  from space 10240K, 47% used [0x0000000774f00000,0x00000007753bb970,0x0000000775900000)
  to   space 10240K, 0% used [0x000000077d700000,0x000000077d700000,0x000000077e100000)
 ParOldGen       total 171008K, used 16K [0x00000006c7200000, 0x00000006d1900000, 0x000000076d100000)
  object space 171008K, 0% used [0x00000006c7200000,0x00000006c7204000,0x00000006d1900000)
 Metaspace       used 17281K, capacity 17490K, committed 17792K, reserved 1064960K
  class space    used 1569K, capacity 1662K, committed 1664K, reserved 1048576K
}
Event: 4.526 GC heap before
{Heap before GC invocations=4 (full 0):
 PSYoungGen      total 139264K, used 133870K [0x000000076d100000, 0x000000077e100000, 0x00000007c0000000)
  eden space 129024K, 100% used [0x000000076d100000,0x0000000774f00000,0x0000000774f00000)
  from space 10240K, 47% used [0x0000000774f00000,0x00000007753bb970,0x0000000775900000)
  to   space 10240K, 0% used [0x000000077d700000,0x000000077d700000,0x000000077e100000)
 ParOldGen       total 171008K, used 16K [0x00000006c7200000, 0x00000006d1900000, 0x000000076d100000)
  object space 171008K, 0% used [0x00000006c7200000,0x00000006c7204000,0x00000006d1900000)
 Metaspace       used 17337K, capacity 17554K, committed 17792K, reserved 1064960K
  class space    used 1569K, capacity 1662K, committed 1664K, reserved 1048576K
Event: 4.536 GC heap after
Heap after GC invocations=4 (full 0):
 PSYoungGen      total 268288K, used 4878K [0x000000076d100000, 0x000000077e100000, 0x00000007c0000000)
  eden space 258048K, 0% used [0x000000076d100000,0x000000076d100000,0x000000077cd00000)
  from space 10240K, 47% used [0x000000077d700000,0x000000077dbc3950,0x000000077e100000)
  to   space 10240K, 0% used [0x000000077cd00000,0x000000077cd00000,0x000000077d700000)
 ParOldGen       total 171008K, used 16K [0x00000006c7200000, 0x00000006d1900000, 0x000000076d100000)
  object space 171008K, 0% used [0x00000006c7200000,0x00000006c7204000,0x00000006d1900000)
 Metaspace       used 17337K, capacity 17554K, committed 17792K, reserved 1064960K
  class space    used 1569K, capacity 1662K, committed 1664K, reserved 1048576K
}
Event: 5.969 GC heap before
{Heap before GC invocations=5 (full 0):
 PSYoungGen      total 268288K, used 262926K [0x000000076d100000, 0x000000077e100000, 0x00000007c0000000)
  eden space 258048K, 100% used [0x000000076d100000,0x000000077cd00000,0x000000077cd00000)
  from space 10240K, 47% used [0x000000077d700000,0x000000077dbc3950,0x000000077e100000)
  to   space 10240K, 0% used [0x000000077cd00000,0x000000077cd00000,0x000000077d700000)
 ParOldGen       total 171008K, used 16K [0x00000006c7200000, 0x00000006d1900000, 0x000000076d100000)
  object space 171008K, 0% used [0x00000006c7200000,0x00000006c7204000,0x00000006d1900000)
 Metaspace       used 17393K, capacity 17618K, committed 17792K, reserved 1064960K
  class space    used 1569K, capacity 1662K, committed 1664K, reserved 1048576K
Event: 5.979 GC heap after
Heap after GC invocations=5 (full 0):
 PSYoungGen      total 268288K, used 4856K [0x000000076d100000, 0x000000078db00000, 0x00000007c0000000)
  eden space 258048K, 0% used [0x000000076d100000,0x000000076d100000,0x000000077cd00000)
  from space 10240K, 47% used [0x000000077cd00000,0x000000077d1be0a0,0x000000077d700000)
  to   space 9216K, 0% used [0x000000078d200000,0x000000078d200000,0x000000078db00000)
 ParOldGen       total 171008K, used 24K [0x00000006c7200000, 0x00000006d1900000, 0x000000076d100000)
  object space 171008K, 0% used [0x00000006c7200000,0x00000006c7206000,0x00000006d1900000)
 Metaspace       used 17393K, capacity 17618K, committed 17792K, reserved 1064960K
  class space    used 1569K, capacity 1662K, committed 1664K, reserved 1048576K
}

