# JRE version: Java(TM) SE Runtime Environment (8.0_51-b16) (build 1.8.0_51-b16)
# Java VM: Java HotSpot(TM) 64-Bit Server VM (25.51-b03 mixed mode linux-amd64 compressed oops)
Heap:
 PSYoungGen      total 44032K, used 4319K [0x000000076d100000, 0x0000000774d80000, 0x00000007c0000000)
  eden space 43008K, 9% used [0x000000076d100000,0x000000076d52fd40,0x000000076fb00000)
  from space 1024K, 3% used [0x0000000774b80000,0x0000000774b88000,0x0000000774c80000)
  to   space 1024K, 0% used [0x0000000774c80000,0x0000000774c80000,0x0000000774d80000)
 ParOldGen       total 171008K, used 9946K [0x00000006c7200000, 0x00000006d1900000, 0x000000076d100000)
  object space 171008K, 5% used [0x00000006c7200000,0x00000006c7bb6970,0x00000006d1900000)
 Metaspace       used 17416K, capacity 17650K, committed 17792K, reserved 1064960K
  class space    used 1554K, capacity 1630K, committed 1664K, reserved 1048576K
GC Heap History (10 events):
Event: 52.968 GC heap before
{Heap before GC invocations=53 (full 0):
 PSYoungGen      total 46080K, used 45632K [0x000000076d100000, 0x0000000774e80000, 0x00000007c0000000)
  eden space 45568K, 100% used [0x000000076d100000,0x000000076fd80000,0x000000076fd80000)
  from space 512K, 12% used [0x0000000774e00000,0x0000000774e10000,0x0000000774e80000)
  to   space 1536K, 0% used [0x0000000774b80000,0x0000000774b80000,0x0000000774d00000)
 ParOldGen       total 171008K, used 9922K [0x00000006c7200000, 0x00000006d1900000, 0x000000076d100000)
  object space 171008K, 5% used [0x00000006c7200000,0x00000006c7bb0970,0x00000006d1900000)
 Metaspace       used 17414K, capacity 17650K, committed 17792K, reserved 1064960K
  class space    used 1554K, capacity 1630K, committed 1664K, reserved 1048576K
Event: 52.970 GC heap after
Heap after GC invocations=53 (full 0):
 PSYoungGen      total 46592K, used 32K [0x000000076d100000, 0x0000000774e80000, 0x00000007c0000000)
  eden space 45056K, 0% used [0x000000076d100000,0x000000076d100000,0x000000076fd00000)
  from space 1536K, 2% used [0x0000000774b80000,0x0000000774b88000,0x0000000774d00000)
  to   space 1024K, 0% used [0x0000000774d80000,0x0000000774d80000,0x0000000774e80000)
 ParOldGen       total 171008K, used 9922K [0x00000006c7200000, 0x00000006d1900000, 0x000000076d100000)
  object space 171008K, 5% used [0x00000006c7200000,0x00000006c7bb0970,0x00000006d1900000)
 Metaspace       used 17414K, capacity 17650K, committed 17792K, reserved 1064960K
  class space    used 1554K, capacity 1630K, committed 1664K, reserved 1048576K
}
Event: 53.591 GC heap before
{Heap before GC invocations=54 (full 0):
 PSYoungGen      total 46592K, used 45088K [0x000000076d100000, 0x0000000774e80000, 0x00000007c0000000)
  eden space 45056K, 100% used [0x000000076d100000,0x000000076fd00000,0x000000076fd00000)
  from space 1536K, 2% used [0x0000000774b80000,0x0000000774b88000,0x0000000774d00000)
  to   space 1024K, 0% used [0x0000000774d80000,0x0000000774d80000,0x0000000774e80000)
 ParOldGen       total 171008K, used 9922K [0x00000006c7200000, 0x00000006d1900000, 0x000000076d100000)
  object space 171008K, 5% used [0x00000006c7200000,0x00000006c7bb0970,0x00000006d1900000)
 Metaspace       used 17415K, capacity 17650K, committed 17792K, reserved 1064960K
  class space    used 1554K, capacity 1630K, committed 1664K, reserved 1048576K
Event: 53.592 GC heap after
Heap after GC invocations=54 (full 0):
 PSYoungGen      total 45056K, used 64K [0x000000076d100000, 0x0000000774e00000, 0x00000007c0000000)
  eden space 44544K, 0% used [0x000000076d100000,0x000000076d100000,0x000000076fc80000)
  from space 512K, 12% used [0x0000000774d80000,0x0000000774d90000,0x0000000774e00000)
  to   space 1024K, 0% used [0x0000000774c00000,0x0000000774c00000,0x0000000774d00000)
 ParOldGen       total 171008K, used 9930K [0x00000006c7200000, 0x00000006d1900000, 0x000000076d100000)
  object space 171008K, 5% used [0x00000006c7200000,0x00000006c7bb2970,0x00000006d1900000)
 Metaspace       used 17415K, capacity 17650K, committed 17792K, reserved 1064960K
  class space    used 1554K, capacity 1630K, committed 1664K, reserved 1048576K
}
Event: 54.155 GC heap before
{Heap before GC invocations=55 (full 0):
 PSYoungGen      total 45056K, used 44608K [0x000000076d100000, 0x0000000774e00000, 0x00000007c0000000)
  eden space 44544K, 100% used [0x000000076d100000,0x000000076fc80000,0x000000076fc80000)
  from space 512K, 12% used [0x0000000774d80000,0x0000000774d90000,0x0000000774e00000)
  to   space 1024K, 0% used [0x0000000774c00000,0x0000000774c00000,0x0000000774d00000)
 ParOldGen       total 171008K, used 9930K [0x00000006c7200000, 0x00000006d1900000, 0x000000076d100000)
  object space 171008K, 5% used [0x00000006c7200000,0x00000006c7bb2970,0x00000006d1900000)
 Metaspace       used 17415K, capacity 17650K, committed 17792K, reserved 1064960K
  class space    used 1554K, capacity 1630K, committed 1664K, reserved 1048576K
Event: 54.156 GC heap after
Heap after GC invocations=55 (full 0):
 PSYoungGen      total 45056K, used 32K [0x000000076d100000, 0x0000000774e00000, 0x00000007c0000000)
  eden space 44032K, 0% used [0x000000076d100000,0x000000076d100000,0x000000076fc00000)
  from space 1024K, 3% used [0x0000000774c00000,0x0000000774c08000,0x0000000774d00000)
  to   space 1024K, 0% used [0x0000000774d00000,0x0000000774d00000,0x0000000774e00000)
 ParOldGen       total 171008K, used 9938K [0x00000006c7200000, 0x00000006d1900000, 0x000000076d100000)
  object space 171008K, 5% used [0x00000006c7200000,0x00000006c7bb4970,0x00000006d1900000)
 Metaspace       used 17415K, capacity 17650K, committed 17792K, reserved 1064960K
  class space    used 1554K, capacity 1630K, committed 1664K, reserved 1048576K
}
Event: 54.678 GC heap before
{Heap before GC invocations=56 (full 0):
 PSYoungGen      total 45056K, used 44064K [0x000000076d100000, 0x0000000774e00000, 0x00000007c0000000)
  eden space 44032K, 100% used [0x000000076d100000,0x000000076fc00000,0x000000076fc00000)
  from space 1024K, 3% used [0x0000000774c00000,0x0000000774c08000,0x0000000774d00000)
  to   space 1024K, 0% used [0x0000000774d00000,0x0000000774d00000,0x0000000774e00000)
 ParOldGen       total 171008K, used 9938K [0x00000006c7200000, 0x00000006d1900000, 0x000000076d100000)
  object space 171008K, 5% used [0x00000006c7200000,0x00000006c7bb4970,0x00000006d1900000)
 Metaspace       used 17415K, capacity 17650K, committed 17792K, reserved 1064960K
  class space    used 1554K, capacity 1630K, committed 1664K, reserved 1048576K
Event: 54.679 GC heap after
Heap after GC invocations=56 (full 0):
 PSYoungGen      total 44032K, used 32K [0x000000076d100000, 0x0000000774d80000, 0x00000007c0000000)
  eden space 43520K, 0% used [0x000000076d100000,0x000000076d100000,0x000000076fb80000)
  from space 512K, 6% used [0x0000000774d00000,0x0000000774d08000,0x0000000774d80000)
  to   space 1024K, 0% used [0x0000000774b80000,0x0000000774b80000,0x0000000774c80000)
 ParOldGen       total 171008K, used 9946K [0x00000006c7200000, 0x00000006d1900000, 0x000000076d100000)
  object space 171008K, 5% used [0x00000006c7200000,0x00000006c7bb6970,0x00000006d1900000)
 Metaspace       used 17415K, capacity 17650K, committed 17792K, reserved 1064960K
  class space    used 1554K, capacity 1630K, committed 1664K, reserved 1048576K
}
Event: 55.301 GC heap before
{Heap before GC invocations=57 (full 0):
 PSYoungGen      total 44032K, used 43552K [0x000000076d100000, 0x0000000774d80000, 0x00000007c0000000)
  eden space 43520K, 100% used [0x000000076d100000,0x000000076fb80000,0x000000076fb80000)
  from space 512K, 6% used [0x0000000774d00000,0x0000000774d08000,0x0000000774d80000)
  to   space 1024K, 0% used [0x0000000774b80000,0x0000000774b80000,0x0000000774c80000)
 ParOldGen       total 171008K, used 9946K [0x00000006c7200000, 0x00000006d1900000, 0x000000076d100000)
  object space 171008K, 5% used [0x00000006c7200000,0x00000006c7bb6970,0x00000006d1900000)
 Metaspace       used 17415K, capacity 17650K, committed 17792K, reserved 1064960K
  class space    used 1554K, capacity 1630K, committed 1664K, reserved 1048576K
Event: 55.303 GC heap after
Heap after GC invocations=57 (full 0):
 PSYoungGen      total 44032K, used 32K [0x000000076d100000, 0x0000000774d80000, 0x00000007c0000000)
  eden space 43008K, 0% used [0x000000076d100000,0x000000076d100000,0x000000076fb00000)
  from space 1024K, 3% used [0x0000000774b80000,0x0000000774b88000,0x0000000774c80000)
  to   space 1024K, 0% used [0x0000000774c80000,0x0000000774c80000,0x0000000774d80000)
 ParOldGen       total 171008K, used 9946K [0x00000006c7200000, 0x00000006d1900000, 0x000000076d100000)
  object space 171008K, 5% used [0x00000006c7200000,0x00000006c7bb6970,0x00000006d1900000)
 Metaspace       used 17415K, capacity 17650K, committed 17792K, reserved 1064960K
  class space    used 1554K, capacity 1630K, committed 1664K, reserved 1048576K
}

