# JRE version: Java(TM) SE Runtime Environment (8.0_51-b16) (build 1.8.0_51-b16)
# Java VM: Java HotSpot(TM) 64-Bit Server VM (25.51-b03 mixed mode linux-amd64 compressed oops)
Heap:
 PSYoungGen      total 139264K, used 100858K [0x000000076d100000, 0x000000077df00000, 0x00000007c0000000)
  eden space 129024K, 74% used [0x000000076d100000,0x0000000772ec0a30,0x0000000774f00000)
  from space 10240K, 47% used [0x0000000774f00000,0x00000007753be0a0,0x0000000775900000)
  to   space 9216K, 0% used [0x000000077d600000,0x000000077d600000,0x000000077df00000)
 ParOldGen       total 171008K, used 48K [0x00000006c7200000, 0x00000006d1900000, 0x000000076d100000)
  object space 171008K, 0% used [0x00000006c7200000,0x00000006c720c000,0x00000006d1900000)
 Metaspace       used 17369K, capacity 17550K, committed 17792K, reserved 1064960K
  class space    used 1575K, capacity 1662K, committed 1664K, reserved 1048576K
GC Heap History (10 events):
Event: 2.289 GC heap before
{Heap before GC invocations=1 (full 0):
 PSYoungGen      total 74752K, used 64512K [0x000000076d100000, 0x0000000772400000, 0x00000007c0000000)
  eden space 64512K, 100% used [0x000000076d100000,0x0000000771000000,0x0000000771000000)
  from space 10240K, 0% used [0x0000000771a00000,0x0000000771a00000,0x0000000772400000)
  to   space 10240K, 0% used [0x0000000771000000,0x0000000771000000,0x0000000771a00000)
 ParOldGen       total 171008K, used 0K [0x00000006c7200000, 0x00000006d1900000, 0x000000076d100000)
  object space 171008K, 0% used [0x00000006c7200000,0x00000006c7200000,0x00000006d1900000)
 Metaspace       used 17158K, capacity 17358K, committed 17536K, reserved 1064960K
  class space    used 1575K, capacity 1662K, committed 1664K, reserved 1048576K
Event: 2.306 GC heap after
Heap after GC invocations=1 (full 0):
 PSYoungGen      total 74752K, used 8915K [0x000000076d100000, 0x0000000772400000, 0x00000007c0000000)
  eden space 64512K, 0% used [0x000000076d100000,0x000000076d100000,0x0000000771000000)
  from space 10240K, 87% used [0x0000000771000000,0x00000007718b4e78,0x0000000771a00000)
  to   space 10240K, 0% used [0x0000000771a00000,0x0000000771a00000,0x0000000772400000)
 ParOldGen       total 171008K, used 16K [0x00000006c7200000, 0x00000006d1900000, 0x000000076d100000)
  object space 171008K, 0% used [0x00000006c7200000,0x00000006c7204000,0x00000006d1900000)
 Metaspace       used 17158K, capacity 17358K, committed 17536K, reserved 1064960K
  class space    used 1575K, capacity 1662K, committed 1664K, reserved 1048576K
}
Event: 3.010 GC heap before
{Heap before GC invocations=2 (full 0):
 PSYoungGen      total 74752K, used 73427K [0x000000076d100000, 0x0000000772400000, 0x00000007c0000000)
  eden space 64512K, 100% used [0x000000076d100000,0x0000000771000000,0x0000000771000000)
  from space 10240K, 87% used [0x0000000771000000,0x00000007718b4e78,0x0000000771a00000)
  to   space 10240K, 0% used [0x0000000771a00000,0x0000000771a00000,0x0000000772400000)
 ParOldGen       total 171008K, used 16K [0x00000006c7200000, 0x00000006d1900000, 0x000000076d100000)
  object space 171008K, 0% used [0x00000006c7200000,0x00000006c7204000,0x00000006d1900000)
 Metaspace       used 17244K, capacity 17486K, committed 17792K, reserved 1064960K
  class space    used 1575K, capacity 1662K, committed 1664K, reserved 1048576K
Event: 3.021 GC heap after
Heap after GC invocations=2 (full 0):
 PSYoungGen      total 74752K, used 4794K [0x000000076d100000, 0x0000000776300000, 0x00000007c0000000)
  eden space 64512K, 0% used [0x000000076d100000,0x000000076d100000,0x0000000771000000)
  from space 10240K, 46% used [0x0000000771a00000,0x0000000771eaeb40,0x0000000772400000)
  to   space 10240K, 0% used [0x0000000771000000,0x0000000771000000,0x0000000771a00000)
 ParOldGen       total 171008K, used 24K [0x00000006c7200000, 0x00000006d1900000, 0x000000076d100000)
  object space 171008K, 0% used [0x00000006c7200000,0x00000006c7206000,0x00000006d1900000)
 Metaspace       used 17244K, capacity 17486K, committed 17792K, reserved 1064960K
  class space    used 1575K, capacity 1662K, committed 1664K, reserved 1048576K
}
Event: 3.479 GC heap before
{Heap before GC invocations=3 (full 0):
 PSYoungGen      total 74752K, used 69306K [0x000000076d100000, 0x0000000776300000, 0x00000007c0000000)
  eden space 64512K, 100% used [0x000000076d100000,0x0000000771000000,0x0000000771000000)
  from space 10240K, 46% used [0x0000000771a00000,0x0000000771eaeb40,0x0000000772400000)
  to   space 10240K, 0% used [0x0000000771000000,0x0000000771000000,0x0000000771a00000)
 ParOldGen       total 171008K, used 24K [0x00000006c7200000, 0x00000006d1900000, 0x000000076d100000)
  object space 171008K, 0% used [0x00000006c7200000,0x00000006c7206000,0x00000006d1900000)
 Metaspace       used 17266K, capacity 17486K, committed 17792K, reserved 1064960K
  class space    used 1575K, capacity 1662K, committed 1664K, reserved 1048576K
Event: 3.489 GC heap after
Heap after GC invocations=3 (full 0):
 PSYoungGen      total 74752K, used 4840K [0x000000076d100000, 0x0000000776300000, 0x00000007c0000000)
  eden space 64512K, 0% used [0x000000076d100000,0x000000076d100000,0x0000000771000000)
  from space 10240K, 47% used [0x0000000771000000,0x00000007714ba070,0x0000000771a00000)
  to   space 10240K, 0% used [0x0000000775900000,0x0000000775900000,0x0000000776300000)
 ParOldGen       total 171008K, used 32K [0x00000006c7200000, 0x00000006d1900000, 0x000000076d100000)
  object space 171008K, 0% used [0x00000006c7200000,0x00000006c7208000,0x00000006d1900000)
 Metaspace       used 17266K, capacity 17486K, committed 17792K, reserved 1064960K
  class space    used 1575K, capacity 1662K, committed 1664K, reserved 1048576K
}
Event: 3.909 GC heap before
{Heap before GC invocations=4 (full 0):
 PSYoungGen      total 74752K, used 69352K [0x000000076d100000, 0x0000000776300000, 0x00000007c0000000)
  eden space 64512K, 100% used [0x000000076d100000,0x0000000771000000,0x0000000771000000)
  from space 10240K, 47% used [0x0000000771000000,0x00000007714ba070,0x0000000771a00000)
  to   space 10240K, 0% used [0x0000000775900000,0x0000000775900000,0x0000000776300000)
 ParOldGen       total 171008K, used 32K [0x00000006c7200000, 0x00000006d1900000, 0x000000076d100000)
  object space 171008K, 0% used [0x00000006c7200000,0x00000006c7208000,0x00000006d1900000)
 Metaspace       used 17284K, capacity 17486K, committed 17792K, reserved 1064960K
  class space    used 1575K, capacity 1662K, committed 1664K, reserved 1048576K
Event: 3.916 GC heap after
Heap after GC invocations=4 (full 0):
 PSYoungGen      total 139264K, used 4904K [0x000000076d100000, 0x0000000776300000, 0x00000007c0000000)
  eden space 129024K, 0% used [0x000000076d100000,0x000000076d100000,0x0000000774f00000)
  from space 10240K, 47% used [0x0000000775900000,0x0000000775dca090,0x0000000776300000)
  to   space 10240K, 0% used [0x0000000774f00000,0x0000000774f00000,0x0000000775900000)
 ParOldGen       total 171008K, used 40K [0x00000006c7200000, 0x00000006d1900000, 0x000000076d100000)
  object space 171008K, 0% used [0x00000006c7200000,0x00000006c720a000,0x00000006d1900000)
 Metaspace       used 17284K, capacity 17486K, committed 17792K, reserved 1064960K
  class space    used 1575K, capacity 1662K, committed 1664K, reserved 1048576K
}
Event: 4.635 GC heap before
{Heap before GC invocations=5 (full 0):
 PSYoungGen      total 139264K, used 133928K [0x000000076d100000, 0x0000000776300000, 0x00000007c0000000)
  eden space 129024K, 100% used [0x000000076d100000,0x0000000774f00000,0x0000000774f00000)
  from space 10240K, 47% used [0x0000000775900000,0x0000000775dca090,0x0000000776300000)
  to   space 10240K, 0% used [0x0000000774f00000,0x0000000774f00000,0x0000000775900000)
 ParOldGen       total 171008K, used 40K [0x00000006c7200000, 0x00000006d1900000, 0x000000076d100000)
  object space 171008K, 0% used [0x00000006c7200000,0x00000006c720a000,0x00000006d1900000)
 Metaspace       used 17343K, capacity 17550K, committed 17792K, reserved 1064960K
  class space    used 1575K, capacity 1662K, committed 1664K, reserved 1048576K
Event: 4.644 GC heap after
Heap after GC invocations=5 (full 0):
 PSYoungGen      total 139264K, used 4856K [0x000000076d100000, 0x000000077df00000, 0x00000007c0000000)
  eden space 129024K, 0% used [0x000000076d100000,0x000000076d100000,0x0000000774f00000)
  from space 10240K, 47% used [0x0000000774f00000,0x00000007753be0a0,0x0000000775900000)
  to   space 9216K, 0% used [0x000000077d600000,0x000000077d600000,0x000000077df00000)
 ParOldGen       total 171008K, used 48K [0x00000006c7200000, 0x00000006d1900000, 0x000000076d100000)
  object space 171008K, 0% used [0x00000006c7200000,0x00000006c720c000,0x00000006d1900000)
 Metaspace       used 17343K, capacity 17550K, committed 17792K, reserved 1064960K
  class space    used 1575K, capacity 1662K, committed 1664K, reserved 1048576K
}

