# JRE version: Java(TM) SE Runtime Environment (8.0_51-b16) (build 1.8.0_51-b16)
# Java VM: Java HotSpot(TM) 64-Bit Server VM (25.51-b03 mixed mode linux-amd64 compressed oops)
Heap:
 PSYoungGen      total 31744K, used 23308K [0x000000076d100000, 0x000000076f100000, 0x00000007c0000000)
  eden space 31232K, 74% used [0x000000076d100000,0x000000076e7bb2d0,0x000000076ef80000)
  from space 512K, 6% used [0x000000076f080000,0x000000076f088000,0x000000076f100000)
  to   space 512K, 0% used [0x000000076f000000,0x000000076f000000,0x000000076f080000)
 ParOldGen       total 171008K, used 8727K [0x00000006c7200000, 0x00000006d1900000, 0x000000076d100000)
  object space 171008K, 5% used [0x00000006c7200000,0x00000006c7a85ee8,0x00000006d1900000)
 Metaspace       used 17327K, capacity 17506K, committed 17792K, reserved 1064960K
  class space    used 1555K, capacity 1630K, committed 1664K, reserved 1048576K
GC Heap History (10 events):
Event: 109.641 GC heap before
{Heap before GC invocations=356 (full 0):
 PSYoungGen      total 31744K, used 31316K [0x000000076d100000, 0x000000076f100000, 0x00000007c0000000)
  eden space 31232K, 100% used [0x000000076d100000,0x000000076ef80000,0x000000076ef80000)
  from space 512K, 16% used [0x000000076f000000,0x000000076f0152f0,0x000000076f080000)
  to   space 512K, 0% used [0x000000076f080000,0x000000076f080000,0x000000076f100000)
 ParOldGen       total 171008K, used 8727K [0x00000006c7200000, 0x00000006d1900000, 0x000000076d100000)
  object space 171008K, 5% used [0x00000006c7200000,0x00000006c7a85ee8,0x00000006d1900000)
 Metaspace       used 17326K, capacity 17506K, committed 17792K, reserved 1064960K
  class space    used 1555K, capacity 1630K, committed 1664K, reserved 1048576K
Event: 109.644 GC heap after
Heap after GC invocations=356 (full 0):
 PSYoungGen      total 31744K, used 64K [0x000000076d100000, 0x000000076f100000, 0x00000007c0000000)
  eden space 31232K, 0% used [0x000000076d100000,0x000000076d100000,0x000000076ef80000)
  from space 512K, 12% used [0x000000076f080000,0x000000076f090000,0x000000076f100000)
  to   space 512K, 0% used [0x000000076f000000,0x000000076f000000,0x000000076f080000)
 ParOldGen       total 171008K, used 8727K [0x00000006c7200000, 0x00000006d1900000, 0x000000076d100000)
  object space 171008K, 5% used [0x00000006c7200000,0x00000006c7a85ee8,0x00000006d1900000)
 Metaspace       used 17326K, capacity 17506K, committed 17792K, reserved 1064960K
  class space    used 1555K, capacity 1630K, committed 1664K, reserved 1048576K
}
Event: 110.336 GC heap before
{Heap before GC invocations=357 (full 0):
 PSYoungGen      total 31744K, used 31287K [0x000000076d100000, 0x000000076f100000, 0x00000007c0000000)
  eden space 31232K, 99% used [0x000000076d100000,0x000000076ef7dc90,0x000000076ef80000)
  from space 512K, 12% used [0x000000076f080000,0x000000076f090000,0x000000076f100000)
  to   space 512K, 0% used [0x000000076f000000,0x000000076f000000,0x000000076f080000)
 ParOldGen       total 171008K, used 8727K [0x00000006c7200000, 0x00000006d1900000, 0x000000076d100000)
  object space 171008K, 5% used [0x00000006c7200000,0x00000006c7a85ee8,0x00000006d1900000)
 Metaspace       used 17326K, capacity 17506K, committed 17792K, reserved 1064960K
  class space    used 1555K, capacity 1630K, committed 1664K, reserved 1048576K
Event: 110.339 GC heap after
Heap after GC invocations=357 (full 0):
 PSYoungGen      total 31744K, used 64K [0x000000076d100000, 0x000000076f100000, 0x00000007c0000000)
  eden space 31232K, 0% used [0x000000076d100000,0x000000076d100000,0x000000076ef80000)
  from space 512K, 12% used [0x000000076f000000,0x000000076f010000,0x000000076f080000)
  to   space 512K, 0% used [0x000000076f080000,0x000000076f080000,0x000000076f100000)
 ParOldGen       total 171008K, used 8727K [0x00000006c7200000, 0x00000006d1900000, 0x000000076d100000)
  object space 171008K, 5% used [0x00000006c7200000,0x00000006c7a85ee8,0x00000006d1900000)
 Metaspace       used 17326K, capacity 17506K, committed 17792K, reserved 1064960K
  class space    used 1555K, capacity 1630K, committed 1664K, reserved 1048576K
}
Event: 110.757 GC heap before
{Heap before GC invocations=358 (full 0):
 PSYoungGen      total 31744K, used 31296K [0x000000076d100000, 0x000000076f100000, 0x00000007c0000000)
  eden space 31232K, 100% used [0x000000076d100000,0x000000076ef80000,0x000000076ef80000)
  from space 512K, 12% used [0x000000076f000000,0x000000076f010000,0x000000076f080000)
  to   space 512K, 0% used [0x000000076f080000,0x000000076f080000,0x000000076f100000)
 ParOldGen       total 171008K, used 8727K [0x00000006c7200000, 0x00000006d1900000, 0x000000076d100000)
  object space 171008K, 5% used [0x00000006c7200000,0x00000006c7a85ee8,0x00000006d1900000)
 Metaspace       used 17326K, capacity 17506K, committed 17792K, reserved 1064960K
  class space    used 1555K, capacity 1630K, committed 1664K, reserved 1048576K
Event: 110.759 GC heap after
Heap after GC invocations=358 (full 0):
 PSYoungGen      total 31744K, used 64K [0x000000076d100000, 0x000000076f100000, 0x00000007c0000000)
  eden space 31232K, 0% used [0x000000076d100000,0x000000076d100000,0x000000076ef80000)
  from space 512K, 12% used [0x000000076f080000,0x000000076f090000,0x000000076f100000)
  to   space 512K, 0% used [0x000000076f000000,0x000000076f000000,0x000000076f080000)
 ParOldGen       total 171008K, used 8727K [0x00000006c7200000, 0x00000006d1900000, 0x000000076d100000)
  object space 171008K, 5% used [0x00000006c7200000,0x00000006c7a85ee8,0x00000006d1900000)
 Metaspace       used 17326K, capacity 17506K, committed 17792K, reserved 1064960K
  class space    used 1555K, capacity 1630K, committed 1664K, reserved 1048576K
}
Event: 111.126 GC heap before
{Heap before GC invocations=359 (full 0):
 PSYoungGen      total 31744K, used 31296K [0x000000076d100000, 0x000000076f100000, 0x00000007c0000000)
  eden space 31232K, 100% used [0x000000076d100000,0x000000076ef80000,0x000000076ef80000)
  from space 512K, 12% used [0x000000076f080000,0x000000076f090000,0x000000076f100000)
  to   space 512K, 0% used [0x000000076f000000,0x000000076f000000,0x000000076f080000)
 ParOldGen       total 171008K, used 8727K [0x00000006c7200000, 0x00000006d1900000, 0x000000076d100000)
  object space 171008K, 5% used [0x00000006c7200000,0x00000006c7a85ee8,0x00000006d1900000)
 Metaspace       used 17326K, capacity 17506K, committed 17792K, reserved 1064960K
  class space    used 1555K, capacity 1630K, committed 1664K, reserved 1048576K
Event: 111.128 GC heap after
Heap after GC invocations=359 (full 0):
 PSYoungGen      total 31744K, used 84K [0x000000076d100000, 0x000000076f100000, 0x00000007c0000000)
  eden space 31232K, 0% used [0x000000076d100000,0x000000076d100000,0x000000076ef80000)
  from space 512K, 16% used [0x000000076f000000,0x000000076f0152f0,0x000000076f080000)
  to   space 512K, 0% used [0x000000076f080000,0x000000076f080000,0x000000076f100000)
 ParOldGen       total 171008K, used 8727K [0x00000006c7200000, 0x00000006d1900000, 0x000000076d100000)
  object space 171008K, 5% used [0x00000006c7200000,0x00000006c7a85ee8,0x00000006d1900000)
 Metaspace       used 17326K, capacity 17506K, committed 17792K, reserved 1064960K
  class space    used 1555K, capacity 1630K, committed 1664K, reserved 1048576K
}
Event: 111.552 GC heap before
{Heap before GC invocations=360 (full 0):
 PSYoungGen      total 31744K, used 31316K [0x000000076d100000, 0x000000076f100000, 0x00000007c0000000)
  eden space 31232K, 100% used [0x000000076d100000,0x000000076ef80000,0x000000076ef80000)
  from space 512K, 16% used [0x000000076f000000,0x000000076f0152f0,0x000000076f080000)
  to   space 512K, 0% used [0x000000076f080000,0x000000076f080000,0x000000076f100000)
 ParOldGen       total 171008K, used 8727K [0x00000006c7200000, 0x00000006d1900000, 0x000000076d100000)
  object space 171008K, 5% used [0x00000006c7200000,0x00000006c7a85ee8,0x00000006d1900000)
 Metaspace       used 17326K, capacity 17506K, committed 17792K, reserved 1064960K
  class space    used 1555K, capacity 1630K, committed 1664K, reserved 1048576K
Event: 111.553 GC heap after
Heap after GC invocations=360 (full 0):
 PSYoungGen      total 31744K, used 32K [0x000000076d100000, 0x000000076f100000, 0x00000007c0000000)
  eden space 31232K, 0% used [0x000000076d100000,0x000000076d100000,0x000000076ef80000)
  from space 512K, 6% used [0x000000076f080000,0x000000076f088000,0x000000076f100000)
  to   space 512K, 0% used [0x000000076f000000,0x000000076f000000,0x000000076f080000)
 ParOldGen       total 171008K, used 8727K [0x00000006c7200000, 0x00000006d1900000, 0x000000076d100000)
  object space 171008K, 5% used [0x00000006c7200000,0x00000006c7a85ee8,0x00000006d1900000)
 Metaspace       used 17326K, capacity 17506K, committed 17792K, reserved 1064960K
  class space    used 1555K, capacity 1630K, committed 1664K, reserved 1048576K
}

