# JRE version: Java(TM) SE Runtime Environment (8.0_51-b16) (build 1.8.0_51-b16)
# Java VM: Java HotSpot(TM) 64-Bit Server VM (25.51-b03 mixed mode linux-amd64 compressed oops)
Heap:
 PSYoungGen      total 63488K, used 40327K [0x000000076d100000, 0x000000079a500000, 0x00000007c0000000)
  eden space 62976K, 63% used [0x000000076d100000,0x000000076f859e28,0x0000000770e80000)
  from space 512K, 6% used [0x000000079a480000,0x000000079a488000,0x000000079a500000)
  to   space 512K, 0% used [0x000000079a400000,0x000000079a400000,0x000000079a480000)
 ParOldGen       total 171008K, used 5810K [0x00000006c7200000, 0x00000006d1900000, 0x000000076d100000)
  object space 171008K, 3% used [0x00000006c7200000,0x00000006c77aca58,0x00000006d1900000)
 Metaspace       used 17660K, capacity 17858K, committed 18048K, reserved 1064960K
  class space    used 1574K, capacity 1662K, committed 1664K, reserved 1048576K
GC Heap History (10 events):
Event: 80.975 GC heap before
{Heap before GC invocations=298 (full 0):
 PSYoungGen      total 57856K, used 57376K [0x000000076d100000, 0x000000079a500000, 0x00000007c0000000)
  eden space 57344K, 100% used [0x000000076d100000,0x0000000770900000,0x0000000770900000)
  from space 512K, 6% used [0x000000079a400000,0x000000079a408000,0x000000079a480000)
  to   space 512K, 0% used [0x000000079a480000,0x000000079a480000,0x000000079a500000)
 ParOldGen       total 171008K, used 5802K [0x00000006c7200000, 0x00000006d1900000, 0x000000076d100000)
  object space 171008K, 3% used [0x00000006c7200000,0x00000006c77aaa58,0x00000006d1900000)
 Metaspace       used 17660K, capacity 17858K, committed 18048K, reserved 1064960K
  class space    used 1574K, capacity 1662K, committed 1664K, reserved 1048576K
Event: 80.977 GC heap after
Heap after GC invocations=298 (full 0):
 PSYoungGen      total 69632K, used 32K [0x000000076d100000, 0x000000079a500000, 0x00000007c0000000)
  eden space 69120K, 0% used [0x000000076d100000,0x000000076d100000,0x0000000771480000)
  from space 512K, 6% used [0x000000079a480000,0x000000079a488000,0x000000079a500000)
  to   space 512K, 0% used [0x000000079a400000,0x000000079a400000,0x000000079a480000)
 ParOldGen       total 171008K, used 5810K [0x00000006c7200000, 0x00000006d1900000, 0x000000076d100000)
  object space 171008K, 3% used [0x00000006c7200000,0x00000006c77aca58,0x00000006d1900000)
 Metaspace       used 17660K, capacity 17858K, committed 18048K, reserved 1064960K
  class space    used 1574K, capacity 1662K, committed 1664K, reserved 1048576K
}
Event: 81.133 GC heap before
{Heap before GC invocations=299 (full 0):
 PSYoungGen      total 69632K, used 69152K [0x000000076d100000, 0x000000079a500000, 0x00000007c0000000)
  eden space 69120K, 100% used [0x000000076d100000,0x0000000771480000,0x0000000771480000)
  from space 512K, 6% used [0x000000079a480000,0x000000079a488000,0x000000079a500000)
  to   space 512K, 0% used [0x000000079a400000,0x000000079a400000,0x000000079a480000)
 ParOldGen       total 171008K, used 5810K [0x00000006c7200000, 0x00000006d1900000, 0x000000076d100000)
  object space 171008K, 3% used [0x00000006c7200000,0x00000006c77aca58,0x00000006d1900000)
 Metaspace       used 17660K, capacity 17858K, committed 18048K, reserved 1064960K
  class space    used 1574K, capacity 1662K, committed 1664K, reserved 1048576K
Event: 81.134 GC heap after
Heap after GC invocations=299 (full 0):
 PSYoungGen      total 68096K, used 32K [0x000000076d100000, 0x000000079a500000, 0x00000007c0000000)
  eden space 67584K, 0% used [0x000000076d100000,0x000000076d100000,0x0000000771300000)
  from space 512K, 6% used [0x000000079a400000,0x000000079a408000,0x000000079a480000)
  to   space 512K, 0% used [0x000000079a480000,0x000000079a480000,0x000000079a500000)
 ParOldGen       total 171008K, used 5810K [0x00000006c7200000, 0x00000006d1900000, 0x000000076d100000)
  object space 171008K, 3% used [0x00000006c7200000,0x00000006c77aca58,0x00000006d1900000)
 Metaspace       used 17660K, capacity 17858K, committed 18048K, reserved 1064960K
  class space    used 1574K, capacity 1662K, committed 1664K, reserved 1048576K
}
Event: 81.289 GC heap before
{Heap before GC invocations=300 (full 0):
 PSYoungGen      total 68096K, used 67616K [0x000000076d100000, 0x000000079a500000, 0x00000007c0000000)
  eden space 67584K, 100% used [0x000000076d100000,0x0000000771300000,0x0000000771300000)
  from space 512K, 6% used [0x000000079a400000,0x000000079a408000,0x000000079a480000)
  to   space 512K, 0% used [0x000000079a480000,0x000000079a480000,0x000000079a500000)
 ParOldGen       total 171008K, used 5810K [0x00000006c7200000, 0x00000006d1900000, 0x000000076d100000)
  object space 171008K, 3% used [0x00000006c7200000,0x00000006c77aca58,0x00000006d1900000)
 Metaspace       used 17660K, capacity 17858K, committed 18048K, reserved 1064960K
  class space    used 1574K, capacity 1662K, committed 1664K, reserved 1048576K
Event: 81.290 GC heap after
Heap after GC invocations=300 (full 0):
 PSYoungGen      total 66560K, used 64K [0x000000076d100000, 0x000000079a500000, 0x00000007c0000000)
  eden space 66048K, 0% used [0x000000076d100000,0x000000076d100000,0x0000000771180000)
  from space 512K, 12% used [0x000000079a480000,0x000000079a490000,0x000000079a500000)
  to   space 512K, 0% used [0x000000079a400000,0x000000079a400000,0x000000079a480000)
 ParOldGen       total 171008K, used 5810K [0x00000006c7200000, 0x00000006d1900000, 0x000000076d100000)
  object space 171008K, 3% used [0x00000006c7200000,0x00000006c77aca58,0x00000006d1900000)
 Metaspace       used 17660K, capacity 17858K, committed 18048K, reserved 1064960K
  class space    used 1574K, capacity 1662K, committed 1664K, reserved 1048576K
}
Event: 81.440 GC heap before
{Heap before GC invocations=301 (full 0):
 PSYoungGen      total 66560K, used 66112K [0x000000076d100000, 0x000000079a500000, 0x00000007c0000000)
  eden space 66048K, 100% used [0x000000076d100000,0x0000000771180000,0x0000000771180000)
  from space 512K, 12% used [0x000000079a480000,0x000000079a490000,0x000000079a500000)
  to   space 512K, 0% used [0x000000079a400000,0x000000079a400000,0x000000079a480000)
 ParOldGen       total 171008K, used 5810K [0x00000006c7200000, 0x00000006d1900000, 0x000000076d100000)
  object space 171008K, 3% used [0x00000006c7200000,0x00000006c77aca58,0x00000006d1900000)
 Metaspace       used 17660K, capacity 17858K, committed 18048K, reserved 1064960K
  class space    used 1574K, capacity 1662K, committed 1664K, reserved 1048576K
Event: 81.441 GC heap after
Heap after GC invocations=301 (full 0):
 PSYoungGen      total 65024K, used 32K [0x000000076d100000, 0x000000079a500000, 0x00000007c0000000)
  eden space 64512K, 0% used [0x000000076d100000,0x000000076d100000,0x0000000771000000)
  from space 512K, 6% used [0x000000079a400000,0x000000079a408000,0x000000079a480000)
  to   space 512K, 0% used [0x000000079a480000,0x000000079a480000,0x000000079a500000)
 ParOldGen       total 171008K, used 5810K [0x00000006c7200000, 0x00000006d1900000, 0x000000076d100000)
  object space 171008K, 3% used [0x00000006c7200000,0x00000006c77aca58,0x00000006d1900000)
 Metaspace       used 17660K, capacity 17858K, committed 18048K, reserved 1064960K
  class space    used 1574K, capacity 1662K, committed 1664K, reserved 1048576K
}
Event: 81.598 GC heap before
{Heap before GC invocations=302 (full 0):
 PSYoungGen      total 65024K, used 64544K [0x000000076d100000, 0x000000079a500000, 0x00000007c0000000)
  eden space 64512K, 100% used [0x000000076d100000,0x0000000771000000,0x0000000771000000)
  from space 512K, 6% used [0x000000079a400000,0x000000079a408000,0x000000079a480000)
  to   space 512K, 0% used [0x000000079a480000,0x000000079a480000,0x000000079a500000)
 ParOldGen       total 171008K, used 5810K [0x00000006c7200000, 0x00000006d1900000, 0x000000076d100000)
  object space 171008K, 3% used [0x00000006c7200000,0x00000006c77aca58,0x00000006d1900000)
 Metaspace       used 17660K, capacity 17858K, committed 18048K, reserved 1064960K
  class space    used 1574K, capacity 1662K, committed 1664K, reserved 1048576K
Event: 81.600 GC heap after
Heap after GC invocations=302 (full 0):
 PSYoungGen      total 63488K, used 32K [0x000000076d100000, 0x000000079a500000, 0x00000007c0000000)
  eden space 62976K, 0% used [0x000000076d100000,0x000000076d100000,0x0000000770e80000)
  from space 512K, 6% used [0x000000079a480000,0x000000079a488000,0x000000079a500000)
  to   space 512K, 0% used [0x000000079a400000,0x000000079a400000,0x000000079a480000)
 ParOldGen       total 171008K, used 5810K [0x00000006c7200000, 0x00000006d1900000, 0x000000076d100000)
  object space 171008K, 3% used [0x00000006c7200000,0x00000006c77aca58,0x00000006d1900000)
 Metaspace       used 17660K, capacity 17858K, committed 18048K, reserved 1064960K
  class space    used 1574K, capacity 1662K, committed 1664K, reserved 1048576K
}

