# JRE version: Java(TM) SE Runtime Environment (8.0_51-b16) (build 1.8.0_51-b16)
# Java VM: Java HotSpot(TM) 64-Bit Server VM (25.51-b03 mixed mode linux-amd64 compressed oops)
Heap:
 PSYoungGen      total 461824K, used 322088K [0x000000076d100000, 0x000000078ca00000, 0x00000007c0000000)
  eden space 451584K, 71% used [0x000000076d100000,0x0000000780b72018,0x0000000788a00000)
  from space 10240K, 0% used [0x000000078b600000,0x000000078b618000,0x000000078c000000)
  to   space 10240K, 0% used [0x000000078c000000,0x000000078c000000,0x000000078ca00000)
 ParOldGen       total 171008K, used 4904K [0x00000006c7200000, 0x00000006d1900000, 0x000000076d100000)
  object space 171008K, 2% used [0x00000006c7200000,0x00000006c76ca2c0,0x00000006d1900000)
 Metaspace       used 17642K, capacity 17874K, committed 18048K, reserved 1064960K
  class space    used 1573K, capacity 1662K, committed 1664K, reserved 1048576K
GC Heap History (10 events):
Event: 6.947 GC heap before
{Heap before GC invocations=7 (full 0):
 PSYoungGen      total 266240K, used 262906K [0x000000076d100000, 0x000000077de00000, 0x00000007c0000000)
  eden space 258048K, 100% used [0x000000076d100000,0x000000077cd00000,0x000000077cd00000)
  from space 8192K, 59% used [0x000000077d600000,0x000000077dabeb20,0x000000077de00000)
  to   space 8704K, 0% used [0x000000077cd00000,0x000000077cd00000,0x000000077d580000)
 ParOldGen       total 171008K, used 56K [0x00000006c7200000, 0x00000006d1900000, 0x000000076d100000)
  object space 171008K, 0% used [0x00000006c7200000,0x00000006c720e000,0x00000006d1900000)
 Metaspace       used 17459K, capacity 17618K, committed 17792K, reserved 1064960K
  class space    used 1573K, capacity 1662K, committed 1664K, reserved 1048576K
Event: 6.962 GC heap after
Heap after GC invocations=7 (full 0):
 PSYoungGen      total 266752K, used 96K [0x000000076d100000, 0x000000078dc00000, 0x00000007c0000000)
  eden space 258048K, 0% used [0x000000076d100000,0x000000076d100000,0x000000077cd00000)
  from space 8704K, 1% used [0x000000077cd00000,0x000000077cd18000,0x000000077d580000)
  to   space 9728K, 0% used [0x000000078d280000,0x000000078d280000,0x000000078dc00000)
 ParOldGen       total 171008K, used 4800K [0x00000006c7200000, 0x00000006d1900000, 0x000000076d100000)
  object space 171008K, 2% used [0x00000006c7200000,0x00000006c76b02c0,0x00000006d1900000)
 Metaspace       used 17459K, capacity 17618K, committed 17792K, reserved 1064960K
  class space    used 1573K, capacity 1662K, committed 1664K, reserved 1048576K
}
Event: 8.376 GC heap before
{Heap before GC invocations=8 (full 0):
 PSYoungGen      total 266752K, used 258144K [0x000000076d100000, 0x000000078dc00000, 0x00000007c0000000)
  eden space 258048K, 100% used [0x000000076d100000,0x000000077cd00000,0x000000077cd00000)
  from space 8704K, 1% used [0x000000077cd00000,0x000000077cd18000,0x000000077d580000)
  to   space 9728K, 0% used [0x000000078d280000,0x000000078d280000,0x000000078dc00000)
 ParOldGen       total 171008K, used 4800K [0x00000006c7200000, 0x00000006d1900000, 0x000000076d100000)
  object space 171008K, 2% used [0x00000006c7200000,0x00000006c76b02c0,0x00000006d1900000)
 Metaspace       used 17522K, capacity 17746K, committed 18048K, reserved 1064960K
  class space    used 1573K, capacity 1662K, committed 1664K, reserved 1048576K
Event: 8.377 GC heap after
Heap after GC invocations=8 (full 0):
 PSYoungGen      total 525824K, used 128K [0x000000076d100000, 0x000000078dc00000, 0x00000007c0000000)
  eden space 516096K, 0% used [0x000000076d100000,0x000000076d100000,0x000000078c900000)
  from space 9728K, 1% used [0x000000078d280000,0x000000078d2a0000,0x000000078dc00000)
  to   space 9728K, 0% used [0x000000078c900000,0x000000078c900000,0x000000078d280000)
 ParOldGen       total 171008K, used 4824K [0x00000006c7200000, 0x00000006d1900000, 0x000000076d100000)
  object space 171008K, 2% used [0x00000006c7200000,0x00000006c76b62c0,0x00000006d1900000)
 Metaspace       used 17522K, capacity 17746K, committed 18048K, reserved 1064960K
  class space    used 1573K, capacity 1662K, committed 1664K, reserved 1048576K
}
Event: 11.315 GC heap before
{Heap before GC invocations=9 (full 0):
 PSYoungGen      total 525824K, used 516224K [0x000000076d100000, 0x000000078dc00000, 0x00000007c0000000)
  eden space 516096K, 100% used [0x000000076d100000,0x000000078c900000,0x000000078c900000)
  from space 9728K, 1% used [0x000000078d280000,0x000000078d2a0000,0x000000078dc00000)
  to   space 9728K, 0% used [0x000000078c900000,0x000000078c900000,0x000000078d280000)
 ParOldGen       total 171008K, used 4824K [0x00000006c7200000, 0x00000006d1900000, 0x000000076d100000)
  object space 171008K, 2% used [0x00000006c7200000,0x00000006c76b62c0,0x00000006d1900000)
 Metaspace       used 17635K, capacity 17874K, committed 18048K, reserved 1064960K
  class space    used 1573K, capacity 1662K, committed 1664K, reserved 1048576K
Event: 11.316 GC heap after
Heap after GC invocations=9 (full 0):
 PSYoungGen      total 494080K, used 128K [0x000000076d100000, 0x000000078d300000, 0x00000007c0000000)
  eden space 493568K, 0% used [0x000000076d100000,0x000000076d100000,0x000000078b300000)
  from space 512K, 25% used [0x000000078c900000,0x000000078c920000,0x000000078c980000)
  to   space 9728K, 0% used [0x000000078c980000,0x000000078c980000,0x000000078d300000)
 ParOldGen       total 171008K, used 4848K [0x00000006c7200000, 0x00000006d1900000, 0x000000076d100000)
  object space 171008K, 2% used [0x00000006c7200000,0x00000006c76bc2c0,0x00000006d1900000)
 Metaspace       used 17635K, capacity 17874K, committed 18048K, reserved 1064960K
  class space    used 1573K, capacity 1662K, committed 1664K, reserved 1048576K
}
Event: 14.054 GC heap before
{Heap before GC invocations=10 (full 0):
 PSYoungGen      total 494080K, used 493696K [0x000000076d100000, 0x000000078d300000, 0x00000007c0000000)
  eden space 493568K, 100% used [0x000000076d100000,0x000000078b300000,0x000000078b300000)
  from space 512K, 25% used [0x000000078c900000,0x000000078c920000,0x000000078c980000)
  to   space 9728K, 0% used [0x000000078c980000,0x000000078c980000,0x000000078d300000)
 ParOldGen       total 171008K, used 4848K [0x00000006c7200000, 0x00000006d1900000, 0x000000076d100000)
  object space 171008K, 2% used [0x00000006c7200000,0x00000006c76bc2c0,0x00000006d1900000)
 Metaspace       used 17641K, capacity 17874K, committed 18048K, reserved 1064960K
  class space    used 1573K, capacity 1662K, committed 1664K, reserved 1048576K
Event: 14.055 GC heap after
Heap after GC invocations=10 (full 0):
 PSYoungGen      total 472576K, used 96K [0x000000076d100000, 0x000000078ca00000, 0x00000007c0000000)
  eden space 472064K, 0% used [0x000000076d100000,0x000000076d100000,0x0000000789e00000)
  from space 512K, 18% used [0x000000078c980000,0x000000078c998000,0x000000078ca00000)
  to   space 10240K, 0% used [0x000000078b600000,0x000000078b600000,0x000000078c000000)
 ParOldGen       total 171008K, used 4888K [0x00000006c7200000, 0x00000006d1900000, 0x000000076d100000)
  object space 171008K, 2% used [0x00000006c7200000,0x00000006c76c62c0,0x00000006d1900000)
 Metaspace       used 17641K, capacity 17874K, committed 18048K, reserved 1064960K
  class space    used 1573K, capacity 1662K, committed 1664K, reserved 1048576K
}
Event: 16.720 GC heap before
{Heap before GC invocations=11 (full 0):
 PSYoungGen      total 472576K, used 472160K [0x000000076d100000, 0x000000078ca00000, 0x00000007c0000000)
  eden space 472064K, 100% used [0x000000076d100000,0x0000000789e00000,0x0000000789e00000)
  from space 512K, 18% used [0x000000078c980000,0x000000078c998000,0x000000078ca00000)
  to   space 10240K, 0% used [0x000000078b600000,0x000000078b600000,0x000000078c000000)
 ParOldGen       total 171008K, used 4888K [0x00000006c7200000, 0x00000006d1900000, 0x000000076d100000)
  object space 171008K, 2% used [0x00000006c7200000,0x00000006c76c62c0,0x00000006d1900000)
 Metaspace       used 17641K, capacity 17874K, committed 18048K, reserved 1064960K
  class space    used 1573K, capacity 1662K, committed 1664K, reserved 1048576K
Event: 16.720 GC heap after
Heap after GC invocations=11 (full 0):
 PSYoungGen      total 461824K, used 96K [0x000000076d100000, 0x000000078ca00000, 0x00000007c0000000)
  eden space 451584K, 0% used [0x000000076d100000,0x000000076d100000,0x0000000788a00000)
  from space 10240K, 0% used [0x000000078b600000,0x000000078b618000,0x000000078c000000)
  to   space 10240K, 0% used [0x000000078c000000,0x000000078c000000,0x000000078ca00000)
 ParOldGen       total 171008K, used 4904K [0x00000006c7200000, 0x00000006d1900000, 0x000000076d100000)
  object space 171008K, 2% used [0x00000006c7200000,0x00000006c76ca2c0,0x00000006d1900000)
 Metaspace       used 17641K, capacity 17874K, committed 18048K, reserved 1064960K
  class space    used 1573K, capacity 1662K, committed 1664K, reserved 1048576K
}

