# JRE version: Java(TM) SE Runtime Environment (8.0_51-b16) (build 1.8.0_51-b16)
# Java VM: Java HotSpot(TM) 64-Bit Server VM (25.51-b03 mixed mode linux-amd64 compressed oops)
Heap:
 PSYoungGen      total 242688K, used 79796K [0x000000076d100000, 0x000000077d480000, 0x00000007c0000000)
  eden space 238080K, 33% used [0x000000076d100000,0x0000000771edd290,0x000000077b980000)
  from space 4608K, 1% used [0x000000077d000000,0x000000077d010000,0x000000077d480000)
  to   space 13824K, 0% used [0x000000077b980000,0x000000077b980000,0x000000077c700000)
 ParOldGen       total 171008K, used 9692K [0x00000006c7200000, 0x00000006d1900000, 0x000000076d100000)
  object space 171008K, 5% used [0x00000006c7200000,0x00000006c7b77138,0x00000006d1900000)
 Metaspace       used 17395K, capacity 17642K, committed 17792K, reserved 1064960K
  class space    used 1551K, capacity 1630K, committed 1664K, reserved 1048576K
GC Heap History (10 events):
Event: 4.893 GC heap before
{Heap before GC invocations=4 (full 0):
 PSYoungGen      total 74752K, used 72502K [0x000000076d100000, 0x0000000776300000, 0x00000007c0000000)
  eden space 64512K, 100% used [0x000000076d100000,0x0000000771000000,0x0000000771000000)
  from space 10240K, 78% used [0x0000000771000000,0x00000007717cd9a0,0x0000000771a00000)
  to   space 10240K, 0% used [0x0000000775900000,0x0000000775900000,0x0000000776300000)
 ParOldGen       total 171008K, used 1681K [0x00000006c7200000, 0x00000006d1900000, 0x000000076d100000)
  object space 171008K, 0% used [0x00000006c7200000,0x00000006c73a4680,0x00000006d1900000)
 Metaspace       used 17183K, capacity 17386K, committed 17536K, reserved 1064960K
  class space    used 1551K, capacity 1630K, committed 1664K, reserved 1048576K
Event: 4.907 GC heap after
Heap after GC invocations=4 (full 0):
 PSYoungGen      total 139264K, used 8054K [0x000000076d100000, 0x0000000776300000, 0x00000007c0000000)
  eden space 129024K, 0% used [0x000000076d100000,0x000000076d100000,0x0000000774f00000)
  from space 10240K, 78% used [0x0000000775900000,0x00000007760dd9a0,0x0000000776300000)
  to   space 10240K, 0% used [0x0000000774f00000,0x0000000774f00000,0x0000000775900000)
 ParOldGen       total 171008K, used 1689K [0x00000006c7200000, 0x00000006d1900000, 0x000000076d100000)
  object space 171008K, 0% used [0x00000006c7200000,0x00000006c73a6680,0x00000006d1900000)
 Metaspace       used 17183K, capacity 17386K, committed 17536K, reserved 1064960K
  class space    used 1551K, capacity 1630K, committed 1664K, reserved 1048576K
}
Event: 6.319 GC heap before
{Heap before GC invocations=5 (full 0):
 PSYoungGen      total 139264K, used 137078K [0x000000076d100000, 0x0000000776300000, 0x00000007c0000000)
  eden space 129024K, 100% used [0x000000076d100000,0x0000000774f00000,0x0000000774f00000)
  from space 10240K, 78% used [0x0000000775900000,0x00000007760dd9a0,0x0000000776300000)
  to   space 10240K, 0% used [0x0000000774f00000,0x0000000774f00000,0x0000000775900000)
 ParOldGen       total 171008K, used 1689K [0x00000006c7200000, 0x00000006d1900000, 0x000000076d100000)
  object space 171008K, 0% used [0x00000006c7200000,0x00000006c73a6680,0x00000006d1900000)
 Metaspace       used 17212K, capacity 17386K, committed 17536K, reserved 1064960K
  class space    used 1551K, capacity 1630K, committed 1664K, reserved 1048576K
Event: 6.332 GC heap after
Heap after GC invocations=5 (full 0):
 PSYoungGen      total 139264K, used 8070K [0x000000076d100000, 0x000000077e400000, 0x00000007c0000000)
  eden space 129024K, 0% used [0x000000076d100000,0x000000076d100000,0x0000000774f00000)
  from space 10240K, 78% used [0x0000000774f00000,0x00000007756e19d0,0x0000000775900000)
  to   space 11776K, 0% used [0x000000077d880000,0x000000077d880000,0x000000077e400000)
 ParOldGen       total 171008K, used 1697K [0x00000006c7200000, 0x00000006d1900000, 0x000000076d100000)
  object space 171008K, 0% used [0x00000006c7200000,0x00000006c73a8680,0x00000006d1900000)
 Metaspace       used 17212K, capacity 17386K, committed 17536K, reserved 1064960K
  class space    used 1551K, capacity 1630K, committed 1664K, reserved 1048576K
}
Event: 7.815 GC heap before
{Heap before GC invocations=6 (full 0):
 PSYoungGen      total 139264K, used 137094K [0x000000076d100000, 0x000000077e400000, 0x00000007c0000000)
  eden space 129024K, 100% used [0x000000076d100000,0x0000000774f00000,0x0000000774f00000)
  from space 10240K, 78% used [0x0000000774f00000,0x00000007756e19d0,0x0000000775900000)
  to   space 11776K, 0% used [0x000000077d880000,0x000000077d880000,0x000000077e400000)
 ParOldGen       total 171008K, used 1697K [0x00000006c7200000, 0x00000006d1900000, 0x000000076d100000)
  object space 171008K, 0% used [0x00000006c7200000,0x00000006c73a8680,0x00000006d1900000)
 Metaspace       used 17226K, capacity 17386K, committed 17536K, reserved 1064960K
  class space    used 1551K, capacity 1630K, committed 1664K, reserved 1048576K
Event: 7.824 GC heap after
Heap after GC invocations=6 (full 0):
 PSYoungGen      total 269824K, used 8038K [0x000000076d100000, 0x000000077e400000, 0x00000007c0000000)
  eden space 258048K, 0% used [0x000000076d100000,0x000000076d100000,0x000000077cd00000)
  from space 11776K, 68% used [0x000000077d880000,0x000000077e0599d0,0x000000077e400000)
  to   space 11776K, 0% used [0x000000077cd00000,0x000000077cd00000,0x000000077d880000)
 ParOldGen       total 171008K, used 1705K [0x00000006c7200000, 0x00000006d1900000, 0x000000076d100000)
  object space 171008K, 0% used [0x00000006c7200000,0x00000006c73aa680,0x00000006d1900000)
 Metaspace       used 17226K, capacity 17386K, committed 17536K, reserved 1064960K
  class space    used 1551K, capacity 1630K, committed 1664K, reserved 1048576K
}
Event: 10.491 GC heap before
{Heap before GC invocations=7 (full 0):
 PSYoungGen      total 269824K, used 266086K [0x000000076d100000, 0x000000077e400000, 0x00000007c0000000)
  eden space 258048K, 100% used [0x000000076d100000,0x000000077cd00000,0x000000077cd00000)
  from space 11776K, 68% used [0x000000077d880000,0x000000077e0599d0,0x000000077e400000)
  to   space 11776K, 0% used [0x000000077cd00000,0x000000077cd00000,0x000000077d880000)
 ParOldGen       total 171008K, used 1705K [0x00000006c7200000, 0x00000006d1900000, 0x000000076d100000)
  object space 171008K, 0% used [0x00000006c7200000,0x00000006c73aa680,0x00000006d1900000)
 Metaspace       used 17294K, capacity 17450K, committed 17792K, reserved 1064960K
  class space    used 1551K, capacity 1630K, committed 1664K, reserved 1048576K
Event: 10.500 GC heap after
Heap after GC invocations=7 (full 0):
 PSYoungGen      total 248320K, used 128K [0x000000076d100000, 0x000000077dd00000, 0x00000007c0000000)
  eden space 247808K, 0% used [0x000000076d100000,0x000000076d100000,0x000000077c300000)
  from space 512K, 25% used [0x000000077cd00000,0x000000077cd20000,0x000000077cd80000)
  to   space 13312K, 0% used [0x000000077d000000,0x000000077d000000,0x000000077dd00000)
 ParOldGen       total 171008K, used 9668K [0x00000006c7200000, 0x00000006d1900000, 0x000000076d100000)
  object space 171008K, 5% used [0x00000006c7200000,0x00000006c7b71138,0x00000006d1900000)
 Metaspace       used 17294K, capacity 17450K, committed 17792K, reserved 1064960K
  class space    used 1551K, capacity 1630K, committed 1664K, reserved 1048576K
}
Event: 13.112 GC heap before
{Heap before GC invocations=8 (full 0):
 PSYoungGen      total 248320K, used 247936K [0x000000076d100000, 0x000000077dd00000, 0x00000007c0000000)
  eden space 247808K, 100% used [0x000000076d100000,0x000000077c300000,0x000000077c300000)
  from space 512K, 25% used [0x000000077cd00000,0x000000077cd20000,0x000000077cd80000)
  to   space 13312K, 0% used [0x000000077d000000,0x000000077d000000,0x000000077dd00000)
 ParOldGen       total 171008K, used 9668K [0x00000006c7200000, 0x00000006d1900000, 0x000000076d100000)
  object space 171008K, 5% used [0x00000006c7200000,0x00000006c7b71138,0x00000006d1900000)
 Metaspace       used 17353K, capacity 17514K, committed 17792K, reserved 1064960K
  class space    used 1551K, capacity 1630K, committed 1664K, reserved 1048576K
Event: 13.114 GC heap after
Heap after GC invocations=8 (full 0):
 PSYoungGen      total 242688K, used 64K [0x000000076d100000, 0x000000077d480000, 0x00000007c0000000)
  eden space 238080K, 0% used [0x000000076d100000,0x000000076d100000,0x000000077b980000)
  from space 4608K, 1% used [0x000000077d000000,0x000000077d010000,0x000000077d480000)
  to   space 13824K, 0% used [0x000000077b980000,0x000000077b980000,0x000000077c700000)
 ParOldGen       total 171008K, used 9692K [0x00000006c7200000, 0x00000006d1900000, 0x000000076d100000)
  object space 171008K, 5% used [0x00000006c7200000,0x00000006c7b77138,0x00000006d1900000)
 Metaspace       used 17353K, capacity 17514K, committed 17792K, reserved 1064960K
  class space    used 1551K, capacity 1630K, committed 1664K, reserved 1048576K
}

