# JRE version: Java(TM) SE Runtime Environment (8.0_51-b16) (build 1.8.0_51-b16)
# Java VM: Java HotSpot(TM) 64-Bit Server VM (25.51-b03 mixed mode linux-amd64 compressed oops)
Heap:
 PSYoungGen      total 106496K, used 106078K [0x000000076d100000, 0x00000007b7b80000, 0x00000007c0000000)
  eden space 105984K, 99% used [0x000000076d100000,0x0000000773877a20,0x0000000773880000)
  from space 512K, 25% used [0x00000007b7a80000,0x00000007b7aa0000,0x00000007b7b00000)
  to   space 512K, 0% used [0x00000007b7b00000,0x00000007b7b00000,0x00000007b7b80000)
 ParOldGen       total 171008K, used 9070K [0x00000006c7200000, 0x00000006d1900000, 0x000000076d100000)
  object space 171008K, 5% used [0x00000006c7200000,0x00000006c7adb968,0x00000006d1900000)
 Metaspace       used 17622K, capacity 17794K, committed 18048K, reserved 1064960K
  class space    used 1571K, capacity 1662K, committed 1664K, reserved 1048576K
GC Heap History (10 events):
Event: 349.900 GC heap before
{Heap before GC invocations=1369 (full 0):
 PSYoungGen      total 123392K, used 122976K [0x000000076d100000, 0x00000007b7b80000, 0x00000007c0000000)
  eden space 122880K, 100% used [0x000000076d100000,0x0000000774900000,0x0000000774900000)
  from space 512K, 18% used [0x00000007b7b00000,0x00000007b7b18000,0x00000007b7b80000)
  to   space 512K, 0% used [0x00000007b7a80000,0x00000007b7a80000,0x00000007b7b00000)
 ParOldGen       total 171008K, used 9070K [0x00000006c7200000, 0x00000006d1900000, 0x000000076d100000)
  object space 171008K, 5% used [0x00000006c7200000,0x00000006c7adb968,0x00000006d1900000)
 Metaspace       used 17621K, capacity 17794K, committed 18048K, reserved 1064960K
  class space    used 1571K, capacity 1662K, committed 1664K, reserved 1048576K
Event: 349.902 GC heap after
Heap after GC invocations=1369 (full 0):
 PSYoungGen      total 119808K, used 96K [0x000000076d100000, 0x00000007b7b80000, 0x00000007c0000000)
  eden space 119296K, 0% used [0x000000076d100000,0x000000076d100000,0x0000000774580000)
  from space 512K, 18% used [0x00000007b7a80000,0x00000007b7a98000,0x00000007b7b00000)
  to   space 512K, 0% used [0x00000007b7b00000,0x00000007b7b00000,0x00000007b7b80000)
 ParOldGen       total 171008K, used 9070K [0x00000006c7200000, 0x00000006d1900000, 0x000000076d100000)
  object space 171008K, 5% used [0x00000006c7200000,0x00000006c7adb968,0x00000006d1900000)
 Metaspace       used 17621K, capacity 17794K, committed 18048K, reserved 1064960K
  class space    used 1571K, capacity 1662K, committed 1664K, reserved 1048576K
}
Event: 350.220 GC heap before
{Heap before GC invocations=1370 (full 0):
 PSYoungGen      total 119808K, used 119392K [0x000000076d100000, 0x00000007b7b80000, 0x00000007c0000000)
  eden space 119296K, 100% used [0x000000076d100000,0x0000000774580000,0x0000000774580000)
  from space 512K, 18% used [0x00000007b7a80000,0x00000007b7a98000,0x00000007b7b00000)
  to   space 512K, 0% used [0x00000007b7b00000,0x00000007b7b00000,0x00000007b7b80000)
 ParOldGen       total 171008K, used 9070K [0x00000006c7200000, 0x00000006d1900000, 0x000000076d100000)
  object space 171008K, 5% used [0x00000006c7200000,0x00000006c7adb968,0x00000006d1900000)
 Metaspace       used 17621K, capacity 17794K, committed 18048K, reserved 1064960K
  class space    used 1571K, capacity 1662K, committed 1664K, reserved 1048576K
Event: 350.222 GC heap after
Heap after GC invocations=1370 (full 0):
 PSYoungGen      total 116224K, used 64K [0x000000076d100000, 0x00000007b7b80000, 0x00000007c0000000)
  eden space 115712K, 0% used [0x000000076d100000,0x000000076d100000,0x0000000774200000)
  from space 512K, 12% used [0x00000007b7b00000,0x00000007b7b10000,0x00000007b7b80000)
  to   space 512K, 0% used [0x00000007b7a80000,0x00000007b7a80000,0x00000007b7b00000)
 ParOldGen       total 171008K, used 9070K [0x00000006c7200000, 0x00000006d1900000, 0x000000076d100000)
  object space 171008K, 5% used [0x00000006c7200000,0x00000006c7adb968,0x00000006d1900000)
 Metaspace       used 17621K, capacity 17794K, committed 18048K, reserved 1064960K
  class space    used 1571K, capacity 1662K, committed 1664K, reserved 1048576K
}
Event: 350.480 GC heap before
{Heap before GC invocations=1371 (full 0):
 PSYoungGen      total 116224K, used 115776K [0x000000076d100000, 0x00000007b7b80000, 0x00000007c0000000)
  eden space 115712K, 100% used [0x000000076d100000,0x0000000774200000,0x0000000774200000)
  from space 512K, 12% used [0x00000007b7b00000,0x00000007b7b10000,0x00000007b7b80000)
  to   space 512K, 0% used [0x00000007b7a80000,0x00000007b7a80000,0x00000007b7b00000)
 ParOldGen       total 171008K, used 9070K [0x00000006c7200000, 0x00000006d1900000, 0x000000076d100000)
  object space 171008K, 5% used [0x00000006c7200000,0x00000006c7adb968,0x00000006d1900000)
 Metaspace       used 17621K, capacity 17794K, committed 18048K, reserved 1064960K
  class space    used 1571K, capacity 1662K, committed 1664K, reserved 1048576K
Event: 350.482 GC heap after
Heap after GC invocations=1371 (full 0):
 PSYoungGen      total 112640K, used 96K [0x000000076d100000, 0x00000007b7b80000, 0x00000007c0000000)
  eden space 112128K, 0% used [0x000000076d100000,0x000000076d100000,0x0000000773e80000)
  from space 512K, 18% used [0x00000007b7a80000,0x00000007b7a98000,0x00000007b7b00000)
  to   space 512K, 0% used [0x00000007b7b00000,0x00000007b7b00000,0x00000007b7b80000)
 ParOldGen       total 171008K, used 9070K [0x00000006c7200000, 0x00000006d1900000, 0x000000076d100000)
  object space 171008K, 5% used [0x00000006c7200000,0x00000006c7adb968,0x00000006d1900000)
 Metaspace       used 17621K, capacity 17794K, committed 18048K, reserved 1064960K
  class space    used 1571K, capacity 1662K, committed 1664K, reserved 1048576K
}
Event: 350.743 GC heap before
{Heap before GC invocations=1372 (full 0):
 PSYoungGen      total 112640K, used 112224K [0x000000076d100000, 0x00000007b7b80000, 0x00000007c0000000)
  eden space 112128K, 100% used [0x000000076d100000,0x0000000773e80000,0x0000000773e80000)
  from space 512K, 18% used [0x00000007b7a80000,0x00000007b7a98000,0x00000007b7b00000)
  to   space 512K, 0% used [0x00000007b7b00000,0x00000007b7b00000,0x00000007b7b80000)
 ParOldGen       total 171008K, used 9070K [0x00000006c7200000, 0x00000006d1900000, 0x000000076d100000)
  object space 171008K, 5% used [0x00000006c7200000,0x00000006c7adb968,0x00000006d1900000)
 Metaspace       used 17621K, capacity 17794K, committed 18048K, reserved 1064960K
  class space    used 1571K, capacity 1662K, committed 1664K, reserved 1048576K
Event: 350.745 GC heap after
Heap after GC invocations=1372 (full 0):
 PSYoungGen      total 109568K, used 96K [0x000000076d100000, 0x00000007b7b80000, 0x00000007c0000000)
  eden space 109056K, 0% used [0x000000076d100000,0x000000076d100000,0x0000000773b80000)
  from space 512K, 18% used [0x00000007b7b00000,0x00000007b7b18000,0x00000007b7b80000)
  to   space 512K, 0% used [0x00000007b7a80000,0x00000007b7a80000,0x00000007b7b00000)
 ParOldGen       total 171008K, used 9070K [0x00000006c7200000, 0x00000006d1900000, 0x000000076d100000)
  object space 171008K, 5% used [0x00000006c7200000,0x00000006c7adb968,0x00000006d1900000)
 Metaspace       used 17621K, capacity 17794K, committed 18048K, reserved 1064960K
  class space    used 1571K, capacity 1662K, committed 1664K, reserved 1048576K
}
Event: 350.985 GC heap before
{Heap before GC invocations=1373 (full 0):
 PSYoungGen      total 109568K, used 109152K [0x000000076d100000, 0x00000007b7b80000, 0x00000007c0000000)
  eden space 109056K, 100% used [0x000000076d100000,0x0000000773b80000,0x0000000773b80000)
  from space 512K, 18% used [0x00000007b7b00000,0x00000007b7b18000,0x00000007b7b80000)
  to   space 512K, 0% used [0x00000007b7a80000,0x00000007b7a80000,0x00000007b7b00000)
 ParOldGen       total 171008K, used 9070K [0x00000006c7200000, 0x00000006d1900000, 0x000000076d100000)
  object space 171008K, 5% used [0x00000006c7200000,0x00000006c7adb968,0x00000006d1900000)
 Metaspace       used 17621K, capacity 17794K, committed 18048K, reserved 1064960K
  class space    used 1571K, capacity 1662K, committed 1664K, reserved 1048576K
Event: 350.986 GC heap after
Heap after GC invocations=1373 (full 0):
 PSYoungGen      total 106496K, used 128K [0x000000076d100000, 0x00000007b7b80000, 0x00000007c0000000)
  eden space 105984K, 0% used [0x000000076d100000,0x000000076d100000,0x0000000773880000)
  from space 512K, 25% used [0x00000007b7a80000,0x00000007b7aa0000,0x00000007b7b00000)
  to   space 512K, 0% used [0x00000007b7b00000,0x00000007b7b00000,0x00000007b7b80000)
 ParOldGen       total 171008K, used 9070K [0x00000006c7200000, 0x00000006d1900000, 0x000000076d100000)
  object space 171008K, 5% used [0x00000006c7200000,0x00000006c7adb968,0x00000006d1900000)
 Metaspace       used 17621K, capacity 17794K, committed 18048K, reserved 1064960K
  class space    used 1571K, capacity 1662K, committed 1664K, reserved 1048576K
}

