# JRE version: Java(TM) SE Runtime Environment (8.0_51-b16) (build 1.8.0_51-b16)
# Java VM: Java HotSpot(TM) 64-Bit Server VM (25.51-b03 mixed mode linux-amd64 compressed oops)
Heap:
 PSYoungGen      total 31744K, used 29975K [0x000000076d100000, 0x000000076f100000, 0x00000007c0000000)
  eden space 31232K, 95% used [0x000000076d100000,0x000000076ee3df58,0x000000076ef80000)
  from space 512K, 6% used [0x000000076f000000,0x000000076f008000,0x000000076f080000)
  to   space 512K, 0% used [0x000000076f080000,0x000000076f080000,0x000000076f100000)
 ParOldGen       total 171008K, used 10087K [0x00000006c7200000, 0x00000006d1900000, 0x000000076d100000)
  object space 171008K, 5% used [0x00000006c7200000,0x00000006c7bd9f28,0x00000006d1900000)
 Metaspace       used 17421K, capacity 17650K, committed 17792K, reserved 1064960K
  class space    used 1549K, capacity 1630K, committed 1664K, reserved 1048576K
GC Heap History (10 events):
Event: 59.863 GC heap before
{Heap before GC invocations=119 (full 0):
 PSYoungGen      total 31744K, used 31296K [0x000000076d100000, 0x000000076f100000, 0x00000007c0000000)
  eden space 31232K, 100% used [0x000000076d100000,0x000000076ef80000,0x000000076ef80000)
  from space 512K, 12% used [0x000000076f080000,0x000000076f090000,0x000000076f100000)
  to   space 512K, 0% used [0x000000076f000000,0x000000076f000000,0x000000076f080000)
 ParOldGen       total 171008K, used 10063K [0x00000006c7200000, 0x00000006d1900000, 0x000000076d100000)
  object space 171008K, 5% used [0x00000006c7200000,0x00000006c7bd3f28,0x00000006d1900000)
 Metaspace       used 17418K, capacity 17650K, committed 17792K, reserved 1064960K
  class space    used 1549K, capacity 1630K, committed 1664K, reserved 1048576K
Event: 59.865 GC heap after
Heap after GC invocations=119 (full 0):
 PSYoungGen      total 31744K, used 32K [0x000000076d100000, 0x000000076f100000, 0x00000007c0000000)
  eden space 31232K, 0% used [0x000000076d100000,0x000000076d100000,0x000000076ef80000)
  from space 512K, 6% used [0x000000076f000000,0x000000076f008000,0x000000076f080000)
  to   space 512K, 0% used [0x000000076f080000,0x000000076f080000,0x000000076f100000)
 ParOldGen       total 171008K, used 10063K [0x00000006c7200000, 0x00000006d1900000, 0x000000076d100000)
  object space 171008K, 5% used [0x00000006c7200000,0x00000006c7bd3f28,0x00000006d1900000)
 Metaspace       used 17418K, capacity 17650K, committed 17792K, reserved 1064960K
  class space    used 1549K, capacity 1630K, committed 1664K, reserved 1048576K
}
Event: 60.239 GC heap before
{Heap before GC invocations=120 (full 0):
 PSYoungGen      total 31744K, used 31262K [0x000000076d100000, 0x000000076f100000, 0x00000007c0000000)
  eden space 31232K, 99% used [0x000000076d100000,0x000000076ef7f9f8,0x000000076ef80000)
  from space 512K, 6% used [0x000000076f000000,0x000000076f008000,0x000000076f080000)
  to   space 512K, 0% used [0x000000076f080000,0x000000076f080000,0x000000076f100000)
 ParOldGen       total 171008K, used 10063K [0x00000006c7200000, 0x00000006d1900000, 0x000000076d100000)
  object space 171008K, 5% used [0x00000006c7200000,0x00000006c7bd3f28,0x00000006d1900000)
 Metaspace       used 17418K, capacity 17650K, committed 17792K, reserved 1064960K
  class space    used 1549K, capacity 1630K, committed 1664K, reserved 1048576K
Event: 60.240 GC heap after
Heap after GC invocations=120 (full 0):
 PSYoungGen      total 31744K, used 64K [0x000000076d100000, 0x000000076f100000, 0x00000007c0000000)
  eden space 31232K, 0% used [0x000000076d100000,0x000000076d100000,0x000000076ef80000)
  from space 512K, 12% used [0x000000076f080000,0x000000076f090000,0x000000076f100000)
  to   space 512K, 0% used [0x000000076f000000,0x000000076f000000,0x000000076f080000)
 ParOldGen       total 171008K, used 10063K [0x00000006c7200000, 0x00000006d1900000, 0x000000076d100000)
  object space 171008K, 5% used [0x00000006c7200000,0x00000006c7bd3f28,0x00000006d1900000)
 Metaspace       used 17418K, capacity 17650K, committed 17792K, reserved 1064960K
  class space    used 1549K, capacity 1630K, committed 1664K, reserved 1048576K
}
Event: 60.626 GC heap before
{Heap before GC invocations=121 (full 0):
 PSYoungGen      total 31744K, used 31296K [0x000000076d100000, 0x000000076f100000, 0x00000007c0000000)
  eden space 31232K, 100% used [0x000000076d100000,0x000000076ef80000,0x000000076ef80000)
  from space 512K, 12% used [0x000000076f080000,0x000000076f090000,0x000000076f100000)
  to   space 512K, 0% used [0x000000076f000000,0x000000076f000000,0x000000076f080000)
 ParOldGen       total 171008K, used 10063K [0x00000006c7200000, 0x00000006d1900000, 0x000000076d100000)
  object space 171008K, 5% used [0x00000006c7200000,0x00000006c7bd3f28,0x00000006d1900000)
 Metaspace       used 17419K, capacity 17650K, committed 17792K, reserved 1064960K
  class space    used 1549K, capacity 1630K, committed 1664K, reserved 1048576K
Event: 60.628 GC heap after
Heap after GC invocations=121 (full 0):
 PSYoungGen      total 31744K, used 64K [0x000000076d100000, 0x000000076f100000, 0x00000007c0000000)
  eden space 31232K, 0% used [0x000000076d100000,0x000000076d100000,0x000000076ef80000)
  from space 512K, 12% used [0x000000076f000000,0x000000076f010000,0x000000076f080000)
  to   space 512K, 0% used [0x000000076f080000,0x000000076f080000,0x000000076f100000)
 ParOldGen       total 171008K, used 10063K [0x00000006c7200000, 0x00000006d1900000, 0x000000076d100000)
  object space 171008K, 5% used [0x00000006c7200000,0x00000006c7bd3f28,0x00000006d1900000)
 Metaspace       used 17419K, capacity 17650K, committed 17792K, reserved 1064960K
  class space    used 1549K, capacity 1630K, committed 1664K, reserved 1048576K
}
Event: 61.027 GC heap before
{Heap before GC invocations=122 (full 0):
 PSYoungGen      total 31744K, used 31296K [0x000000076d100000, 0x000000076f100000, 0x00000007c0000000)
  eden space 31232K, 100% used [0x000000076d100000,0x000000076ef80000,0x000000076ef80000)
  from space 512K, 12% used [0x000000076f000000,0x000000076f010000,0x000000076f080000)
  to   space 512K, 0% used [0x000000076f080000,0x000000076f080000,0x000000076f100000)
 ParOldGen       total 171008K, used 10063K [0x00000006c7200000, 0x00000006d1900000, 0x000000076d100000)
  object space 171008K, 5% used [0x00000006c7200000,0x00000006c7bd3f28,0x00000006d1900000)
 Metaspace       used 17419K, capacity 17650K, committed 17792K, reserved 1064960K
  class space    used 1549K, capacity 1630K, committed 1664K, reserved 1048576K
Event: 61.028 GC heap after
Heap after GC invocations=122 (full 0):
 PSYoungGen      total 31744K, used 128K [0x000000076d100000, 0x000000076f100000, 0x00000007c0000000)
  eden space 31232K, 0% used [0x000000076d100000,0x000000076d100000,0x000000076ef80000)
  from space 512K, 25% used [0x000000076f080000,0x000000076f0a0000,0x000000076f100000)
  to   space 512K, 0% used [0x000000076f000000,0x000000076f000000,0x000000076f080000)
 ParOldGen       total 171008K, used 10079K [0x00000006c7200000, 0x00000006d1900000, 0x000000076d100000)
  object space 171008K, 5% used [0x00000006c7200000,0x00000006c7bd7f28,0x00000006d1900000)
 Metaspace       used 17419K, capacity 17650K, committed 17792K, reserved 1064960K
  class space    used 1549K, capacity 1630K, committed 1664K, reserved 1048576K
}
Event: 61.403 GC heap before
{Heap before GC invocations=123 (full 0):
 PSYoungGen      total 31744K, used 31360K [0x000000076d100000, 0x000000076f100000, 0x00000007c0000000)
  eden space 31232K, 100% used [0x000000076d100000,0x000000076ef80000,0x000000076ef80000)
  from space 512K, 25% used [0x000000076f080000,0x000000076f0a0000,0x000000076f100000)
  to   space 512K, 0% used [0x000000076f000000,0x000000076f000000,0x000000076f080000)
 ParOldGen       total 171008K, used 10079K [0x00000006c7200000, 0x00000006d1900000, 0x000000076d100000)
  object space 171008K, 5% used [0x00000006c7200000,0x00000006c7bd7f28,0x00000006d1900000)
 Metaspace       used 17420K, capacity 17650K, committed 17792K, reserved 1064960K
  class space    used 1549K, capacity 1630K, committed 1664K, reserved 1048576K
Event: 61.405 GC heap after
Heap after GC invocations=123 (full 0):
 PSYoungGen      total 31744K, used 32K [0x000000076d100000, 0x000000076f100000, 0x00000007c0000000)
  eden space 31232K, 0% used [0x000000076d100000,0x000000076d100000,0x000000076ef80000)
  from space 512K, 6% used [0x000000076f000000,0x000000076f008000,0x000000076f080000)
  to   space 512K, 0% used [0x000000076f080000,0x000000076f080000,0x000000076f100000)
 ParOldGen       total 171008K, used 10087K [0x00000006c7200000, 0x00000006d1900000, 0x000000076d100000)
  object space 171008K, 5% used [0x00000006c7200000,0x00000006c7bd9f28,0x00000006d1900000)
 Metaspace       used 17420K, capacity 17650K, committed 17792K, reserved 1064960K
  class space    used 1549K, capacity 1630K, committed 1664K, reserved 1048576K
}

