# JRE version: Java(TM) SE Runtime Environment (8.0_51-b16) (build 1.8.0_51-b16)
# Java VM: Java HotSpot(TM) 64-Bit Server VM (25.51-b03 mixed mode linux-amd64 compressed oops)
Heap:
 PSYoungGen      total 54784K, used 25395K [0x000000076d100000, 0x0000000771100000, 0x00000007c0000000)
  eden space 47104K, 53% used [0x000000076d100000,0x000000076e9b79c0,0x000000076ff00000)
  from space 7680K, 1% used [0x0000000770980000,0x00000007709952f0,0x0000000771100000)
  to   space 9216K, 0% used [0x000000076ff00000,0x000000076ff00000,0x0000000770800000)
 ParOldGen       total 171008K, used 8462K [0x00000006c7200000, 0x00000006d1900000, 0x000000076d100000)
  object space 171008K, 4% used [0x00000006c7200000,0x00000006c7a43900,0x00000006d1900000)
 Metaspace       used 17185K, capacity 17382K, committed 17536K, reserved 1064960K
  class space    used 1554K, capacity 1630K, committed 1664K, reserved 1048576K
GC Heap History (10 events):
Event: 18.317 GC heap before
{Heap before GC invocations=18 (full 0):
 PSYoungGen      total 64512K, used 52288K [0x000000076d100000, 0x0000000772680000, 0x00000007c0000000)
  eden space 52224K, 100% used [0x000000076d100000,0x0000000770400000,0x0000000770400000)
  from space 12288K, 0% used [0x0000000770e80000,0x0000000770e90000,0x0000000771a80000)
  to   space 11776K, 0% used [0x0000000771b00000,0x0000000771b00000,0x0000000772680000)
 ParOldGen       total 171008K, used 8462K [0x00000006c7200000, 0x00000006d1900000, 0x000000076d100000)
  object space 171008K, 4% used [0x00000006c7200000,0x00000006c7a43900,0x00000006d1900000)
 Metaspace       used 17164K, capacity 17318K, committed 17536K, reserved 1064960K
  class space    used 1554K, capacity 1630K, committed 1664K, reserved 1048576K
Event: 18.318 GC heap after
Heap after GC invocations=18 (full 0):
 PSYoungGen      total 51712K, used 84K [0x000000076d100000, 0x0000000771b80000, 0x00000007c0000000)
  eden space 51200K, 0% used [0x000000076d100000,0x000000076d100000,0x0000000770300000)
  from space 512K, 16% used [0x0000000771b00000,0x0000000771b152f0,0x0000000771b80000)
  to   space 11264K, 0% used [0x0000000770580000,0x0000000770580000,0x0000000771080000)
 ParOldGen       total 171008K, used 8462K [0x00000006c7200000, 0x00000006d1900000, 0x000000076d100000)
  object space 171008K, 4% used [0x00000006c7200000,0x00000006c7a43900,0x00000006d1900000)
 Metaspace       used 17164K, capacity 17318K, committed 17536K, reserved 1064960K
  class space    used 1554K, capacity 1630K, committed 1664K, reserved 1048576K
}
Event: 18.931 GC heap before
{Heap before GC invocations=19 (full 0):
 PSYoungGen      total 51712K, used 51284K [0x000000076d100000, 0x0000000771b80000, 0x00000007c0000000)
  eden space 51200K, 100% used [0x000000076d100000,0x0000000770300000,0x0000000770300000)
  from space 512K, 16% used [0x0000000771b00000,0x0000000771b152f0,0x0000000771b80000)
  to   space 11264K, 0% used [0x0000000770580000,0x0000000770580000,0x0000000771080000)
 ParOldGen       total 171008K, used 8462K [0x00000006c7200000, 0x00000006d1900000, 0x000000076d100000)
  object space 171008K, 4% used [0x00000006c7200000,0x00000006c7a43900,0x00000006d1900000)
 Metaspace       used 17164K, capacity 17318K, committed 17536K, reserved 1064960K
  class space    used 1554K, capacity 1630K, committed 1664K, reserved 1048576K
Event: 18.935 GC heap after
Heap after GC invocations=19 (full 0):
 PSYoungGen      total 61440K, used 64K [0x000000076d100000, 0x0000000771b80000, 0x00000007c0000000)
  eden space 50176K, 0% used [0x000000076d100000,0x000000076d100000,0x0000000770200000)
  from space 11264K, 0% used [0x0000000770580000,0x0000000770590000,0x0000000771080000)
  to   space 10752K, 0% used [0x0000000771100000,0x0000000771100000,0x0000000771b80000)
 ParOldGen       total 171008K, used 8462K [0x00000006c7200000, 0x00000006d1900000, 0x000000076d100000)
  object space 171008K, 4% used [0x00000006c7200000,0x00000006c7a43900,0x00000006d1900000)
 Metaspace       used 17164K, capacity 17318K, committed 17536K, reserved 1064960K
  class space    used 1554K, capacity 1630K, committed 1664K, reserved 1048576K
}
Event: 19.540 GC heap before
{Heap before GC invocations=20 (full 0):
 PSYoungGen      total 61440K, used 50240K [0x000000076d100000, 0x0000000771b80000, 0x00000007c0000000)
  eden space 50176K, 100% used [0x000000076d100000,0x0000000770200000,0x0000000770200000)
  from space 11264K, 0% used [0x0000000770580000,0x0000000770590000,0x0000000771080000)
  to   space 10752K, 0% used [0x0000000771100000,0x0000000771100000,0x0000000771b80000)
 ParOldGen       total 171008K, used 8462K [0x00000006c7200000, 0x00000006d1900000, 0x000000076d100000)
  object space 171008K, 4% used [0x00000006c7200000,0x00000006c7a43900,0x00000006d1900000)
 Metaspace       used 17184K, capacity 17382K, committed 17536K, reserved 1064960K
  class space    used 1554K, capacity 1630K, committed 1664K, reserved 1048576K
Event: 19.542 GC heap after
Heap after GC invocations=20 (full 0):
 PSYoungGen      total 53248K, used 52K [0x000000076d100000, 0x0000000771500000, 0x00000007c0000000)
  eden space 49152K, 0% used [0x000000076d100000,0x000000076d100000,0x0000000770100000)
  from space 4096K, 1% used [0x0000000771100000,0x000000077110d2f0,0x0000000771500000)
  to   space 10240K, 0% used [0x0000000770100000,0x0000000770100000,0x0000000770b00000)
 ParOldGen       total 171008K, used 8462K [0x00000006c7200000, 0x00000006d1900000, 0x000000076d100000)
  object space 171008K, 4% used [0x00000006c7200000,0x00000006c7a43900,0x00000006d1900000)
 Metaspace       used 17184K, capacity 17382K, committed 17536K, reserved 1064960K
  class space    used 1554K, capacity 1630K, committed 1664K, reserved 1048576K
}
Event: 19.969 GC heap before
{Heap before GC invocations=21 (full 0):
 PSYoungGen      total 53248K, used 49204K [0x000000076d100000, 0x0000000771500000, 0x00000007c0000000)
  eden space 49152K, 100% used [0x000000076d100000,0x0000000770100000,0x0000000770100000)
  from space 4096K, 1% used [0x0000000771100000,0x000000077110d2f0,0x0000000771500000)
  to   space 10240K, 0% used [0x0000000770100000,0x0000000770100000,0x0000000770b00000)
 ParOldGen       total 171008K, used 8462K [0x00000006c7200000, 0x00000006d1900000, 0x000000076d100000)
  object space 171008K, 4% used [0x00000006c7200000,0x00000006c7a43900,0x00000006d1900000)
 Metaspace       used 17184K, capacity 17382K, committed 17536K, reserved 1064960K
  class space    used 1554K, capacity 1630K, committed 1664K, reserved 1048576K
Event: 19.970 GC heap after
Heap after GC invocations=21 (full 0):
 PSYoungGen      total 48640K, used 116K [0x000000076d100000, 0x0000000771300000, 0x00000007c0000000)
  eden space 48128K, 0% used [0x000000076d100000,0x000000076d100000,0x0000000770000000)
  from space 512K, 22% used [0x0000000770100000,0x000000077011d2f0,0x0000000770180000)
  to   space 9728K, 0% used [0x0000000770980000,0x0000000770980000,0x0000000771300000)
 ParOldGen       total 171008K, used 8462K [0x00000006c7200000, 0x00000006d1900000, 0x000000076d100000)
  object space 171008K, 4% used [0x00000006c7200000,0x00000006c7a43900,0x00000006d1900000)
 Metaspace       used 17184K, capacity 17382K, committed 17536K, reserved 1064960K
  class space    used 1554K, capacity 1630K, committed 1664K, reserved 1048576K
}
Event: 20.440 GC heap before
{Heap before GC invocations=22 (full 0):
 PSYoungGen      total 48640K, used 48244K [0x000000076d100000, 0x0000000771300000, 0x00000007c0000000)
  eden space 48128K, 100% used [0x000000076d100000,0x0000000770000000,0x0000000770000000)
  from space 512K, 22% used [0x0000000770100000,0x000000077011d2f0,0x0000000770180000)
  to   space 9728K, 0% used [0x0000000770980000,0x0000000770980000,0x0000000771300000)
 ParOldGen       total 171008K, used 8462K [0x00000006c7200000, 0x00000006d1900000, 0x000000076d100000)
  object space 171008K, 4% used [0x00000006c7200000,0x00000006c7a43900,0x00000006d1900000)
 Metaspace       used 17184K, capacity 17382K, committed 17536K, reserved 1064960K
  class space    used 1554K, capacity 1630K, committed 1664K, reserved 1048576K
Event: 20.442 GC heap after
Heap after GC invocations=22 (full 0):
 PSYoungGen      total 54784K, used 84K [0x000000076d100000, 0x0000000771100000, 0x00000007c0000000)
  eden space 47104K, 0% used [0x000000076d100000,0x000000076d100000,0x000000076ff00000)
  from space 7680K, 1% used [0x0000000770980000,0x00000007709952f0,0x0000000771100000)
  to   space 9216K, 0% used [0x000000076ff00000,0x000000076ff00000,0x0000000770800000)
 ParOldGen       total 171008K, used 8462K [0x00000006c7200000, 0x00000006d1900000, 0x000000076d100000)
  object space 171008K, 4% used [0x00000006c7200000,0x00000006c7a43900,0x00000006d1900000)
 Metaspace       used 17184K, capacity 17382K, committed 17536K, reserved 1064960K
  class space    used 1554K, capacity 1630K, committed 1664K, reserved 1048576K
}

