# JRE version: Java(TM) SE Runtime Environment (8.0_51-b16) (build 1.8.0_51-b16)
# Java VM: Java HotSpot(TM) 64-Bit Server VM (25.51-b03 mixed mode linux-amd64 compressed oops)
Heap:
 PSYoungGen      total 677376K, used 94671K [0x000000076d100000, 0x00000007b9380000, 0x00000007c0000000)
  eden space 676864K, 13% used [0x000000076d100000,0x0000000772d63df0,0x0000000796600000)
  from space 512K, 12% used [0x00000007b9300000,0x00000007b9310000,0x00000007b9380000)
  to   space 8704K, 0% used [0x00000007b8280000,0x00000007b8280000,0x00000007b8b00000)
 ParOldGen       total 171008K, used 12747K [0x00000006c7200000, 0x00000006d1900000, 0x000000076d100000)
  object space 171008K, 7% used [0x00000006c7200000,0x00000006c7e72e68,0x00000006d1900000)
 Metaspace       used 17503K, capacity 17682K, committed 17792K, reserved 1064960K
  class space    used 1574K, capacity 1662K, committed 1664K, reserved 1048576K
GC Heap History (10 events):
Event: 23.071 GC heap before
{Heap before GC invocations=22 (full 0):
 PSYoungGen      total 868352K, used 855616K [0x000000076d100000, 0x00000007bb180000, 0x00000007c0000000)
  eden space 855552K, 100% used [0x000000076d100000,0x00000007a1480000,0x00000007a1480000)
  from space 12800K, 0% used [0x00000007b9880000,0x00000007b9890000,0x00000007ba500000)
  to   space 11776K, 0% used [0x00000007ba600000,0x00000007ba600000,0x00000007bb180000)
 ParOldGen       total 171008K, used 12715K [0x00000006c7200000, 0x00000006d1900000, 0x000000076d100000)
  object space 171008K, 7% used [0x00000006c7200000,0x00000006c7e6ae68,0x00000006d1900000)
 Metaspace       used 17498K, capacity 17682K, committed 17792K, reserved 1064960K
  class space    used 1574K, capacity 1662K, committed 1664K, reserved 1048576K
Event: 23.073 GC heap after
Heap after GC invocations=22 (full 0):
 PSYoungGen      total 816640K, used 96K [0x000000076d100000, 0x00000007ba680000, 0x00000007c0000000)
  eden space 816128K, 0% used [0x000000076d100000,0x000000076d100000,0x000000079ee00000)
  from space 512K, 18% used [0x00000007ba600000,0x00000007ba618000,0x00000007ba680000)
  to   space 11264K, 0% used [0x00000007b9080000,0x00000007b9080000,0x00000007b9b80000)
 ParOldGen       total 171008K, used 12715K [0x00000006c7200000, 0x00000006d1900000, 0x000000076d100000)
  object space 171008K, 7% used [0x00000006c7200000,0x00000006c7e6ae68,0x00000006d1900000)
 Metaspace       used 17498K, capacity 17682K, committed 17792K, reserved 1064960K
  class space    used 1574K, capacity 1662K, committed 1664K, reserved 1048576K
}
Event: 24.336 GC heap before
{Heap before GC invocations=23 (full 0):
 PSYoungGen      total 816640K, used 816224K [0x000000076d100000, 0x00000007ba680000, 0x00000007c0000000)
  eden space 816128K, 100% used [0x000000076d100000,0x000000079ee00000,0x000000079ee00000)
  from space 512K, 18% used [0x00000007ba600000,0x00000007ba618000,0x00000007ba680000)
  to   space 11264K, 0% used [0x00000007b9080000,0x00000007b9080000,0x00000007b9b80000)
 ParOldGen       total 171008K, used 12715K [0x00000006c7200000, 0x00000006d1900000, 0x000000076d100000)
  object space 171008K, 7% used [0x00000006c7200000,0x00000006c7e6ae68,0x00000006d1900000)
 Metaspace       used 17500K, capacity 17682K, committed 17792K, reserved 1064960K
  class space    used 1574K, capacity 1662K, committed 1664K, reserved 1048576K
Event: 24.338 GC heap after
Heap after GC invocations=23 (full 0):
 PSYoungGen      total 790016K, used 64K [0x000000076d100000, 0x00000007ba680000, 0x00000007c0000000)
  eden space 778752K, 0% used [0x000000076d100000,0x000000076d100000,0x000000079c980000)
  from space 11264K, 0% used [0x00000007b9080000,0x00000007b9090000,0x00000007b9b80000)
  to   space 10752K, 0% used [0x00000007b9c00000,0x00000007b9c00000,0x00000007ba680000)
 ParOldGen       total 171008K, used 12723K [0x00000006c7200000, 0x00000006d1900000, 0x000000076d100000)
  object space 171008K, 7% used [0x00000006c7200000,0x00000006c7e6ce68,0x00000006d1900000)
 Metaspace       used 17500K, capacity 17682K, committed 17792K, reserved 1064960K
  class space    used 1574K, capacity 1662K, committed 1664K, reserved 1048576K
}
Event: 25.344 GC heap before
{Heap before GC invocations=24 (full 0):
 PSYoungGen      total 790016K, used 778816K [0x000000076d100000, 0x00000007ba680000, 0x00000007c0000000)
  eden space 778752K, 100% used [0x000000076d100000,0x000000079c980000,0x000000079c980000)
  from space 11264K, 0% used [0x00000007b9080000,0x00000007b9090000,0x00000007b9b80000)
  to   space 10752K, 0% used [0x00000007b9c00000,0x00000007b9c00000,0x00000007ba680000)
 ParOldGen       total 171008K, used 12723K [0x00000006c7200000, 0x00000006d1900000, 0x000000076d100000)
  object space 171008K, 7% used [0x00000006c7200000,0x00000006c7e6ce68,0x00000006d1900000)
 Metaspace       used 17501K, capacity 17682K, committed 17792K, reserved 1064960K
  class space    used 1574K, capacity 1662K, committed 1664K, reserved 1048576K
Event: 25.345 GC heap after
Heap after GC invocations=24 (full 0):
 PSYoungGen      total 743424K, used 96K [0x000000076d100000, 0x00000007b9c80000, 0x00000007c0000000)
  eden space 742912K, 0% used [0x000000076d100000,0x000000076d100000,0x000000079a680000)
  from space 512K, 18% used [0x00000007b9c00000,0x00000007b9c18000,0x00000007b9c80000)
  to   space 10240K, 0% used [0x00000007b8880000,0x00000007b8880000,0x00000007b9280000)
 ParOldGen       total 171008K, used 12739K [0x00000006c7200000, 0x00000006d1900000, 0x000000076d100000)
  object space 171008K, 7% used [0x00000006c7200000,0x00000006c7e70e68,0x00000006d1900000)
 Metaspace       used 17501K, capacity 17682K, committed 17792K, reserved 1064960K
  class space    used 1574K, capacity 1662K, committed 1664K, reserved 1048576K
}
Event: 26.287 GC heap before
{Heap before GC invocations=25 (full 0):
 PSYoungGen      total 743424K, used 743008K [0x000000076d100000, 0x00000007b9c80000, 0x00000007c0000000)
  eden space 742912K, 100% used [0x000000076d100000,0x000000079a680000,0x000000079a680000)
  from space 512K, 18% used [0x00000007b9c00000,0x00000007b9c18000,0x00000007b9c80000)
  to   space 10240K, 0% used [0x00000007b8880000,0x00000007b8880000,0x00000007b9280000)
 ParOldGen       total 171008K, used 12739K [0x00000006c7200000, 0x00000006d1900000, 0x000000076d100000)
  object space 171008K, 7% used [0x00000006c7200000,0x00000006c7e70e68,0x00000006d1900000)
 Metaspace       used 17501K, capacity 17682K, committed 17792K, reserved 1064960K
  class space    used 1574K, capacity 1662K, committed 1664K, reserved 1048576K
Event: 26.288 GC heap after
Heap after GC invocations=25 (full 0):
 PSYoungGen      total 719360K, used 128K [0x000000076d100000, 0x00000007b9c80000, 0x00000007c0000000)
  eden space 709120K, 0% used [0x000000076d100000,0x000000076d100000,0x0000000798580000)
  from space 10240K, 1% used [0x00000007b8880000,0x00000007b88a0000,0x00000007b9280000)
  to   space 9728K, 0% used [0x00000007b9300000,0x00000007b9300000,0x00000007b9c80000)
 ParOldGen       total 171008K, used 12739K [0x00000006c7200000, 0x00000006d1900000, 0x000000076d100000)
  object space 171008K, 7% used [0x00000006c7200000,0x00000006c7e70e68,0x00000006d1900000)
 Metaspace       used 17501K, capacity 17682K, committed 17792K, reserved 1064960K
  class space    used 1574K, capacity 1662K, committed 1664K, reserved 1048576K
}
Event: 27.331 GC heap before
{Heap before GC invocations=26 (full 0):
 PSYoungGen      total 719360K, used 709248K [0x000000076d100000, 0x00000007b9c80000, 0x00000007c0000000)
  eden space 709120K, 100% used [0x000000076d100000,0x0000000798580000,0x0000000798580000)
  from space 10240K, 1% used [0x00000007b8880000,0x00000007b88a0000,0x00000007b9280000)
  to   space 9728K, 0% used [0x00000007b9300000,0x00000007b9300000,0x00000007b9c80000)
 ParOldGen       total 171008K, used 12739K [0x00000006c7200000, 0x00000006d1900000, 0x000000076d100000)
  object space 171008K, 7% used [0x00000006c7200000,0x00000006c7e70e68,0x00000006d1900000)
 Metaspace       used 17501K, capacity 17682K, committed 17792K, reserved 1064960K
  class space    used 1574K, capacity 1662K, committed 1664K, reserved 1048576K
Event: 27.332 GC heap after
Heap after GC invocations=26 (full 0):
 PSYoungGen      total 677376K, used 64K [0x000000076d100000, 0x00000007b9380000, 0x00000007c0000000)
  eden space 676864K, 0% used [0x000000076d100000,0x000000076d100000,0x0000000796600000)
  from space 512K, 12% used [0x00000007b9300000,0x00000007b9310000,0x00000007b9380000)
  to   space 8704K, 0% used [0x00000007b8280000,0x00000007b8280000,0x00000007b8b00000)
 ParOldGen       total 171008K, used 12747K [0x00000006c7200000, 0x00000006d1900000, 0x000000076d100000)
  object space 171008K, 7% used [0x00000006c7200000,0x00000006c7e72e68,0x00000006d1900000)
 Metaspace       used 17501K, capacity 17682K, committed 17792K, reserved 1064960K
  class space    used 1574K, capacity 1662K, committed 1664K, reserved 1048576K
}

