# JRE version: Java(TM) SE Runtime Environment (8.0_51-b16) (build 1.8.0_51-b16)
# Java VM: Java HotSpot(TM) 64-Bit Server VM (25.51-b03 mixed mode linux-amd64 compressed oops)
Heap:
 PSYoungGen      total 88064K, used 43853K [0x000000076d100000, 0x0000000773e80000, 0x00000007c0000000)
  eden space 87552K, 49% used [0x000000076d100000,0x000000076fbbb660,0x0000000772680000)
  from space 512K, 18% used [0x0000000772900000,0x0000000772918000,0x0000000772980000)
  to   space 12288K, 0% used [0x0000000773280000,0x0000000773280000,0x0000000773e80000)
 ParOldGen       total 171008K, used 9853K [0x00000006c7200000, 0x00000006d1900000, 0x000000076d100000)
  object space 171008K, 5% used [0x00000006c7200000,0x00000006c7b9f400,0x00000006d1900000)
 Metaspace       used 17407K, capacity 17642K, committed 17792K, reserved 1064960K
  class space    used 1550K, capacity 1630K, committed 1664K, reserved 1048576K
GC Heap History (10 events):
Event: 19.237 GC heap before
{Heap before GC invocations=13 (full 0):
 PSYoungGen      total 111616K, used 100960K [0x000000076d100000, 0x0000000774f80000, 0x00000007c0000000)
  eden space 100864K, 100% used [0x000000076d100000,0x0000000773380000,0x0000000773380000)
  from space 10752K, 0% used [0x0000000774500000,0x0000000774518000,0x0000000774f80000)
  to   space 14336K, 0% used [0x0000000773380000,0x0000000773380000,0x0000000774180000)
 ParOldGen       total 171008K, used 9813K [0x00000006c7200000, 0x00000006d1900000, 0x000000076d100000)
  object space 171008K, 5% used [0x00000006c7200000,0x00000006c7b95400,0x00000006d1900000)
 Metaspace       used 17348K, capacity 17578K, committed 17792K, reserved 1064960K
  class space    used 1550K, capacity 1630K, committed 1664K, reserved 1048576K
Event: 19.238 GC heap after
Heap after GC invocations=13 (full 0):
 PSYoungGen      total 98304K, used 64K [0x000000076d100000, 0x0000000774c80000, 0x00000007c0000000)
  eden space 97792K, 0% used [0x000000076d100000,0x000000076d100000,0x0000000773080000)
  from space 512K, 12% used [0x0000000773380000,0x0000000773390000,0x0000000773400000)
  to   space 14336K, 0% used [0x0000000773e80000,0x0000000773e80000,0x0000000774c80000)
 ParOldGen       total 171008K, used 9821K [0x00000006c7200000, 0x00000006d1900000, 0x000000076d100000)
  object space 171008K, 5% used [0x00000006c7200000,0x00000006c7b97400,0x00000006d1900000)
 Metaspace       used 17348K, capacity 17578K, committed 17792K, reserved 1064960K
  class space    used 1550K, capacity 1630K, committed 1664K, reserved 1048576K
}
Event: 20.442 GC heap before
{Heap before GC invocations=14 (full 0):
 PSYoungGen      total 98304K, used 97856K [0x000000076d100000, 0x0000000774c80000, 0x00000007c0000000)
  eden space 97792K, 100% used [0x000000076d100000,0x0000000773080000,0x0000000773080000)
  from space 512K, 12% used [0x0000000773380000,0x0000000773390000,0x0000000773400000)
  to   space 14336K, 0% used [0x0000000773e80000,0x0000000773e80000,0x0000000774c80000)
 ParOldGen       total 171008K, used 9821K [0x00000006c7200000, 0x00000006d1900000, 0x000000076d100000)
  object space 171008K, 5% used [0x00000006c7200000,0x00000006c7b97400,0x00000006d1900000)
 Metaspace       used 17390K, capacity 17642K, committed 17792K, reserved 1064960K
  class space    used 1550K, capacity 1630K, committed 1664K, reserved 1048576K
Event: 20.444 GC heap after
Heap after GC invocations=14 (full 0):
 PSYoungGen      total 105984K, used 64K [0x000000076d100000, 0x0000000774900000, 0x00000007c0000000)
  eden space 95232K, 0% used [0x000000076d100000,0x000000076d100000,0x0000000772e00000)
  from space 10752K, 0% used [0x0000000773e80000,0x0000000773e90000,0x0000000774900000)
  to   space 13824K, 0% used [0x0000000772e00000,0x0000000772e00000,0x0000000773b80000)
 ParOldGen       total 171008K, used 9837K [0x00000006c7200000, 0x00000006d1900000, 0x000000076d100000)
  object space 171008K, 5% used [0x00000006c7200000,0x00000006c7b9b400,0x00000006d1900000)
 Metaspace       used 17390K, capacity 17642K, committed 17792K, reserved 1064960K
  class space    used 1550K, capacity 1630K, committed 1664K, reserved 1048576K
}
Event: 21.635 GC heap before
{Heap before GC invocations=15 (full 0):
 PSYoungGen      total 105984K, used 95296K [0x000000076d100000, 0x0000000774900000, 0x00000007c0000000)
  eden space 95232K, 100% used [0x000000076d100000,0x0000000772e00000,0x0000000772e00000)
  from space 10752K, 0% used [0x0000000773e80000,0x0000000773e90000,0x0000000774900000)
  to   space 13824K, 0% used [0x0000000772e00000,0x0000000772e00000,0x0000000773b80000)
 ParOldGen       total 171008K, used 9837K [0x00000006c7200000, 0x00000006d1900000, 0x000000076d100000)
  object space 171008K, 5% used [0x00000006c7200000,0x00000006c7b9b400,0x00000006d1900000)
 Metaspace       used 17391K, capacity 17642K, committed 17792K, reserved 1064960K
  class space    used 1550K, capacity 1630K, committed 1664K, reserved 1048576K
Event: 21.637 GC heap after
Heap after GC invocations=15 (full 0):
 PSYoungGen      total 93184K, used 32K [0x000000076d100000, 0x0000000774580000, 0x00000007c0000000)
  eden space 92672K, 0% used [0x000000076d100000,0x000000076d100000,0x0000000772b80000)
  from space 512K, 6% used [0x0000000772e00000,0x0000000772e08000,0x0000000772e80000)
  to   space 13312K, 0% used [0x0000000773880000,0x0000000773880000,0x0000000774580000)
 ParOldGen       total 171008K, used 9845K [0x00000006c7200000, 0x00000006d1900000, 0x000000076d100000)
  object space 171008K, 5% used [0x00000006c7200000,0x00000006c7b9d400,0x00000006d1900000)
 Metaspace       used 17391K, capacity 17642K, committed 17792K, reserved 1064960K
  class space    used 1550K, capacity 1630K, committed 1664K, reserved 1048576K
}
Event: 22.878 GC heap before
{Heap before GC invocations=16 (full 0):
 PSYoungGen      total 93184K, used 92704K [0x000000076d100000, 0x0000000774580000, 0x00000007c0000000)
  eden space 92672K, 100% used [0x000000076d100000,0x0000000772b80000,0x0000000772b80000)
  from space 512K, 6% used [0x0000000772e00000,0x0000000772e08000,0x0000000772e80000)
  to   space 13312K, 0% used [0x0000000773880000,0x0000000773880000,0x0000000774580000)
 ParOldGen       total 171008K, used 9845K [0x00000006c7200000, 0x00000006d1900000, 0x000000076d100000)
  object space 171008K, 5% used [0x00000006c7200000,0x00000006c7b9d400,0x00000006d1900000)
 Metaspace       used 17392K, capacity 17642K, committed 17792K, reserved 1064960K
  class space    used 1550K, capacity 1630K, committed 1664K, reserved 1048576K
Event: 22.880 GC heap after
Heap after GC invocations=16 (full 0):
 PSYoungGen      total 99840K, used 32K [0x000000076d100000, 0x0000000774200000, 0x00000007c0000000)
  eden space 90112K, 0% used [0x000000076d100000,0x000000076d100000,0x0000000772900000)
  from space 9728K, 0% used [0x0000000773880000,0x0000000773888000,0x0000000774200000)
  to   space 12800K, 0% used [0x0000000772900000,0x0000000772900000,0x0000000773580000)
 ParOldGen       total 171008K, used 9845K [0x00000006c7200000, 0x00000006d1900000, 0x000000076d100000)
  object space 171008K, 5% used [0x00000006c7200000,0x00000006c7b9d400,0x00000006d1900000)
 Metaspace       used 17392K, capacity 17642K, committed 17792K, reserved 1064960K
  class space    used 1550K, capacity 1630K, committed 1664K, reserved 1048576K
}
Event: 24.035 GC heap before
{Heap before GC invocations=17 (full 0):
 PSYoungGen      total 99840K, used 90144K [0x000000076d100000, 0x0000000774200000, 0x00000007c0000000)
  eden space 90112K, 100% used [0x000000076d100000,0x0000000772900000,0x0000000772900000)
  from space 9728K, 0% used [0x0000000773880000,0x0000000773888000,0x0000000774200000)
  to   space 12800K, 0% used [0x0000000772900000,0x0000000772900000,0x0000000773580000)
 ParOldGen       total 171008K, used 9845K [0x00000006c7200000, 0x00000006d1900000, 0x000000076d100000)
  object space 171008K, 5% used [0x00000006c7200000,0x00000006c7b9d400,0x00000006d1900000)
 Metaspace       used 17392K, capacity 17642K, committed 17792K, reserved 1064960K
  class space    used 1550K, capacity 1630K, committed 1664K, reserved 1048576K
Event: 24.036 GC heap after
Heap after GC invocations=17 (full 0):
 PSYoungGen      total 88064K, used 96K [0x000000076d100000, 0x0000000773e80000, 0x00000007c0000000)
  eden space 87552K, 0% used [0x000000076d100000,0x000000076d100000,0x0000000772680000)
  from space 512K, 18% used [0x0000000772900000,0x0000000772918000,0x0000000772980000)
  to   space 12288K, 0% used [0x0000000773280000,0x0000000773280000,0x0000000773e80000)
 ParOldGen       total 171008K, used 9853K [0x00000006c7200000, 0x00000006d1900000, 0x000000076d100000)
  object space 171008K, 5% used [0x00000006c7200000,0x00000006c7b9f400,0x00000006d1900000)
 Metaspace       used 17392K, capacity 17642K, committed 17792K, reserved 1064960K
  class space    used 1550K, capacity 1630K, committed 1664K, reserved 1048576K
}

