# JRE version: Java(TM) SE Runtime Environment (8.0_51-b16) (build 1.8.0_51-b16)
# Java VM: Java HotSpot(TM) 64-Bit Server VM (25.51-b03 mixed mode linux-amd64 compressed oops)
Heap:
 PSYoungGen      total 423424K, used 223019K [0x000000076d100000, 0x000000078c080000, 0x00000007c0000000)
  eden space 413696K, 53% used [0x000000076d100000,0x000000077aabac18,0x0000000786500000)
  from space 9728K, 0% used [0x000000078ad80000,0x000000078ad90000,0x000000078b700000)
  to   space 9728K, 0% used [0x000000078b700000,0x000000078b700000,0x000000078c080000)
 ParOldGen       total 171008K, used 4875K [0x00000006c7200000, 0x00000006d1900000, 0x000000076d100000)
  object space 171008K, 2% used [0x00000006c7200000,0x00000006c76c2da0,0x00000006d1900000)
 Metaspace       used 17636K, capacity 17874K, committed 18048K, reserved 1064960K
  class space    used 1575K, capacity 1662K, committed 1664K, reserved 1048576K
GC Heap History (10 events):
Event: 11.548 GC heap before
{Heap before GC invocations=9 (full 0):
 PSYoungGen      total 525824K, used 516160K [0x000000076d100000, 0x000000078dc00000, 0x00000007c0000000)
  eden space 516096K, 100% used [0x000000076d100000,0x000000078c900000,0x000000078c900000)
  from space 9728K, 0% used [0x000000078d280000,0x000000078d290000,0x000000078dc00000)
  to   space 9728K, 0% used [0x000000078c900000,0x000000078c900000,0x000000078d280000)
 ParOldGen       total 171008K, used 4811K [0x00000006c7200000, 0x00000006d1900000, 0x000000076d100000)
  object space 171008K, 2% used [0x00000006c7200000,0x00000006c76b2da0,0x00000006d1900000)
 Metaspace       used 17621K, capacity 17810K, committed 18048K, reserved 1064960K
  class space    used 1575K, capacity 1662K, committed 1664K, reserved 1048576K
Event: 11.552 GC heap after
Heap after GC invocations=9 (full 0):
 PSYoungGen      total 494080K, used 64K [0x000000076d100000, 0x000000078d300000, 0x00000007c0000000)
  eden space 493568K, 0% used [0x000000076d100000,0x000000076d100000,0x000000078b300000)
  from space 512K, 12% used [0x000000078c900000,0x000000078c910000,0x000000078c980000)
  to   space 9728K, 0% used [0x000000078c980000,0x000000078c980000,0x000000078d300000)
 ParOldGen       total 171008K, used 4819K [0x00000006c7200000, 0x00000006d1900000, 0x000000076d100000)
  object space 171008K, 2% used [0x00000006c7200000,0x00000006c76b4da0,0x00000006d1900000)
 Metaspace       used 17621K, capacity 17810K, committed 18048K, reserved 1064960K
  class space    used 1575K, capacity 1662K, committed 1664K, reserved 1048576K
}
Event: 14.365 GC heap before
{Heap before GC invocations=10 (full 0):
 PSYoungGen      total 494080K, used 493632K [0x000000076d100000, 0x000000078d300000, 0x00000007c0000000)
  eden space 493568K, 100% used [0x000000076d100000,0x000000078b300000,0x000000078b300000)
  from space 512K, 12% used [0x000000078c900000,0x000000078c910000,0x000000078c980000)
  to   space 9728K, 0% used [0x000000078c980000,0x000000078c980000,0x000000078d300000)
 ParOldGen       total 171008K, used 4819K [0x00000006c7200000, 0x00000006d1900000, 0x000000076d100000)
  object space 171008K, 2% used [0x00000006c7200000,0x00000006c76b4da0,0x00000006d1900000)
 Metaspace       used 17635K, capacity 17874K, committed 18048K, reserved 1064960K
  class space    used 1575K, capacity 1662K, committed 1664K, reserved 1048576K
Event: 14.367 GC heap after
Heap after GC invocations=10 (full 0):
 PSYoungGen      total 472576K, used 64K [0x000000076d100000, 0x000000078ca00000, 0x00000007c0000000)
  eden space 472064K, 0% used [0x000000076d100000,0x000000076d100000,0x0000000789e00000)
  from space 512K, 12% used [0x000000078c980000,0x000000078c990000,0x000000078ca00000)
  to   space 10240K, 0% used [0x000000078b600000,0x000000078b600000,0x000000078c000000)
 ParOldGen       total 171008K, used 4851K [0x00000006c7200000, 0x00000006d1900000, 0x000000076d100000)
  object space 171008K, 2% used [0x00000006c7200000,0x00000006c76bcda0,0x00000006d1900000)
 Metaspace       used 17635K, capacity 17874K, committed 18048K, reserved 1064960K
  class space    used 1575K, capacity 1662K, committed 1664K, reserved 1048576K
}
Event: 17.104 GC heap before
{Heap before GC invocations=11 (full 0):
 PSYoungGen      total 472576K, used 472128K [0x000000076d100000, 0x000000078ca00000, 0x00000007c0000000)
  eden space 472064K, 100% used [0x000000076d100000,0x0000000789e00000,0x0000000789e00000)
  from space 512K, 12% used [0x000000078c980000,0x000000078c990000,0x000000078ca00000)
  to   space 10240K, 0% used [0x000000078b600000,0x000000078b600000,0x000000078c000000)
 ParOldGen       total 171008K, used 4851K [0x00000006c7200000, 0x00000006d1900000, 0x000000076d100000)
  object space 171008K, 2% used [0x00000006c7200000,0x00000006c76bcda0,0x00000006d1900000)
 Metaspace       used 17635K, capacity 17874K, committed 18048K, reserved 1064960K
  class space    used 1575K, capacity 1662K, committed 1664K, reserved 1048576K
Event: 17.106 GC heap after
Heap after GC invocations=11 (full 0):
 PSYoungGen      total 461824K, used 96K [0x000000076d100000, 0x000000078ca00000, 0x00000007c0000000)
  eden space 451584K, 0% used [0x000000076d100000,0x000000076d100000,0x0000000788a00000)
  from space 10240K, 0% used [0x000000078b600000,0x000000078b618000,0x000000078c000000)
  to   space 10240K, 0% used [0x000000078c000000,0x000000078c000000,0x000000078ca00000)
 ParOldGen       total 171008K, used 4867K [0x00000006c7200000, 0x00000006d1900000, 0x000000076d100000)
  object space 171008K, 2% used [0x00000006c7200000,0x00000006c76c0da0,0x00000006d1900000)
 Metaspace       used 17635K, capacity 17874K, committed 18048K, reserved 1064960K
  class space    used 1575K, capacity 1662K, committed 1664K, reserved 1048576K
}
Event: 19.693 GC heap before
{Heap before GC invocations=12 (full 0):
 PSYoungGen      total 461824K, used 451680K [0x000000076d100000, 0x000000078ca00000, 0x00000007c0000000)
  eden space 451584K, 100% used [0x000000076d100000,0x0000000788a00000,0x0000000788a00000)
  from space 10240K, 0% used [0x000000078b600000,0x000000078b618000,0x000000078c000000)
  to   space 10240K, 0% used [0x000000078c000000,0x000000078c000000,0x000000078ca00000)
 ParOldGen       total 171008K, used 4867K [0x00000006c7200000, 0x00000006d1900000, 0x000000076d100000)
  object space 171008K, 2% used [0x00000006c7200000,0x00000006c76c0da0,0x00000006d1900000)
 Metaspace       used 17635K, capacity 17874K, committed 18048K, reserved 1064960K
  class space    used 1575K, capacity 1662K, committed 1664K, reserved 1048576K
Event: 19.695 GC heap after
Heap after GC invocations=12 (full 0):
 PSYoungGen      total 432640K, used 64K [0x000000076d100000, 0x000000078c080000, 0x00000007c0000000)
  eden space 432128K, 0% used [0x000000076d100000,0x000000076d100000,0x0000000787700000)
  from space 512K, 12% used [0x000000078c000000,0x000000078c010000,0x000000078c080000)
  to   space 9728K, 0% used [0x000000078ad80000,0x000000078ad80000,0x000000078b700000)
 ParOldGen       total 171008K, used 4875K [0x00000006c7200000, 0x00000006d1900000, 0x000000076d100000)
  object space 171008K, 2% used [0x00000006c7200000,0x00000006c76c2da0,0x00000006d1900000)
 Metaspace       used 17635K, capacity 17874K, committed 18048K, reserved 1064960K
  class space    used 1575K, capacity 1662K, committed 1664K, reserved 1048576K
}
Event: 22.159 GC heap before
{Heap before GC invocations=13 (full 0):
 PSYoungGen      total 432640K, used 432192K [0x000000076d100000, 0x000000078c080000, 0x00000007c0000000)
  eden space 432128K, 100% used [0x000000076d100000,0x0000000787700000,0x0000000787700000)
  from space 512K, 12% used [0x000000078c000000,0x000000078c010000,0x000000078c080000)
  to   space 9728K, 0% used [0x000000078ad80000,0x000000078ad80000,0x000000078b700000)
 ParOldGen       total 171008K, used 4875K [0x00000006c7200000, 0x00000006d1900000, 0x000000076d100000)
  object space 171008K, 2% used [0x00000006c7200000,0x00000006c76c2da0,0x00000006d1900000)
 Metaspace       used 17635K, capacity 17874K, committed 18048K, reserved 1064960K
  class space    used 1575K, capacity 1662K, committed 1664K, reserved 1048576K
Event: 22.159 GC heap after
Heap after GC invocations=13 (full 0):
 PSYoungGen      total 423424K, used 64K [0x000000076d100000, 0x000000078c080000, 0x00000007c0000000)
  eden space 413696K, 0% used [0x000000076d100000,0x000000076d100000,0x0000000786500000)
  from space 9728K, 0% used [0x000000078ad80000,0x000000078ad90000,0x000000078b700000)
  to   space 9728K, 0% used [0x000000078b700000,0x000000078b700000,0x000000078c080000)
 ParOldGen       total 171008K, used 4875K [0x00000006c7200000, 0x00000006d1900000, 0x000000076d100000)
  object space 171008K, 2% used [0x00000006c7200000,0x00000006c76c2da0,0x00000006d1900000)
 Metaspace       used 17635K, capacity 17874K, committed 18048K, reserved 1064960K
  class space    used 1575K, capacity 1662K, committed 1664K, reserved 1048576K
}

