# JRE version: Java(TM) SE Runtime Environment (8.0_51-b16) (build 1.8.0_51-b16)
# Java VM: Java HotSpot(TM) 64-Bit Server VM (25.51-b03 mixed mode linux-amd64 compressed oops)
Heap:
 PSYoungGen      total 84992K, used 18666K [0x000000076d100000, 0x0000000798a00000, 0x00000007c0000000)
  eden space 84480K, 22% used [0x000000076d100000,0x000000076e32aab8,0x0000000772380000)
  from space 512K, 12% used [0x0000000798980000,0x0000000798990000,0x0000000798a00000)
  to   space 512K, 0% used [0x0000000798900000,0x0000000798900000,0x0000000798980000)
 ParOldGen       total 171008K, used 8931K [0x00000006c7200000, 0x00000006d1900000, 0x000000076d100000)
  object space 171008K, 5% used [0x00000006c7200000,0x00000006c7ab8ee8,0x00000006d1900000)
 Metaspace       used 17705K, capacity 17930K, committed 18048K, reserved 1064960K
  class space    used 1570K, capacity 1662K, committed 1664K, reserved 1048576K
GC Heap History (10 events):
Event: 356.338 GC heap before
{Heap before GC invocations=1930 (full 0):
 PSYoungGen      total 78848K, used 78400K [0x000000076d100000, 0x0000000798a00000, 0x00000007c0000000)
  eden space 78336K, 100% used [0x000000076d100000,0x0000000771d80000,0x0000000771d80000)
  from space 512K, 12% used [0x0000000798900000,0x0000000798910000,0x0000000798980000)
  to   space 512K, 0% used [0x0000000798980000,0x0000000798980000,0x0000000798a00000)
 ParOldGen       total 171008K, used 8931K [0x00000006c7200000, 0x00000006d1900000, 0x000000076d100000)
  object space 171008K, 5% used [0x00000006c7200000,0x00000006c7ab8ee8,0x00000006d1900000)
 Metaspace       used 17704K, capacity 17930K, committed 18048K, reserved 1064960K
  class space    used 1570K, capacity 1662K, committed 1664K, reserved 1048576K
Event: 356.342 GC heap after
Heap after GC invocations=1930 (full 0):
 PSYoungGen      total 94720K, used 96K [0x000000076d100000, 0x0000000798a00000, 0x00000007c0000000)
  eden space 94208K, 0% used [0x000000076d100000,0x000000076d100000,0x0000000772d00000)
  from space 512K, 18% used [0x0000000798980000,0x0000000798998000,0x0000000798a00000)
  to   space 512K, 0% used [0x0000000798900000,0x0000000798900000,0x0000000798980000)
 ParOldGen       total 171008K, used 8931K [0x00000006c7200000, 0x00000006d1900000, 0x000000076d100000)
  object space 171008K, 5% used [0x00000006c7200000,0x00000006c7ab8ee8,0x00000006d1900000)
 Metaspace       used 17704K, capacity 17930K, committed 18048K, reserved 1064960K
  class space    used 1570K, capacity 1662K, committed 1664K, reserved 1048576K
}
Event: 356.839 GC heap before
{Heap before GC invocations=1931 (full 0):
 PSYoungGen      total 94720K, used 94304K [0x000000076d100000, 0x0000000798a00000, 0x00000007c0000000)
  eden space 94208K, 100% used [0x000000076d100000,0x0000000772d00000,0x0000000772d00000)
  from space 512K, 18% used [0x0000000798980000,0x0000000798998000,0x0000000798a00000)
  to   space 512K, 0% used [0x0000000798900000,0x0000000798900000,0x0000000798980000)
 ParOldGen       total 171008K, used 8931K [0x00000006c7200000, 0x00000006d1900000, 0x000000076d100000)
  object space 171008K, 5% used [0x00000006c7200000,0x00000006c7ab8ee8,0x00000006d1900000)
 Metaspace       used 17704K, capacity 17930K, committed 18048K, reserved 1064960K
  class space    used 1570K, capacity 1662K, committed 1664K, reserved 1048576K
Event: 356.841 GC heap after
Heap after GC invocations=1931 (full 0):
 PSYoungGen      total 92160K, used 96K [0x000000076d100000, 0x0000000798a00000, 0x00000007c0000000)
  eden space 91648K, 0% used [0x000000076d100000,0x000000076d100000,0x0000000772a80000)
  from space 512K, 18% used [0x0000000798900000,0x0000000798918000,0x0000000798980000)
  to   space 512K, 0% used [0x0000000798980000,0x0000000798980000,0x0000000798a00000)
 ParOldGen       total 171008K, used 8931K [0x00000006c7200000, 0x00000006d1900000, 0x000000076d100000)
  object space 171008K, 5% used [0x00000006c7200000,0x00000006c7ab8ee8,0x00000006d1900000)
 Metaspace       used 17704K, capacity 17930K, committed 18048K, reserved 1064960K
  class space    used 1570K, capacity 1662K, committed 1664K, reserved 1048576K
}
Event: 357.306 GC heap before
{Heap before GC invocations=1932 (full 0):
 PSYoungGen      total 92160K, used 91744K [0x000000076d100000, 0x0000000798a00000, 0x00000007c0000000)
  eden space 91648K, 100% used [0x000000076d100000,0x0000000772a80000,0x0000000772a80000)
  from space 512K, 18% used [0x0000000798900000,0x0000000798918000,0x0000000798980000)
  to   space 512K, 0% used [0x0000000798980000,0x0000000798980000,0x0000000798a00000)
 ParOldGen       total 171008K, used 8931K [0x00000006c7200000, 0x00000006d1900000, 0x000000076d100000)
  object space 171008K, 5% used [0x00000006c7200000,0x00000006c7ab8ee8,0x00000006d1900000)
 Metaspace       used 17704K, capacity 17930K, committed 18048K, reserved 1064960K
  class space    used 1570K, capacity 1662K, committed 1664K, reserved 1048576K
Event: 357.310 GC heap after
Heap after GC invocations=1932 (full 0):
 PSYoungGen      total 89600K, used 160K [0x000000076d100000, 0x0000000798a00000, 0x00000007c0000000)
  eden space 89088K, 0% used [0x000000076d100000,0x000000076d100000,0x0000000772800000)
  from space 512K, 31% used [0x0000000798980000,0x00000007989a8000,0x0000000798a00000)
  to   space 512K, 0% used [0x0000000798900000,0x0000000798900000,0x0000000798980000)
 ParOldGen       total 171008K, used 8931K [0x00000006c7200000, 0x00000006d1900000, 0x000000076d100000)
  object space 171008K, 5% used [0x00000006c7200000,0x00000006c7ab8ee8,0x00000006d1900000)
 Metaspace       used 17704K, capacity 17930K, committed 18048K, reserved 1064960K
  class space    used 1570K, capacity 1662K, committed 1664K, reserved 1048576K
}
Event: 357.588 GC heap before
{Heap before GC invocations=1933 (full 0):
 PSYoungGen      total 89600K, used 89248K [0x000000076d100000, 0x0000000798a00000, 0x00000007c0000000)
  eden space 89088K, 100% used [0x000000076d100000,0x0000000772800000,0x0000000772800000)
  from space 512K, 31% used [0x0000000798980000,0x00000007989a8000,0x0000000798a00000)
  to   space 512K, 0% used [0x0000000798900000,0x0000000798900000,0x0000000798980000)
 ParOldGen       total 171008K, used 8931K [0x00000006c7200000, 0x00000006d1900000, 0x000000076d100000)
  object space 171008K, 5% used [0x00000006c7200000,0x00000006c7ab8ee8,0x00000006d1900000)
 Metaspace       used 17704K, capacity 17930K, committed 18048K, reserved 1064960K
  class space    used 1570K, capacity 1662K, committed 1664K, reserved 1048576K
Event: 357.590 GC heap after
Heap after GC invocations=1933 (full 0):
 PSYoungGen      total 87040K, used 64K [0x000000076d100000, 0x0000000798a00000, 0x00000007c0000000)
  eden space 86528K, 0% used [0x000000076d100000,0x000000076d100000,0x0000000772580000)
  from space 512K, 12% used [0x0000000798900000,0x0000000798910000,0x0000000798980000)
  to   space 512K, 0% used [0x0000000798980000,0x0000000798980000,0x0000000798a00000)
 ParOldGen       total 171008K, used 8931K [0x00000006c7200000, 0x00000006d1900000, 0x000000076d100000)
  object space 171008K, 5% used [0x00000006c7200000,0x00000006c7ab8ee8,0x00000006d1900000)
 Metaspace       used 17704K, capacity 17930K, committed 18048K, reserved 1064960K
  class space    used 1570K, capacity 1662K, committed 1664K, reserved 1048576K
}
Event: 357.904 GC heap before
{Heap before GC invocations=1934 (full 0):
 PSYoungGen      total 87040K, used 86592K [0x000000076d100000, 0x0000000798a00000, 0x00000007c0000000)
  eden space 86528K, 100% used [0x000000076d100000,0x0000000772580000,0x0000000772580000)
  from space 512K, 12% used [0x0000000798900000,0x0000000798910000,0x0000000798980000)
  to   space 512K, 0% used [0x0000000798980000,0x0000000798980000,0x0000000798a00000)
 ParOldGen       total 171008K, used 8931K [0x00000006c7200000, 0x00000006d1900000, 0x000000076d100000)
  object space 171008K, 5% used [0x00000006c7200000,0x00000006c7ab8ee8,0x00000006d1900000)
 Metaspace       used 17705K, capacity 17930K, committed 18048K, reserved 1064960K
  class space    used 1570K, capacity 1662K, committed 1664K, reserved 1048576K
Event: 357.906 GC heap after
Heap after GC invocations=1934 (full 0):
 PSYoungGen      total 84992K, used 64K [0x000000076d100000, 0x0000000798a00000, 0x00000007c0000000)
  eden space 84480K, 0% used [0x000000076d100000,0x000000076d100000,0x0000000772380000)
  from space 512K, 12% used [0x0000000798980000,0x0000000798990000,0x0000000798a00000)
  to   space 512K, 0% used [0x0000000798900000,0x0000000798900000,0x0000000798980000)
 ParOldGen       total 171008K, used 8931K [0x00000006c7200000, 0x00000006d1900000, 0x000000076d100000)
  object space 171008K, 5% used [0x00000006c7200000,0x00000006c7ab8ee8,0x00000006d1900000)
 Metaspace       used 17705K, capacity 17930K, committed 18048K, reserved 1064960K
  class space    used 1570K, capacity 1662K, committed 1664K, reserved 1048576K
}

