# JRE version: Java(TM) SE Runtime Environment (8.0_51-b16) (build 1.8.0_51-b16)
# Java VM: Java HotSpot(TM) 64-Bit Server VM (25.51-b03 mixed mode linux-amd64 compressed oops)
Heap:
 PSYoungGen      total 482304K, used 46896K [0x000000076d100000, 0x00000007a0200000, 0x00000007c0000000)
  eden space 472064K, 9% used [0x000000076d100000,0x000000076feac2d8,0x0000000789e00000)
  from space 10240K, 1% used [0x000000079ee00000,0x000000079ee20000,0x000000079f800000)
  to   space 10240K, 0% used [0x000000079f800000,0x000000079f800000,0x00000007a0200000)
 ParOldGen       total 171008K, used 4877K [0x00000006c7200000, 0x00000006d1900000, 0x000000076d100000)
  object space 171008K, 2% used [0x00000006c7200000,0x00000006c76c3698,0x00000006d1900000)
 Metaspace       used 17632K, capacity 17810K, committed 18048K, reserved 1064960K
  class space    used 1573K, capacity 1662K, committed 1664K, reserved 1048576K
GC Heap History (10 events):
Event: 10.378 GC heap before
{Heap before GC invocations=7 (full 0):
 PSYoungGen      total 266240K, used 262904K [0x000000076d100000, 0x000000077de00000, 0x00000007c0000000)
  eden space 258048K, 100% used [0x000000076d100000,0x000000077cd00000,0x000000077cd00000)
  from space 8192K, 59% used [0x000000077d600000,0x000000077dabe0a0,0x000000077de00000)
  to   space 8704K, 0% used [0x000000077cd00000,0x000000077cd00000,0x000000077d580000)
 ParOldGen       total 171008K, used 56K [0x00000006c7200000, 0x00000006d1900000, 0x000000076d100000)
  object space 171008K, 0% used [0x00000006c7200000,0x00000006c720e000,0x00000006d1900000)
 Metaspace       used 17430K, capacity 17618K, committed 17792K, reserved 1064960K
  class space    used 1572K, capacity 1662K, committed 1664K, reserved 1048576K
Event: 10.391 GC heap after
Heap after GC invocations=7 (full 0):
 PSYoungGen      total 266752K, used 128K [0x000000076d100000, 0x000000078dc00000, 0x00000007c0000000)
  eden space 258048K, 0% used [0x000000076d100000,0x000000076d100000,0x000000077cd00000)
  from space 8704K, 1% used [0x000000077cd00000,0x000000077cd20000,0x000000077d580000)
  to   space 9728K, 0% used [0x000000078d280000,0x000000078d280000,0x000000078dc00000)
 ParOldGen       total 171008K, used 4813K [0x00000006c7200000, 0x00000006d1900000, 0x000000076d100000)
  object space 171008K, 2% used [0x00000006c7200000,0x00000006c76b3698,0x00000006d1900000)
 Metaspace       used 17430K, capacity 17618K, committed 17792K, reserved 1064960K
  class space    used 1572K, capacity 1662K, committed 1664K, reserved 1048576K
}
Event: 11.862 GC heap before
{Heap before GC invocations=8 (full 0):
 PSYoungGen      total 266752K, used 258176K [0x000000076d100000, 0x000000078dc00000, 0x00000007c0000000)
  eden space 258048K, 100% used [0x000000076d100000,0x000000077cd00000,0x000000077cd00000)
  from space 8704K, 1% used [0x000000077cd00000,0x000000077cd20000,0x000000077d580000)
  to   space 9728K, 0% used [0x000000078d280000,0x000000078d280000,0x000000078dc00000)
 ParOldGen       total 171008K, used 4813K [0x00000006c7200000, 0x00000006d1900000, 0x000000076d100000)
  object space 171008K, 2% used [0x00000006c7200000,0x00000006c76b3698,0x00000006d1900000)
 Metaspace       used 17507K, capacity 17682K, committed 17792K, reserved 1064960K
  class space    used 1572K, capacity 1662K, committed 1664K, reserved 1048576K
Event: 11.865 GC heap after
Heap after GC invocations=8 (full 0):
 PSYoungGen      total 525824K, used 64K [0x000000076d100000, 0x000000078dc00000, 0x00000007c0000000)
  eden space 516096K, 0% used [0x000000076d100000,0x000000076d100000,0x000000078c900000)
  from space 9728K, 0% used [0x000000078d280000,0x000000078d290000,0x000000078dc00000)
  to   space 9728K, 0% used [0x000000078c900000,0x000000078c900000,0x000000078d280000)
 ParOldGen       total 171008K, used 4821K [0x00000006c7200000, 0x00000006d1900000, 0x000000076d100000)
  object space 171008K, 2% used [0x00000006c7200000,0x00000006c76b5698,0x00000006d1900000)
 Metaspace       used 17507K, capacity 17682K, committed 17792K, reserved 1064960K
  class space    used 1572K, capacity 1662K, committed 1664K, reserved 1048576K
}
Event: 14.726 GC heap before
{Heap before GC invocations=9 (full 0):
 PSYoungGen      total 525824K, used 516160K [0x000000076d100000, 0x000000078dc00000, 0x00000007c0000000)
  eden space 516096K, 100% used [0x000000076d100000,0x000000078c900000,0x000000078c900000)
  from space 9728K, 0% used [0x000000078d280000,0x000000078d290000,0x000000078dc00000)
  to   space 9728K, 0% used [0x000000078c900000,0x000000078c900000,0x000000078d280000)
 ParOldGen       total 171008K, used 4821K [0x00000006c7200000, 0x00000006d1900000, 0x000000076d100000)
  object space 171008K, 2% used [0x00000006c7200000,0x00000006c76b5698,0x00000006d1900000)
 Metaspace       used 17623K, capacity 17810K, committed 18048K, reserved 1064960K
  class space    used 1572K, capacity 1662K, committed 1664K, reserved 1048576K
Event: 14.728 GC heap after
Heap after GC invocations=9 (full 0):
 PSYoungGen      total 525824K, used 64K [0x000000076d100000, 0x00000007a0b80000, 0x00000007c0000000)
  eden space 516096K, 0% used [0x000000076d100000,0x000000076d100000,0x000000078c900000)
  from space 9728K, 0% used [0x000000078c900000,0x000000078c910000,0x000000078d280000)
  to   space 10240K, 0% used [0x00000007a0180000,0x00000007a0180000,0x00000007a0b80000)
 ParOldGen       total 171008K, used 4829K [0x00000006c7200000, 0x00000006d1900000, 0x000000076d100000)
  object space 171008K, 2% used [0x00000006c7200000,0x00000006c76b7698,0x00000006d1900000)
 Metaspace       used 17623K, capacity 17810K, committed 18048K, reserved 1064960K
  class space    used 1572K, capacity 1662K, committed 1664K, reserved 1048576K
}
Event: 17.590 GC heap before
{Heap before GC invocations=10 (full 0):
 PSYoungGen      total 525824K, used 516160K [0x000000076d100000, 0x00000007a0b80000, 0x00000007c0000000)
  eden space 516096K, 100% used [0x000000076d100000,0x000000078c900000,0x000000078c900000)
  from space 9728K, 0% used [0x000000078c900000,0x000000078c910000,0x000000078d280000)
  to   space 10240K, 0% used [0x00000007a0180000,0x00000007a0180000,0x00000007a0b80000)
 ParOldGen       total 171008K, used 4829K [0x00000006c7200000, 0x00000006d1900000, 0x000000076d100000)
  object space 171008K, 2% used [0x00000006c7200000,0x00000006c76b7698,0x00000006d1900000)
 Metaspace       used 17627K, capacity 17810K, committed 18048K, reserved 1064960K
  class space    used 1572K, capacity 1662K, committed 1664K, reserved 1048576K
Event: 17.592 GC heap after
Heap after GC invocations=10 (full 0):
 PSYoungGen      total 494080K, used 96K [0x000000076d100000, 0x00000007a0200000, 0x00000007c0000000)
  eden space 493568K, 0% used [0x000000076d100000,0x000000076d100000,0x000000078b300000)
  from space 512K, 18% used [0x00000007a0180000,0x00000007a0198000,0x00000007a0200000)
  to   space 10240K, 0% used [0x000000079ee00000,0x000000079ee00000,0x000000079f800000)
 ParOldGen       total 171008K, used 4837K [0x00000006c7200000, 0x00000006d1900000, 0x000000076d100000)
  object space 171008K, 2% used [0x00000006c7200000,0x00000006c76b9698,0x00000006d1900000)
 Metaspace       used 17627K, capacity 17810K, committed 18048K, reserved 1064960K
  class space    used 1572K, capacity 1662K, committed 1664K, reserved 1048576K
}
Event: 20.324 GC heap before
{Heap before GC invocations=11 (full 0):
 PSYoungGen      total 494080K, used 493664K [0x000000076d100000, 0x00000007a0200000, 0x00000007c0000000)
  eden space 493568K, 100% used [0x000000076d100000,0x000000078b300000,0x000000078b300000)
  from space 512K, 18% used [0x00000007a0180000,0x00000007a0198000,0x00000007a0200000)
  to   space 10240K, 0% used [0x000000079ee00000,0x000000079ee00000,0x000000079f800000)
 ParOldGen       total 171008K, used 4837K [0x00000006c7200000, 0x00000006d1900000, 0x000000076d100000)
  object space 171008K, 2% used [0x00000006c7200000,0x00000006c76b9698,0x00000006d1900000)
 Metaspace       used 17631K, capacity 17810K, committed 18048K, reserved 1064960K
  class space    used 1573K, capacity 1662K, committed 1664K, reserved 1048576K
Event: 20.326 GC heap after
Heap after GC invocations=11 (full 0):
 PSYoungGen      total 482304K, used 128K [0x000000076d100000, 0x00000007a0200000, 0x00000007c0000000)
  eden space 472064K, 0% used [0x000000076d100000,0x000000076d100000,0x0000000789e00000)
  from space 10240K, 1% used [0x000000079ee00000,0x000000079ee20000,0x000000079f800000)
  to   space 10240K, 0% used [0x000000079f800000,0x000000079f800000,0x00000007a0200000)
 ParOldGen       total 171008K, used 4877K [0x00000006c7200000, 0x00000006d1900000, 0x000000076d100000)
  object space 171008K, 2% used [0x00000006c7200000,0x00000006c76c3698,0x00000006d1900000)
 Metaspace       used 17631K, capacity 17810K, committed 18048K, reserved 1064960K
  class space    used 1573K, capacity 1662K, committed 1664K, reserved 1048576K
}

