# JRE version: Java(TM) SE Runtime Environment (8.0_51-b16) (build 1.8.0_51-b16)
# Java VM: Java HotSpot(TM) 64-Bit Server VM (25.51-b03 mixed mode linux-amd64 compressed oops)
Heap:
 PSYoungGen      total 1335296K, used 603888K [0x000000076d100000, 0x00000007bf980000, 0x00000007c0000000)
  eden space 1318400K, 45% used [0x000000076d100000,0x0000000791eac2d0,0x00000007bd880000)
  from space 16896K, 0% used [0x00000007be900000,0x00000007be910000,0x00000007bf980000)
  to   space 16896K, 0% used [0x00000007bd880000,0x00000007bd880000,0x00000007be900000)
 ParOldGen       total 171008K, used 12587K [0x00000006c7200000, 0x00000006d1900000, 0x000000076d100000)
  object space 171008K, 7% used [0x00000006c7200000,0x00000006c7e4ac48,0x00000006d1900000)
 Metaspace       used 17438K, capacity 17614K, committed 17792K, reserved 1064960K
  class space    used 1574K, capacity 1662K, committed 1664K, reserved 1048576K
GC Heap History (10 events):
Event: 4.225 GC heap before
{Heap before GC invocations=8 (full 0):
 PSYoungGen      total 270848K, used 258176K [0x000000076d100000, 0x000000078e600000, 0x00000007c0000000)
  eden space 258048K, 100% used [0x000000076d100000,0x000000077cd00000,0x000000077cd00000)
  from space 12800K, 1% used [0x000000077cd00000,0x000000077cd20000,0x000000077d980000)
  to   space 14848K, 0% used [0x000000078d780000,0x000000078d780000,0x000000078e600000)
 ParOldGen       total 171008K, used 12515K [0x00000006c7200000, 0x00000006d1900000, 0x000000076d100000)
  object space 171008K, 7% used [0x00000006c7200000,0x00000006c7e38c48,0x00000006d1900000)
 Metaspace       used 17308K, capacity 17486K, committed 17792K, reserved 1064960K
  class space    used 1574K, capacity 1662K, committed 1664K, reserved 1048576K
Event: 4.226 GC heap after
Heap after GC invocations=8 (full 0):
 PSYoungGen      total 529920K, used 160K [0x000000076d100000, 0x000000078e800000, 0x00000007c0000000)
  eden space 515072K, 0% used [0x000000076d100000,0x000000076d100000,0x000000078c800000)
  from space 14848K, 1% used [0x000000078d780000,0x000000078d7a8000,0x000000078e600000)
  to   space 15872K, 0% used [0x000000078c800000,0x000000078c800000,0x000000078d780000)
 ParOldGen       total 171008K, used 12531K [0x00000006c7200000, 0x00000006d1900000, 0x000000076d100000)
  object space 171008K, 7% used [0x00000006c7200000,0x00000006c7e3cc48,0x00000006d1900000)
 Metaspace       used 17308K, capacity 17486K, committed 17792K, reserved 1064960K
  class space    used 1574K, capacity 1662K, committed 1664K, reserved 1048576K
}
Event: 4.830 GC heap before
{Heap before GC invocations=9 (full 0):
 PSYoungGen      total 529920K, used 515232K [0x000000076d100000, 0x000000078e800000, 0x00000007c0000000)
  eden space 515072K, 100% used [0x000000076d100000,0x000000078c800000,0x000000078c800000)
  from space 14848K, 1% used [0x000000078d780000,0x000000078d7a8000,0x000000078e600000)
  to   space 15872K, 0% used [0x000000078c800000,0x000000078c800000,0x000000078d780000)
 ParOldGen       total 171008K, used 12531K [0x00000006c7200000, 0x00000006d1900000, 0x000000076d100000)
  object space 171008K, 7% used [0x00000006c7200000,0x00000006c7e3cc48,0x00000006d1900000)
 Metaspace       used 17330K, capacity 17550K, committed 17792K, reserved 1064960K
  class space    used 1574K, capacity 1662K, committed 1664K, reserved 1048576K
Event: 4.831 GC heap after
Heap after GC invocations=9 (full 0):
 PSYoungGen      total 530944K, used 128K [0x000000076d100000, 0x00000007a1600000, 0x00000007c0000000)
  eden space 515072K, 0% used [0x000000076d100000,0x000000076d100000,0x000000078c800000)
  from space 15872K, 0% used [0x000000078c800000,0x000000078c820000,0x000000078d780000)
  to   space 16384K, 0% used [0x00000007a0600000,0x00000007a0600000,0x00000007a1600000)
 ParOldGen       total 171008K, used 12539K [0x00000006c7200000, 0x00000006d1900000, 0x000000076d100000)
  object space 171008K, 7% used [0x00000006c7200000,0x00000006c7e3ec48,0x00000006d1900000)
 Metaspace       used 17330K, capacity 17550K, committed 17792K, reserved 1064960K
  class space    used 1574K, capacity 1662K, committed 1664K, reserved 1048576K
}
Event: 5.586 GC heap before
{Heap before GC invocations=10 (full 0):
 PSYoungGen      total 530944K, used 515200K [0x000000076d100000, 0x00000007a1600000, 0x00000007c0000000)
  eden space 515072K, 100% used [0x000000076d100000,0x000000078c800000,0x000000078c800000)
  from space 15872K, 0% used [0x000000078c800000,0x000000078c820000,0x000000078d780000)
  to   space 16384K, 0% used [0x00000007a0600000,0x00000007a0600000,0x00000007a1600000)
 ParOldGen       total 171008K, used 12539K [0x00000006c7200000, 0x00000006d1900000, 0x000000076d100000)
  object space 171008K, 7% used [0x00000006c7200000,0x00000006c7e3ec48,0x00000006d1900000)
 Metaspace       used 17347K, capacity 17550K, committed 17792K, reserved 1064960K
  class space    used 1574K, capacity 1662K, committed 1664K, reserved 1048576K
Event: 5.587 GC heap after
Heap after GC invocations=10 (full 0):
 PSYoungGen      total 840192K, used 64K [0x000000076d100000, 0x00000007a1700000, 0x00000007c0000000)
  eden space 823808K, 0% used [0x000000076d100000,0x000000076d100000,0x000000079f580000)
  from space 16384K, 0% used [0x00000007a0600000,0x00000007a0610000,0x00000007a1600000)
  to   space 16896K, 0% used [0x000000079f580000,0x000000079f580000,0x00000007a0600000)
 ParOldGen       total 171008K, used 12563K [0x00000006c7200000, 0x00000006d1900000, 0x000000076d100000)
  object space 171008K, 7% used [0x00000006c7200000,0x00000006c7e44c48,0x00000006d1900000)
 Metaspace       used 17347K, capacity 17550K, committed 17792K, reserved 1064960K
  class space    used 1574K, capacity 1662K, committed 1664K, reserved 1048576K
}
Event: 6.613 GC heap before
{Heap before GC invocations=11 (full 0):
 PSYoungGen      total 840192K, used 823872K [0x000000076d100000, 0x00000007a1700000, 0x00000007c0000000)
  eden space 823808K, 100% used [0x000000076d100000,0x000000079f580000,0x000000079f580000)
  from space 16384K, 0% used [0x00000007a0600000,0x00000007a0610000,0x00000007a1600000)
  to   space 16896K, 0% used [0x000000079f580000,0x000000079f580000,0x00000007a0600000)
 ParOldGen       total 171008K, used 12563K [0x00000006c7200000, 0x00000006d1900000, 0x000000076d100000)
  object space 171008K, 7% used [0x00000006c7200000,0x00000006c7e44c48,0x00000006d1900000)
 Metaspace       used 17376K, capacity 17550K, committed 17792K, reserved 1064960K
  class space    used 1574K, capacity 1662K, committed 1664K, reserved 1048576K
Event: 6.614 GC heap after
Heap after GC invocations=11 (full 0):
 PSYoungGen      total 840704K, used 128K [0x000000076d100000, 0x00000007bf980000, 0x00000007c0000000)
  eden space 823808K, 0% used [0x000000076d100000,0x000000076d100000,0x000000079f580000)
  from space 16896K, 0% used [0x000000079f580000,0x000000079f5a0000,0x00000007a0600000)
  to   space 16896K, 0% used [0x00000007be900000,0x00000007be900000,0x00000007bf980000)
 ParOldGen       total 171008K, used 12579K [0x00000006c7200000, 0x00000006d1900000, 0x000000076d100000)
  object space 171008K, 7% used [0x00000006c7200000,0x00000006c7e48c48,0x00000006d1900000)
 Metaspace       used 17376K, capacity 17550K, committed 17792K, reserved 1064960K
  class space    used 1574K, capacity 1662K, committed 1664K, reserved 1048576K
}
Event: 7.533 GC heap before
{Heap before GC invocations=12 (full 0):
 PSYoungGen      total 840704K, used 823936K [0x000000076d100000, 0x00000007bf980000, 0x00000007c0000000)
  eden space 823808K, 100% used [0x000000076d100000,0x000000079f580000,0x000000079f580000)
  from space 16896K, 0% used [0x000000079f580000,0x000000079f5a0000,0x00000007a0600000)
  to   space 16896K, 0% used [0x00000007be900000,0x00000007be900000,0x00000007bf980000)
 ParOldGen       total 171008K, used 12579K [0x00000006c7200000, 0x00000006d1900000, 0x000000076d100000)
  object space 171008K, 7% used [0x00000006c7200000,0x00000006c7e48c48,0x00000006d1900000)
 Metaspace       used 17404K, capacity 17614K, committed 17792K, reserved 1064960K
  class space    used 1574K, capacity 1662K, committed 1664K, reserved 1048576K
Event: 7.535 GC heap after
Heap after GC invocations=12 (full 0):
 PSYoungGen      total 1335296K, used 64K [0x000000076d100000, 0x00000007bf980000, 0x00000007c0000000)
  eden space 1318400K, 0% used [0x000000076d100000,0x000000076d100000,0x00000007bd880000)
  from space 16896K, 0% used [0x00000007be900000,0x00000007be910000,0x00000007bf980000)
  to   space 16896K, 0% used [0x00000007bd880000,0x00000007bd880000,0x00000007be900000)
 ParOldGen       total 171008K, used 12587K [0x00000006c7200000, 0x00000006d1900000, 0x000000076d100000)
  object space 171008K, 7% used [0x00000006c7200000,0x00000006c7e4ac48,0x00000006d1900000)
 Metaspace       used 17404K, capacity 17614K, committed 17792K, reserved 1064960K
  class space    used 1574K, capacity 1662K, committed 1664K, reserved 1048576K
}

