# JRE version: Java(TM) SE Runtime Environment (8.0_51-b16) (build 1.8.0_51-b16)
# Java VM: Java HotSpot(TM) 64-Bit Server VM (25.51-b03 mixed mode linux-amd64 compressed oops)
Heap:
 PSYoungGen      total 124928K, used 107003K [0x000000076d100000, 0x00000007b6180000, 0x00000007c0000000)
  eden space 124416K, 85% used [0x000000076d100000,0x0000000773976e78,0x0000000774a80000)
  from space 512K, 6% used [0x00000007b6080000,0x00000007b6088000,0x00000007b6100000)
  to   space 512K, 0% used [0x00000007b6100000,0x00000007b6100000,0x00000007b6180000)
 ParOldGen       total 171008K, used 12958K [0x00000006c7200000, 0x00000006d1900000, 0x000000076d100000)
  object space 171008K, 7% used [0x00000006c7200000,0x00000006c7ea7a28,0x00000006d1900000)
 Metaspace       used 17656K, capacity 17874K, committed 18048K, reserved 1064960K
  class space    used 1570K, capacity 1662K, committed 1664K, reserved 1048576K
GC Heap History (10 events):
Event: 108.193 GC heap before
{Heap before GC invocations=525 (full 0):
 PSYoungGen      total 93696K, used 93280K [0x000000076d100000, 0x00000007b6180000, 0x00000007c0000000)
  eden space 93184K, 100% used [0x000000076d100000,0x0000000772c00000,0x0000000772c00000)
  from space 512K, 18% used [0x00000007b6100000,0x00000007b6118000,0x00000007b6180000)
  to   space 512K, 0% used [0x00000007b6080000,0x00000007b6080000,0x00000007b6100000)
 ParOldGen       total 171008K, used 12958K [0x00000006c7200000, 0x00000006d1900000, 0x000000076d100000)
  object space 171008K, 7% used [0x00000006c7200000,0x00000006c7ea7a28,0x00000006d1900000)
 Metaspace       used 17655K, capacity 17874K, committed 18048K, reserved 1064960K
  class space    used 1570K, capacity 1662K, committed 1664K, reserved 1048576K
Event: 108.194 GC heap after
Heap after GC invocations=525 (full 0):
 PSYoungGen      total 91136K, used 96K [0x000000076d100000, 0x00000007b6180000, 0x00000007c0000000)
  eden space 90624K, 0% used [0x000000076d100000,0x000000076d100000,0x0000000772980000)
  from space 512K, 18% used [0x00000007b6080000,0x00000007b6098000,0x00000007b6100000)
  to   space 512K, 0% used [0x00000007b6100000,0x00000007b6100000,0x00000007b6180000)
 ParOldGen       total 171008K, used 12958K [0x00000006c7200000, 0x00000006d1900000, 0x000000076d100000)
  object space 171008K, 7% used [0x00000006c7200000,0x00000006c7ea7a28,0x00000006d1900000)
 Metaspace       used 17655K, capacity 17874K, committed 18048K, reserved 1064960K
  class space    used 1570K, capacity 1662K, committed 1664K, reserved 1048576K
}
Event: 108.305 GC heap before
{Heap before GC invocations=526 (full 0):
 PSYoungGen      total 91136K, used 90720K [0x000000076d100000, 0x00000007b6180000, 0x00000007c0000000)
  eden space 90624K, 100% used [0x000000076d100000,0x0000000772980000,0x0000000772980000)
  from space 512K, 18% used [0x00000007b6080000,0x00000007b6098000,0x00000007b6100000)
  to   space 512K, 0% used [0x00000007b6100000,0x00000007b6100000,0x00000007b6180000)
 ParOldGen       total 171008K, used 12958K [0x00000006c7200000, 0x00000006d1900000, 0x000000076d100000)
  object space 171008K, 7% used [0x00000006c7200000,0x00000006c7ea7a28,0x00000006d1900000)
 Metaspace       used 17655K, capacity 17874K, committed 18048K, reserved 1064960K
  class space    used 1570K, capacity 1662K, committed 1664K, reserved 1048576K
Event: 108.307 GC heap after
Heap after GC invocations=526 (full 0):
 PSYoungGen      total 88576K, used 64K [0x000000076d100000, 0x00000007b6180000, 0x00000007c0000000)
  eden space 88064K, 0% used [0x000000076d100000,0x000000076d100000,0x0000000772700000)
  from space 512K, 12% used [0x00000007b6100000,0x00000007b6110000,0x00000007b6180000)
  to   space 512K, 0% used [0x00000007b6080000,0x00000007b6080000,0x00000007b6100000)
 ParOldGen       total 171008K, used 12958K [0x00000006c7200000, 0x00000006d1900000, 0x000000076d100000)
  object space 171008K, 7% used [0x00000006c7200000,0x00000006c7ea7a28,0x00000006d1900000)
 Metaspace       used 17655K, capacity 17874K, committed 18048K, reserved 1064960K
  class space    used 1570K, capacity 1662K, committed 1664K, reserved 1048576K
}
Event: 108.462 GC heap before
{Heap before GC invocations=527 (full 0):
 PSYoungGen      total 88576K, used 88128K [0x000000076d100000, 0x00000007b6180000, 0x00000007c0000000)
  eden space 88064K, 100% used [0x000000076d100000,0x0000000772700000,0x0000000772700000)
  from space 512K, 12% used [0x00000007b6100000,0x00000007b6110000,0x00000007b6180000)
  to   space 512K, 0% used [0x00000007b6080000,0x00000007b6080000,0x00000007b6100000)
 ParOldGen       total 171008K, used 12958K [0x00000006c7200000, 0x00000006d1900000, 0x000000076d100000)
  object space 171008K, 7% used [0x00000006c7200000,0x00000006c7ea7a28,0x00000006d1900000)
 Metaspace       used 17655K, capacity 17874K, committed 18048K, reserved 1064960K
  class space    used 1570K, capacity 1662K, committed 1664K, reserved 1048576K
Event: 108.463 GC heap after
Heap after GC invocations=527 (full 0):
 PSYoungGen      total 86528K, used 64K [0x000000076d100000, 0x00000007b6180000, 0x00000007c0000000)
  eden space 86016K, 0% used [0x000000076d100000,0x000000076d100000,0x0000000772500000)
  from space 512K, 12% used [0x00000007b6080000,0x00000007b6090000,0x00000007b6100000)
  to   space 512K, 0% used [0x00000007b6100000,0x00000007b6100000,0x00000007b6180000)
 ParOldGen       total 171008K, used 12958K [0x00000006c7200000, 0x00000006d1900000, 0x000000076d100000)
  object space 171008K, 7% used [0x00000006c7200000,0x00000006c7ea7a28,0x00000006d1900000)
 Metaspace       used 17655K, capacity 17874K, committed 18048K, reserved 1064960K
  class space    used 1570K, capacity 1662K, committed 1664K, reserved 1048576K
}
Event: 108.560 GC heap before
{Heap before GC invocations=528 (full 0):
 PSYoungGen      total 86528K, used 86080K [0x000000076d100000, 0x00000007b6180000, 0x00000007c0000000)
  eden space 86016K, 100% used [0x000000076d100000,0x0000000772500000,0x0000000772500000)
  from space 512K, 12% used [0x00000007b6080000,0x00000007b6090000,0x00000007b6100000)
  to   space 512K, 0% used [0x00000007b6100000,0x00000007b6100000,0x00000007b6180000)
 ParOldGen       total 171008K, used 12958K [0x00000006c7200000, 0x00000006d1900000, 0x000000076d100000)
  object space 171008K, 7% used [0x00000006c7200000,0x00000006c7ea7a28,0x00000006d1900000)
 Metaspace       used 17655K, capacity 17874K, committed 18048K, reserved 1064960K
  class space    used 1570K, capacity 1662K, committed 1664K, reserved 1048576K
Event: 108.561 GC heap after
Heap after GC invocations=528 (full 0):
 PSYoungGen      total 103936K, used 96K [0x000000076d100000, 0x00000007b6180000, 0x00000007c0000000)
  eden space 103424K, 0% used [0x000000076d100000,0x000000076d100000,0x0000000773600000)
  from space 512K, 18% used [0x00000007b6100000,0x00000007b6118000,0x00000007b6180000)
  to   space 512K, 0% used [0x00000007b6080000,0x00000007b6080000,0x00000007b6100000)
 ParOldGen       total 171008K, used 12958K [0x00000006c7200000, 0x00000006d1900000, 0x000000076d100000)
  object space 171008K, 7% used [0x00000006c7200000,0x00000006c7ea7a28,0x00000006d1900000)
 Metaspace       used 17655K, capacity 17874K, committed 18048K, reserved 1064960K
  class space    used 1570K, capacity 1662K, committed 1664K, reserved 1048576K
}
Event: 108.749 GC heap before
{Heap before GC invocations=529 (full 0):
 PSYoungGen      total 103936K, used 103520K [0x000000076d100000, 0x00000007b6180000, 0x00000007c0000000)
  eden space 103424K, 100% used [0x000000076d100000,0x0000000773600000,0x0000000773600000)
  from space 512K, 18% used [0x00000007b6100000,0x00000007b6118000,0x00000007b6180000)
  to   space 512K, 0% used [0x00000007b6080000,0x00000007b6080000,0x00000007b6100000)
 ParOldGen       total 171008K, used 12958K [0x00000006c7200000, 0x00000006d1900000, 0x000000076d100000)
  object space 171008K, 7% used [0x00000006c7200000,0x00000006c7ea7a28,0x00000006d1900000)
 Metaspace       used 17655K, capacity 17874K, committed 18048K, reserved 1064960K
  class space    used 1570K, capacity 1662K, committed 1664K, reserved 1048576K
Event: 108.751 GC heap after
Heap after GC invocations=529 (full 0):
 PSYoungGen      total 124928K, used 32K [0x000000076d100000, 0x00000007b6180000, 0x00000007c0000000)
  eden space 124416K, 0% used [0x000000076d100000,0x000000076d100000,0x0000000774a80000)
  from space 512K, 6% used [0x00000007b6080000,0x00000007b6088000,0x00000007b6100000)
  to   space 512K, 0% used [0x00000007b6100000,0x00000007b6100000,0x00000007b6180000)
 ParOldGen       total 171008K, used 12958K [0x00000006c7200000, 0x00000006d1900000, 0x000000076d100000)
  object space 171008K, 7% used [0x00000006c7200000,0x00000006c7ea7a28,0x00000006d1900000)
 Metaspace       used 17655K, capacity 17874K, committed 18048K, reserved 1064960K
  class space    used 1570K, capacity 1662K, committed 1664K, reserved 1048576K
}

