# JRE version: Java(TM) SE Runtime Environment (8.0_51-b16) (build 1.8.0_51-b16)
# Java VM: Java HotSpot(TM) 64-Bit Server VM (25.51-b03 mixed mode linux-amd64 compressed oops)
Heap:
 PSYoungGen      total 31744K, used 6269K [0x000000076d100000, 0x000000076f100000, 0x00000007c0000000)
  eden space 31232K, 19% used [0x000000076d100000,0x000000076d717778,0x000000076ef80000)
  from space 512K, 6% used [0x000000076f000000,0x000000076f008000,0x000000076f080000)
  to   space 512K, 0% used [0x000000076f080000,0x000000076f080000,0x000000076f100000)
 ParOldGen       total 171008K, used 9915K [0x00000006c7200000, 0x00000006d1900000, 0x000000076d100000)
  object space 171008K, 5% used [0x00000006c7200000,0x00000006c7baec28,0x00000006d1900000)
 Metaspace       used 17427K, capacity 17650K, committed 17792K, reserved 1064960K
  class space    used 1554K, capacity 1630K, committed 1664K, reserved 1048576K
GC Heap History (10 events):
Event: 51.914 GC heap before
{Heap before GC invocations=97 (full 0):
 PSYoungGen      total 31744K, used 31264K [0x000000076d100000, 0x000000076f100000, 0x00000007c0000000)
  eden space 31232K, 100% used [0x000000076d100000,0x000000076ef80000,0x000000076ef80000)
  from space 512K, 6% used [0x000000076f080000,0x000000076f088000,0x000000076f100000)
  to   space 512K, 0% used [0x000000076f000000,0x000000076f000000,0x000000076f080000)
 ParOldGen       total 171008K, used 9899K [0x00000006c7200000, 0x00000006d1900000, 0x000000076d100000)
  object space 171008K, 5% used [0x00000006c7200000,0x00000006c7baac28,0x00000006d1900000)
 Metaspace       used 17424K, capacity 17650K, committed 17792K, reserved 1064960K
  class space    used 1554K, capacity 1630K, committed 1664K, reserved 1048576K
Event: 51.915 GC heap after
Heap after GC invocations=97 (full 0):
 PSYoungGen      total 31744K, used 96K [0x000000076d100000, 0x000000076f100000, 0x00000007c0000000)
  eden space 31232K, 0% used [0x000000076d100000,0x000000076d100000,0x000000076ef80000)
  from space 512K, 18% used [0x000000076f000000,0x000000076f018000,0x000000076f080000)
  to   space 512K, 0% used [0x000000076f080000,0x000000076f080000,0x000000076f100000)
 ParOldGen       total 171008K, used 9899K [0x00000006c7200000, 0x00000006d1900000, 0x000000076d100000)
  object space 171008K, 5% used [0x00000006c7200000,0x00000006c7baac28,0x00000006d1900000)
 Metaspace       used 17424K, capacity 17650K, committed 17792K, reserved 1064960K
  class space    used 1554K, capacity 1630K, committed 1664K, reserved 1048576K
}
Event: 52.296 GC heap before
{Heap before GC invocations=98 (full 0):
 PSYoungGen      total 31744K, used 31328K [0x000000076d100000, 0x000000076f100000, 0x00000007c0000000)
  eden space 31232K, 100% used [0x000000076d100000,0x000000076ef80000,0x000000076ef80000)
  from space 512K, 18% used [0x000000076f000000,0x000000076f018000,0x000000076f080000)
  to   space 512K, 0% used [0x000000076f080000,0x000000076f080000,0x000000076f100000)
 ParOldGen       total 171008K, used 9899K [0x00000006c7200000, 0x00000006d1900000, 0x000000076d100000)
  object space 171008K, 5% used [0x00000006c7200000,0x00000006c7baac28,0x00000006d1900000)
 Metaspace       used 17424K, capacity 17650K, committed 17792K, reserved 1064960K
  class space    used 1554K, capacity 1630K, committed 1664K, reserved 1048576K
Event: 52.297 GC heap after
Heap after GC invocations=98 (full 0):
 PSYoungGen      total 31744K, used 32K [0x000000076d100000, 0x000000076f100000, 0x00000007c0000000)
  eden space 31232K, 0% used [0x000000076d100000,0x000000076d100000,0x000000076ef80000)
  from space 512K, 6% used [0x000000076f080000,0x000000076f088000,0x000000076f100000)
  to   space 512K, 0% used [0x000000076f000000,0x000000076f000000,0x000000076f080000)
 ParOldGen       total 171008K, used 9899K [0x00000006c7200000, 0x00000006d1900000, 0x000000076d100000)
  object space 171008K, 5% used [0x00000006c7200000,0x00000006c7baac28,0x00000006d1900000)
 Metaspace       used 17424K, capacity 17650K, committed 17792K, reserved 1064960K
  class space    used 1554K, capacity 1630K, committed 1664K, reserved 1048576K
}
Event: 52.716 GC heap before
{Heap before GC invocations=99 (full 0):
 PSYoungGen      total 31744K, used 31264K [0x000000076d100000, 0x000000076f100000, 0x00000007c0000000)
  eden space 31232K, 100% used [0x000000076d100000,0x000000076ef80000,0x000000076ef80000)
  from space 512K, 6% used [0x000000076f080000,0x000000076f088000,0x000000076f100000)
  to   space 512K, 0% used [0x000000076f000000,0x000000076f000000,0x000000076f080000)
 ParOldGen       total 171008K, used 9899K [0x00000006c7200000, 0x00000006d1900000, 0x000000076d100000)
  object space 171008K, 5% used [0x00000006c7200000,0x00000006c7baac28,0x00000006d1900000)
 Metaspace       used 17425K, capacity 17650K, committed 17792K, reserved 1064960K
  class space    used 1554K, capacity 1630K, committed 1664K, reserved 1048576K
Event: 52.717 GC heap after
Heap after GC invocations=99 (full 0):
 PSYoungGen      total 31744K, used 64K [0x000000076d100000, 0x000000076f100000, 0x00000007c0000000)
  eden space 31232K, 0% used [0x000000076d100000,0x000000076d100000,0x000000076ef80000)
  from space 512K, 12% used [0x000000076f000000,0x000000076f010000,0x000000076f080000)
  to   space 512K, 0% used [0x000000076f080000,0x000000076f080000,0x000000076f100000)
 ParOldGen       total 171008K, used 9915K [0x00000006c7200000, 0x00000006d1900000, 0x000000076d100000)
  object space 171008K, 5% used [0x00000006c7200000,0x00000006c7baec28,0x00000006d1900000)
 Metaspace       used 17425K, capacity 17650K, committed 17792K, reserved 1064960K
  class space    used 1554K, capacity 1630K, committed 1664K, reserved 1048576K
}
Event: 53.095 GC heap before
{Heap before GC invocations=100 (full 0):
 PSYoungGen      total 31744K, used 31296K [0x000000076d100000, 0x000000076f100000, 0x00000007c0000000)
  eden space 31232K, 100% used [0x000000076d100000,0x000000076ef80000,0x000000076ef80000)
  from space 512K, 12% used [0x000000076f000000,0x000000076f010000,0x000000076f080000)
  to   space 512K, 0% used [0x000000076f080000,0x000000076f080000,0x000000076f100000)
 ParOldGen       total 171008K, used 9915K [0x00000006c7200000, 0x00000006d1900000, 0x000000076d100000)
  object space 171008K, 5% used [0x00000006c7200000,0x00000006c7baec28,0x00000006d1900000)
 Metaspace       used 17425K, capacity 17650K, committed 17792K, reserved 1064960K
  class space    used 1554K, capacity 1630K, committed 1664K, reserved 1048576K
Event: 53.097 GC heap after
Heap after GC invocations=100 (full 0):
 PSYoungGen      total 31744K, used 64K [0x000000076d100000, 0x000000076f100000, 0x00000007c0000000)
  eden space 31232K, 0% used [0x000000076d100000,0x000000076d100000,0x000000076ef80000)
  from space 512K, 12% used [0x000000076f080000,0x000000076f090000,0x000000076f100000)
  to   space 512K, 0% used [0x000000076f000000,0x000000076f000000,0x000000076f080000)
 ParOldGen       total 171008K, used 9915K [0x00000006c7200000, 0x00000006d1900000, 0x000000076d100000)
  object space 171008K, 5% used [0x00000006c7200000,0x00000006c7baec28,0x00000006d1900000)
 Metaspace       used 17425K, capacity 17650K, committed 17792K, reserved 1064960K
  class space    used 1554K, capacity 1630K, committed 1664K, reserved 1048576K
}
Event: 53.467 GC heap before
{Heap before GC invocations=101 (full 0):
 PSYoungGen      total 31744K, used 31296K [0x000000076d100000, 0x000000076f100000, 0x00000007c0000000)
  eden space 31232K, 100% used [0x000000076d100000,0x000000076ef80000,0x000000076ef80000)
  from space 512K, 12% used [0x000000076f080000,0x000000076f090000,0x000000076f100000)
  to   space 512K, 0% used [0x000000076f000000,0x000000076f000000,0x000000076f080000)
 ParOldGen       total 171008K, used 9915K [0x00000006c7200000, 0x00000006d1900000, 0x000000076d100000)
  object space 171008K, 5% used [0x00000006c7200000,0x00000006c7baec28,0x00000006d1900000)
 Metaspace       used 17426K, capacity 17650K, committed 17792K, reserved 1064960K
  class space    used 1554K, capacity 1630K, committed 1664K, reserved 1048576K
Event: 53.468 GC heap after
Heap after GC invocations=101 (full 0):
 PSYoungGen      total 31744K, used 32K [0x000000076d100000, 0x000000076f100000, 0x00000007c0000000)
  eden space 31232K, 0% used [0x000000076d100000,0x000000076d100000,0x000000076ef80000)
  from space 512K, 6% used [0x000000076f000000,0x000000076f008000,0x000000076f080000)
  to   space 512K, 0% used [0x000000076f080000,0x000000076f080000,0x000000076f100000)
 ParOldGen       total 171008K, used 9915K [0x00000006c7200000, 0x00000006d1900000, 0x000000076d100000)
  object space 171008K, 5% used [0x00000006c7200000,0x00000006c7baec28,0x00000006d1900000)
 Metaspace       used 17426K, capacity 17650K, committed 17792K, reserved 1064960K
  class space    used 1554K, capacity 1630K, committed 1664K, reserved 1048576K
}

