# JRE version: Java(TM) SE Runtime Environment (8.0_51-b16) (build 1.8.0_51-b16)
# Java VM: Java HotSpot(TM) 64-Bit Server VM (25.51-b03 mixed mode linux-amd64 compressed oops)
Heap:
 PSYoungGen      total 143360K, used 14409K [0x000000076d100000, 0x00000007bf000000, 0x00000007c0000000)
  eden space 142848K, 9% used [0x000000076d100000,0x000000076def2500,0x0000000775c80000)
  from space 512K, 25% used [0x00000007bef00000,0x00000007bef20000,0x00000007bef80000)
  to   space 512K, 0% used [0x00000007bef80000,0x00000007bef80000,0x00000007bf000000)
 ParOldGen       total 171008K, used 8299K [0x00000006c7200000, 0x00000006d1900000, 0x000000076d100000)
  object space 171008K, 4% used [0x00000006c7200000,0x00000006c7a1ac30,0x00000006d1900000)
 Metaspace       used 17700K, capacity 17930K, committed 18048K, reserved 1064960K
  class space    used 1577K, capacity 1662K, committed 1664K, reserved 1048576K
GC Heap History (10 events):
Event: 429.927 GC heap before
{Heap before GC invocations=1661 (full 0):
 PSYoungGen      total 170496K, used 170080K [0x000000076d100000, 0x00000007bf000000, 0x00000007c0000000)
  eden space 169984K, 100% used [0x000000076d100000,0x0000000777700000,0x0000000777700000)
  from space 512K, 18% used [0x00000007bef80000,0x00000007bef98000,0x00000007bf000000)
  to   space 512K, 0% used [0x00000007bef00000,0x00000007bef00000,0x00000007bef80000)
 ParOldGen       total 171008K, used 8299K [0x00000006c7200000, 0x00000006d1900000, 0x000000076d100000)
  object space 171008K, 4% used [0x00000006c7200000,0x00000006c7a1ac30,0x00000006d1900000)
 Metaspace       used 17699K, capacity 17930K, committed 18048K, reserved 1064960K
  class space    used 1577K, capacity 1662K, committed 1664K, reserved 1048576K
Event: 429.928 GC heap after
Heap after GC invocations=1661 (full 0):
 PSYoungGen      total 164352K, used 64K [0x000000076d100000, 0x00000007bf000000, 0x00000007c0000000)
  eden space 163840K, 0% used [0x000000076d100000,0x000000076d100000,0x0000000777100000)
  from space 512K, 12% used [0x00000007bef00000,0x00000007bef10000,0x00000007bef80000)
  to   space 512K, 0% used [0x00000007bef80000,0x00000007bef80000,0x00000007bf000000)
 ParOldGen       total 171008K, used 8299K [0x00000006c7200000, 0x00000006d1900000, 0x000000076d100000)
  object space 171008K, 4% used [0x00000006c7200000,0x00000006c7a1ac30,0x00000006d1900000)
 Metaspace       used 17699K, capacity 17930K, committed 18048K, reserved 1064960K
  class space    used 1577K, capacity 1662K, committed 1664K, reserved 1048576K
}
Event: 430.246 GC heap before
{Heap before GC invocations=1662 (full 0):
 PSYoungGen      total 164352K, used 163904K [0x000000076d100000, 0x00000007bf000000, 0x00000007c0000000)
  eden space 163840K, 100% used [0x000000076d100000,0x0000000777100000,0x0000000777100000)
  from space 512K, 12% used [0x00000007bef00000,0x00000007bef10000,0x00000007bef80000)
  to   space 512K, 0% used [0x00000007bef80000,0x00000007bef80000,0x00000007bf000000)
 ParOldGen       total 171008K, used 8299K [0x00000006c7200000, 0x00000006d1900000, 0x000000076d100000)
  object space 171008K, 4% used [0x00000006c7200000,0x00000006c7a1ac30,0x00000006d1900000)
 Metaspace       used 17699K, capacity 17930K, committed 18048K, reserved 1064960K
  class space    used 1577K, capacity 1662K, committed 1664K, reserved 1048576K
Event: 430.248 GC heap after
Heap after GC invocations=1662 (full 0):
 PSYoungGen      total 158720K, used 64K [0x000000076d100000, 0x00000007bf000000, 0x00000007c0000000)
  eden space 158208K, 0% used [0x000000076d100000,0x000000076d100000,0x0000000776b80000)
  from space 512K, 12% used [0x00000007bef80000,0x00000007bef90000,0x00000007bf000000)
  to   space 512K, 0% used [0x00000007bef00000,0x00000007bef00000,0x00000007bef80000)
 ParOldGen       total 171008K, used 8299K [0x00000006c7200000, 0x00000006d1900000, 0x000000076d100000)
  object space 171008K, 4% used [0x00000006c7200000,0x00000006c7a1ac30,0x00000006d1900000)
 Metaspace       used 17699K, capacity 17930K, committed 18048K, reserved 1064960K
  class space    used 1577K, capacity 1662K, committed 1664K, reserved 1048576K
}
Event: 430.605 GC heap before
{Heap before GC invocations=1663 (full 0):
 PSYoungGen      total 158720K, used 158272K [0x000000076d100000, 0x00000007bf000000, 0x00000007c0000000)
  eden space 158208K, 100% used [0x000000076d100000,0x0000000776b80000,0x0000000776b80000)
  from space 512K, 12% used [0x00000007bef80000,0x00000007bef90000,0x00000007bf000000)
  to   space 512K, 0% used [0x00000007bef00000,0x00000007bef00000,0x00000007bef80000)
 ParOldGen       total 171008K, used 8299K [0x00000006c7200000, 0x00000006d1900000, 0x000000076d100000)
  object space 171008K, 4% used [0x00000006c7200000,0x00000006c7a1ac30,0x00000006d1900000)
 Metaspace       used 17699K, capacity 17930K, committed 18048K, reserved 1064960K
  class space    used 1577K, capacity 1662K, committed 1664K, reserved 1048576K
Event: 430.607 GC heap after
Heap after GC invocations=1663 (full 0):
 PSYoungGen      total 153600K, used 64K [0x000000076d100000, 0x00000007bf000000, 0x00000007c0000000)
  eden space 153088K, 0% used [0x000000076d100000,0x000000076d100000,0x0000000776680000)
  from space 512K, 12% used [0x00000007bef00000,0x00000007bef10000,0x00000007bef80000)
  to   space 512K, 0% used [0x00000007bef80000,0x00000007bef80000,0x00000007bf000000)
 ParOldGen       total 171008K, used 8299K [0x00000006c7200000, 0x00000006d1900000, 0x000000076d100000)
  object space 171008K, 4% used [0x00000006c7200000,0x00000006c7a1ac30,0x00000006d1900000)
 Metaspace       used 17699K, capacity 17930K, committed 18048K, reserved 1064960K
  class space    used 1577K, capacity 1662K, committed 1664K, reserved 1048576K
}
Event: 430.892 GC heap before
{Heap before GC invocations=1664 (full 0):
 PSYoungGen      total 153600K, used 153152K [0x000000076d100000, 0x00000007bf000000, 0x00000007c0000000)
  eden space 153088K, 100% used [0x000000076d100000,0x0000000776680000,0x0000000776680000)
  from space 512K, 12% used [0x00000007bef00000,0x00000007bef10000,0x00000007bef80000)
  to   space 512K, 0% used [0x00000007bef80000,0x00000007bef80000,0x00000007bf000000)
 ParOldGen       total 171008K, used 8299K [0x00000006c7200000, 0x00000006d1900000, 0x000000076d100000)
  object space 171008K, 4% used [0x00000006c7200000,0x00000006c7a1ac30,0x00000006d1900000)
 Metaspace       used 17699K, capacity 17930K, committed 18048K, reserved 1064960K
  class space    used 1577K, capacity 1662K, committed 1664K, reserved 1048576K
Event: 430.894 GC heap after
Heap after GC invocations=1664 (full 0):
 PSYoungGen      total 148480K, used 128K [0x000000076d100000, 0x00000007bf000000, 0x00000007c0000000)
  eden space 147968K, 0% used [0x000000076d100000,0x000000076d100000,0x0000000776180000)
  from space 512K, 25% used [0x00000007bef80000,0x00000007befa0000,0x00000007bf000000)
  to   space 512K, 0% used [0x00000007bef00000,0x00000007bef00000,0x00000007bef80000)
 ParOldGen       total 171008K, used 8299K [0x00000006c7200000, 0x00000006d1900000, 0x000000076d100000)
  object space 171008K, 4% used [0x00000006c7200000,0x00000006c7a1ac30,0x00000006d1900000)
 Metaspace       used 17699K, capacity 17930K, committed 18048K, reserved 1064960K
  class space    used 1577K, capacity 1662K, committed 1664K, reserved 1048576K
}
Event: 431.127 GC heap before
{Heap before GC invocations=1665 (full 0):
 PSYoungGen      total 148480K, used 148096K [0x000000076d100000, 0x00000007bf000000, 0x00000007c0000000)
  eden space 147968K, 100% used [0x000000076d100000,0x0000000776180000,0x0000000776180000)
  from space 512K, 25% used [0x00000007bef80000,0x00000007befa0000,0x00000007bf000000)
  to   space 512K, 0% used [0x00000007bef00000,0x00000007bef00000,0x00000007bef80000)
 ParOldGen       total 171008K, used 8299K [0x00000006c7200000, 0x00000006d1900000, 0x000000076d100000)
  object space 171008K, 4% used [0x00000006c7200000,0x00000006c7a1ac30,0x00000006d1900000)
 Metaspace       used 17699K, capacity 17930K, committed 18048K, reserved 1064960K
  class space    used 1577K, capacity 1662K, committed 1664K, reserved 1048576K
Event: 431.128 GC heap after
Heap after GC invocations=1665 (full 0):
 PSYoungGen      total 143360K, used 128K [0x000000076d100000, 0x00000007bf000000, 0x00000007c0000000)
  eden space 142848K, 0% used [0x000000076d100000,0x000000076d100000,0x0000000775c80000)
  from space 512K, 25% used [0x00000007bef00000,0x00000007bef20000,0x00000007bef80000)
  to   space 512K, 0% used [0x00000007bef80000,0x00000007bef80000,0x00000007bf000000)
 ParOldGen       total 171008K, used 8299K [0x00000006c7200000, 0x00000006d1900000, 0x000000076d100000)
  object space 171008K, 4% used [0x00000006c7200000,0x00000006c7a1ac30,0x00000006d1900000)
 Metaspace       used 17699K, capacity 17930K, committed 18048K, reserved 1064960K
  class space    used 1577K, capacity 1662K, committed 1664K, reserved 1048576K
}

