# JRE version: Java(TM) SE Runtime Environment (8.0_51-b16) (build 1.8.0_51-b16)
# Java VM: Java HotSpot(TM) 64-Bit Server VM (25.51-b03 mixed mode linux-amd64 compressed oops)
Heap:
 PSYoungGen      total 128000K, used 91864K [0x000000076d100000, 0x00000007b6180000, 0x00000007c0000000)
  eden space 127488K, 72% used [0x000000076d100000,0x0000000772aa62a8,0x0000000774d80000)
  from space 512K, 12% used [0x00000007b6080000,0x00000007b6090000,0x00000007b6100000)
  to   space 512K, 0% used [0x00000007b6100000,0x00000007b6100000,0x00000007b6180000)
 ParOldGen       total 171008K, used 13141K [0x00000006c7200000, 0x00000006d1900000, 0x000000076d100000)
  object space 171008K, 7% used [0x00000006c7200000,0x00000006c7ed5698,0x00000006d1900000)
 Metaspace       used 17673K, capacity 17870K, committed 18048K, reserved 1064960K
  class space    used 1577K, capacity 1662K, committed 1664K, reserved 1048576K
GC Heap History (10 events):
Event: 179.456 GC heap before
{Heap before GC invocations=1005 (full 0):
 PSYoungGen      total 151040K, used 150592K [0x000000076d100000, 0x00000007b6180000, 0x00000007c0000000)
  eden space 150528K, 100% used [0x000000076d100000,0x0000000776400000,0x0000000776400000)
  from space 512K, 12% used [0x00000007b6100000,0x00000007b6110000,0x00000007b6180000)
  to   space 512K, 0% used [0x00000007b6080000,0x00000007b6080000,0x00000007b6100000)
 ParOldGen       total 171008K, used 13141K [0x00000006c7200000, 0x00000006d1900000, 0x000000076d100000)
  object space 171008K, 7% used [0x00000006c7200000,0x00000006c7ed5698,0x00000006d1900000)
 Metaspace       used 17672K, capacity 17870K, committed 18048K, reserved 1064960K
  class space    used 1577K, capacity 1662K, committed 1664K, reserved 1048576K
Event: 179.457 GC heap after
Heap after GC invocations=1005 (full 0):
 PSYoungGen      total 145920K, used 32K [0x000000076d100000, 0x00000007b6180000, 0x00000007c0000000)
  eden space 145408K, 0% used [0x000000076d100000,0x000000076d100000,0x0000000775f00000)
  from space 512K, 6% used [0x00000007b6080000,0x00000007b6088000,0x00000007b6100000)
  to   space 512K, 0% used [0x00000007b6100000,0x00000007b6100000,0x00000007b6180000)
 ParOldGen       total 171008K, used 13141K [0x00000006c7200000, 0x00000006d1900000, 0x000000076d100000)
  object space 171008K, 7% used [0x00000006c7200000,0x00000006c7ed5698,0x00000006d1900000)
 Metaspace       used 17672K, capacity 17870K, committed 18048K, reserved 1064960K
  class space    used 1577K, capacity 1662K, committed 1664K, reserved 1048576K
}
Event: 179.723 GC heap before
{Heap before GC invocations=1006 (full 0):
 PSYoungGen      total 145920K, used 145440K [0x000000076d100000, 0x00000007b6180000, 0x00000007c0000000)
  eden space 145408K, 100% used [0x000000076d100000,0x0000000775f00000,0x0000000775f00000)
  from space 512K, 6% used [0x00000007b6080000,0x00000007b6088000,0x00000007b6100000)
  to   space 512K, 0% used [0x00000007b6100000,0x00000007b6100000,0x00000007b6180000)
 ParOldGen       total 171008K, used 13141K [0x00000006c7200000, 0x00000006d1900000, 0x000000076d100000)
  object space 171008K, 7% used [0x00000006c7200000,0x00000006c7ed5698,0x00000006d1900000)
 Metaspace       used 17672K, capacity 17870K, committed 18048K, reserved 1064960K
  class space    used 1577K, capacity 1662K, committed 1664K, reserved 1048576K
Event: 179.726 GC heap after
Heap after GC invocations=1006 (full 0):
 PSYoungGen      total 141312K, used 96K [0x000000076d100000, 0x00000007b6180000, 0x00000007c0000000)
  eden space 140800K, 0% used [0x000000076d100000,0x000000076d100000,0x0000000775a80000)
  from space 512K, 18% used [0x00000007b6100000,0x00000007b6118000,0x00000007b6180000)
  to   space 512K, 0% used [0x00000007b6080000,0x00000007b6080000,0x00000007b6100000)
 ParOldGen       total 171008K, used 13141K [0x00000006c7200000, 0x00000006d1900000, 0x000000076d100000)
  object space 171008K, 7% used [0x00000006c7200000,0x00000006c7ed5698,0x00000006d1900000)
 Metaspace       used 17672K, capacity 17870K, committed 18048K, reserved 1064960K
  class space    used 1577K, capacity 1662K, committed 1664K, reserved 1048576K
}
Event: 179.966 GC heap before
{Heap before GC invocations=1007 (full 0):
 PSYoungGen      total 141312K, used 140896K [0x000000076d100000, 0x00000007b6180000, 0x00000007c0000000)
  eden space 140800K, 100% used [0x000000076d100000,0x0000000775a80000,0x0000000775a80000)
  from space 512K, 18% used [0x00000007b6100000,0x00000007b6118000,0x00000007b6180000)
  to   space 512K, 0% used [0x00000007b6080000,0x00000007b6080000,0x00000007b6100000)
 ParOldGen       total 171008K, used 13141K [0x00000006c7200000, 0x00000006d1900000, 0x000000076d100000)
  object space 171008K, 7% used [0x00000006c7200000,0x00000006c7ed5698,0x00000006d1900000)
 Metaspace       used 17672K, capacity 17870K, committed 18048K, reserved 1064960K
  class space    used 1577K, capacity 1662K, committed 1664K, reserved 1048576K
Event: 179.967 GC heap after
Heap after GC invocations=1007 (full 0):
 PSYoungGen      total 136704K, used 64K [0x000000076d100000, 0x00000007b6180000, 0x00000007c0000000)
  eden space 136192K, 0% used [0x000000076d100000,0x000000076d100000,0x0000000775600000)
  from space 512K, 12% used [0x00000007b6080000,0x00000007b6090000,0x00000007b6100000)
  to   space 512K, 0% used [0x00000007b6100000,0x00000007b6100000,0x00000007b6180000)
 ParOldGen       total 171008K, used 13141K [0x00000006c7200000, 0x00000006d1900000, 0x000000076d100000)
  object space 171008K, 7% used [0x00000006c7200000,0x00000006c7ed5698,0x00000006d1900000)
 Metaspace       used 17672K, capacity 17870K, committed 18048K, reserved 1064960K
  class space    used 1577K, capacity 1662K, committed 1664K, reserved 1048576K
}
Event: 180.164 GC heap before
{Heap before GC invocations=1008 (full 0):
 PSYoungGen      total 136704K, used 136256K [0x000000076d100000, 0x00000007b6180000, 0x00000007c0000000)
  eden space 136192K, 100% used [0x000000076d100000,0x0000000775600000,0x0000000775600000)
  from space 512K, 12% used [0x00000007b6080000,0x00000007b6090000,0x00000007b6100000)
  to   space 512K, 0% used [0x00000007b6100000,0x00000007b6100000,0x00000007b6180000)
 ParOldGen       total 171008K, used 13141K [0x00000006c7200000, 0x00000006d1900000, 0x000000076d100000)
  object space 171008K, 7% used [0x00000006c7200000,0x00000006c7ed5698,0x00000006d1900000)
 Metaspace       used 17672K, capacity 17870K, committed 18048K, reserved 1064960K
  class space    used 1577K, capacity 1662K, committed 1664K, reserved 1048576K
Event: 180.165 GC heap after
Heap after GC invocations=1008 (full 0):
 PSYoungGen      total 132096K, used 64K [0x000000076d100000, 0x00000007b6180000, 0x00000007c0000000)
  eden space 131584K, 0% used [0x000000076d100000,0x000000076d100000,0x0000000775180000)
  from space 512K, 12% used [0x00000007b6100000,0x00000007b6110000,0x00000007b6180000)
  to   space 512K, 0% used [0x00000007b6080000,0x00000007b6080000,0x00000007b6100000)
 ParOldGen       total 171008K, used 13141K [0x00000006c7200000, 0x00000006d1900000, 0x000000076d100000)
  object space 171008K, 7% used [0x00000006c7200000,0x00000006c7ed5698,0x00000006d1900000)
 Metaspace       used 17672K, capacity 17870K, committed 18048K, reserved 1064960K
  class space    used 1577K, capacity 1662K, committed 1664K, reserved 1048576K
}
Event: 180.397 GC heap before
{Heap before GC invocations=1009 (full 0):
 PSYoungGen      total 132096K, used 131648K [0x000000076d100000, 0x00000007b6180000, 0x00000007c0000000)
  eden space 131584K, 100% used [0x000000076d100000,0x0000000775180000,0x0000000775180000)
  from space 512K, 12% used [0x00000007b6100000,0x00000007b6110000,0x00000007b6180000)
  to   space 512K, 0% used [0x00000007b6080000,0x00000007b6080000,0x00000007b6100000)
 ParOldGen       total 171008K, used 13141K [0x00000006c7200000, 0x00000006d1900000, 0x000000076d100000)
  object space 171008K, 7% used [0x00000006c7200000,0x00000006c7ed5698,0x00000006d1900000)
 Metaspace       used 17672K, capacity 17870K, committed 18048K, reserved 1064960K
  class space    used 1577K, capacity 1662K, committed 1664K, reserved 1048576K
Event: 180.398 GC heap after
Heap after GC invocations=1009 (full 0):
 PSYoungGen      total 128000K, used 64K [0x000000076d100000, 0x00000007b6180000, 0x00000007c0000000)
  eden space 127488K, 0% used [0x000000076d100000,0x000000076d100000,0x0000000774d80000)
  from space 512K, 12% used [0x00000007b6080000,0x00000007b6090000,0x00000007b6100000)
  to   space 512K, 0% used [0x00000007b6100000,0x00000007b6100000,0x00000007b6180000)
 ParOldGen       total 171008K, used 13141K [0x00000006c7200000, 0x00000006d1900000, 0x000000076d100000)
  object space 171008K, 7% used [0x00000006c7200000,0x00000006c7ed5698,0x00000006d1900000)
 Metaspace       used 17672K, capacity 17870K, committed 18048K, reserved 1064960K
  class space    used 1577K, capacity 1662K, committed 1664K, reserved 1048576K
}

