# JRE version: Java(TM) SE Runtime Environment (8.0_51-b16) (build 1.8.0_51-b16)
# Java VM: Java HotSpot(TM) 64-Bit Server VM (25.51-b03 mixed mode linux-amd64 compressed oops)
Heap:
 PSYoungGen      total 31744K, used 10729K [0x000000076d100000, 0x0000000775480000, 0x00000007c0000000)
  eden space 31232K, 34% used [0x000000076d100000,0x000000076db652b8,0x000000076ef80000)
  from space 512K, 16% used [0x0000000775400000,0x00000007754152f0,0x0000000775480000)
  to   space 512K, 0% used [0x0000000775380000,0x0000000775380000,0x0000000775400000)
 ParOldGen       total 171008K, used 9012K [0x00000006c7200000, 0x00000006d1900000, 0x000000076d100000)
  object space 171008K, 5% used [0x00000006c7200000,0x00000006c7acd1e8,0x00000006d1900000)
 Metaspace       used 17404K, capacity 17650K, committed 17792K, reserved 1064960K
  class space    used 1550K, capacity 1630K, committed 1664K, reserved 1048576K
GC Heap History (10 events):
Event: 183.500 GC heap before
{Heap before GC invocations=692 (full 0):
 PSYoungGen      total 31744K, used 31316K [0x000000076d100000, 0x0000000775480000, 0x00000007c0000000)
  eden space 31232K, 100% used [0x000000076d100000,0x000000076ef80000,0x000000076ef80000)
  from space 512K, 16% used [0x0000000775380000,0x00000007753952f0,0x0000000775400000)
  to   space 512K, 0% used [0x0000000775400000,0x0000000775400000,0x0000000775480000)
 ParOldGen       total 171008K, used 9012K [0x00000006c7200000, 0x00000006d1900000, 0x000000076d100000)
  object space 171008K, 5% used [0x00000006c7200000,0x00000006c7acd1e8,0x00000006d1900000)
 Metaspace       used 17403K, capacity 17650K, committed 17792K, reserved 1064960K
  class space    used 1550K, capacity 1630K, committed 1664K, reserved 1048576K
Event: 183.501 GC heap after
Heap after GC invocations=692 (full 0):
 PSYoungGen      total 31744K, used 84K [0x000000076d100000, 0x0000000775480000, 0x00000007c0000000)
  eden space 31232K, 0% used [0x000000076d100000,0x000000076d100000,0x000000076ef80000)
  from space 512K, 16% used [0x0000000775400000,0x00000007754152f0,0x0000000775480000)
  to   space 512K, 0% used [0x0000000775380000,0x0000000775380000,0x0000000775400000)
 ParOldGen       total 171008K, used 9012K [0x00000006c7200000, 0x00000006d1900000, 0x000000076d100000)
  object space 171008K, 5% used [0x00000006c7200000,0x00000006c7acd1e8,0x00000006d1900000)
 Metaspace       used 17403K, capacity 17650K, committed 17792K, reserved 1064960K
  class space    used 1550K, capacity 1630K, committed 1664K, reserved 1048576K
}
Event: 183.722 GC heap before
{Heap before GC invocations=693 (full 0):
 PSYoungGen      total 31744K, used 31316K [0x000000076d100000, 0x0000000775480000, 0x00000007c0000000)
  eden space 31232K, 100% used [0x000000076d100000,0x000000076ef80000,0x000000076ef80000)
  from space 512K, 16% used [0x0000000775400000,0x00000007754152f0,0x0000000775480000)
  to   space 512K, 0% used [0x0000000775380000,0x0000000775380000,0x0000000775400000)
 ParOldGen       total 171008K, used 9012K [0x00000006c7200000, 0x00000006d1900000, 0x000000076d100000)
  object space 171008K, 5% used [0x00000006c7200000,0x00000006c7acd1e8,0x00000006d1900000)
 Metaspace       used 17403K, capacity 17650K, committed 17792K, reserved 1064960K
  class space    used 1550K, capacity 1630K, committed 1664K, reserved 1048576K
Event: 183.723 GC heap after
Heap after GC invocations=693 (full 0):
 PSYoungGen      total 31744K, used 64K [0x000000076d100000, 0x0000000775480000, 0x00000007c0000000)
  eden space 31232K, 0% used [0x000000076d100000,0x000000076d100000,0x000000076ef80000)
  from space 512K, 12% used [0x0000000775380000,0x0000000775390000,0x0000000775400000)
  to   space 512K, 0% used [0x0000000775400000,0x0000000775400000,0x0000000775480000)
 ParOldGen       total 171008K, used 9012K [0x00000006c7200000, 0x00000006d1900000, 0x000000076d100000)
  object space 171008K, 5% used [0x00000006c7200000,0x00000006c7acd1e8,0x00000006d1900000)
 Metaspace       used 17403K, capacity 17650K, committed 17792K, reserved 1064960K
  class space    used 1550K, capacity 1630K, committed 1664K, reserved 1048576K
}
Event: 183.967 GC heap before
{Heap before GC invocations=694 (full 0):
 PSYoungGen      total 31744K, used 31296K [0x000000076d100000, 0x0000000775480000, 0x00000007c0000000)
  eden space 31232K, 100% used [0x000000076d100000,0x000000076ef80000,0x000000076ef80000)
  from space 512K, 12% used [0x0000000775380000,0x0000000775390000,0x0000000775400000)
  to   space 512K, 0% used [0x0000000775400000,0x0000000775400000,0x0000000775480000)
 ParOldGen       total 171008K, used 9012K [0x00000006c7200000, 0x00000006d1900000, 0x000000076d100000)
  object space 171008K, 5% used [0x00000006c7200000,0x00000006c7acd1e8,0x00000006d1900000)
 Metaspace       used 17403K, capacity 17650K, committed 17792K, reserved 1064960K
  class space    used 1550K, capacity 1630K, committed 1664K, reserved 1048576K
Event: 183.969 GC heap after
Heap after GC invocations=694 (full 0):
 PSYoungGen      total 31744K, used 84K [0x000000076d100000, 0x0000000775480000, 0x00000007c0000000)
  eden space 31232K, 0% used [0x000000076d100000,0x000000076d100000,0x000000076ef80000)
  from space 512K, 16% used [0x0000000775400000,0x00000007754152f0,0x0000000775480000)
  to   space 512K, 0% used [0x0000000775380000,0x0000000775380000,0x0000000775400000)
 ParOldGen       total 171008K, used 9012K [0x00000006c7200000, 0x00000006d1900000, 0x000000076d100000)
  object space 171008K, 5% used [0x00000006c7200000,0x00000006c7acd1e8,0x00000006d1900000)
 Metaspace       used 17403K, capacity 17650K, committed 17792K, reserved 1064960K
  class space    used 1550K, capacity 1630K, committed 1664K, reserved 1048576K
}
Event: 184.208 GC heap before
{Heap before GC invocations=695 (full 0):
 PSYoungGen      total 31744K, used 31316K [0x000000076d100000, 0x0000000775480000, 0x00000007c0000000)
  eden space 31232K, 100% used [0x000000076d100000,0x000000076ef80000,0x000000076ef80000)
  from space 512K, 16% used [0x0000000775400000,0x00000007754152f0,0x0000000775480000)
  to   space 512K, 0% used [0x0000000775380000,0x0000000775380000,0x0000000775400000)
 ParOldGen       total 171008K, used 9012K [0x00000006c7200000, 0x00000006d1900000, 0x000000076d100000)
  object space 171008K, 5% used [0x00000006c7200000,0x00000006c7acd1e8,0x00000006d1900000)
 Metaspace       used 17403K, capacity 17650K, committed 17792K, reserved 1064960K
  class space    used 1550K, capacity 1630K, committed 1664K, reserved 1048576K
Event: 184.209 GC heap after
Heap after GC invocations=695 (full 0):
 PSYoungGen      total 31744K, used 84K [0x000000076d100000, 0x0000000775480000, 0x00000007c0000000)
  eden space 31232K, 0% used [0x000000076d100000,0x000000076d100000,0x000000076ef80000)
  from space 512K, 16% used [0x0000000775380000,0x00000007753952f0,0x0000000775400000)
  to   space 512K, 0% used [0x0000000775400000,0x0000000775400000,0x0000000775480000)
 ParOldGen       total 171008K, used 9012K [0x00000006c7200000, 0x00000006d1900000, 0x000000076d100000)
  object space 171008K, 5% used [0x00000006c7200000,0x00000006c7acd1e8,0x00000006d1900000)
 Metaspace       used 17403K, capacity 17650K, committed 17792K, reserved 1064960K
  class space    used 1550K, capacity 1630K, committed 1664K, reserved 1048576K
}
Event: 184.466 GC heap before
{Heap before GC invocations=696 (full 0):
 PSYoungGen      total 31744K, used 31316K [0x000000076d100000, 0x0000000775480000, 0x00000007c0000000)
  eden space 31232K, 100% used [0x000000076d100000,0x000000076ef80000,0x000000076ef80000)
  from space 512K, 16% used [0x0000000775380000,0x00000007753952f0,0x0000000775400000)
  to   space 512K, 0% used [0x0000000775400000,0x0000000775400000,0x0000000775480000)
 ParOldGen       total 171008K, used 9012K [0x00000006c7200000, 0x00000006d1900000, 0x000000076d100000)
  object space 171008K, 5% used [0x00000006c7200000,0x00000006c7acd1e8,0x00000006d1900000)
 Metaspace       used 17403K, capacity 17650K, committed 17792K, reserved 1064960K
  class space    used 1550K, capacity 1630K, committed 1664K, reserved 1048576K
Event: 184.468 GC heap after
Heap after GC invocations=696 (full 0):
 PSYoungGen      total 31744K, used 84K [0x000000076d100000, 0x0000000775480000, 0x00000007c0000000)
  eden space 31232K, 0% used [0x000000076d100000,0x000000076d100000,0x000000076ef80000)
  from space 512K, 16% used [0x0000000775400000,0x00000007754152f0,0x0000000775480000)
  to   space 512K, 0% used [0x0000000775380000,0x0000000775380000,0x0000000775400000)
 ParOldGen       total 171008K, used 9012K [0x00000006c7200000, 0x00000006d1900000, 0x000000076d100000)
  object space 171008K, 5% used [0x00000006c7200000,0x00000006c7acd1e8,0x00000006d1900000)
 Metaspace       used 17403K, capacity 17650K, committed 17792K, reserved 1064960K
  class space    used 1550K, capacity 1630K, committed 1664K, reserved 1048576K
}

