# JRE version: Java(TM) SE Runtime Environment (8.0_51-b16) (build 1.8.0_51-b16)
# Java VM: Java HotSpot(TM) 64-Bit Server VM (25.51-b03 mixed mode linux-amd64 compressed oops)
Heap:
 PSYoungGen      total 462336K, used 62592K [0x000000076d100000, 0x000000078c980000, 0x00000007c0000000)
  eden space 451072K, 13% used [0x000000076d100000,0x0000000770e10218,0x0000000788980000)
  from space 11264K, 0% used [0x000000078b380000,0x000000078b390000,0x000000078be80000)
  to   space 11264K, 0% used [0x000000078be80000,0x000000078be80000,0x000000078c980000)
 ParOldGen       total 171008K, used 5577K [0x00000006c7200000, 0x00000006d1900000, 0x000000076d100000)
  object space 171008K, 3% used [0x00000006c7200000,0x00000006c7772430,0x00000006d1900000)
 Metaspace       used 17530K, capacity 17746K, committed 18048K, reserved 1064960K
  class space    used 1574K, capacity 1662K, committed 1664K, reserved 1048576K
GC Heap History (10 events):
Event: 5.031 GC heap before
{Heap before GC invocations=7 (full 0):
 PSYoungGen      total 266752K, used 263632K [0x000000076d100000, 0x000000077df00000, 0x00000007c0000000)
  eden space 258048K, 100% used [0x000000076d100000,0x000000077cd00000,0x000000077cd00000)
  from space 8704K, 64% used [0x000000077d680000,0x000000077dbf4110,0x000000077df00000)
  to   space 9216K, 0% used [0x000000077cd00000,0x000000077cd00000,0x000000077d600000)
 ParOldGen       total 171008K, used 48K [0x00000006c7200000, 0x00000006d1900000, 0x000000076d100000)
  object space 171008K, 0% used [0x00000006c7200000,0x00000006c720c000,0x00000006d1900000)
 Metaspace       used 17365K, capacity 17554K, committed 17792K, reserved 1064960K
  class space    used 1574K, capacity 1662K, committed 1664K, reserved 1048576K
Event: 5.037 GC heap after
Heap after GC invocations=7 (full 0):
 PSYoungGen      total 267264K, used 128K [0x000000076d100000, 0x000000078dd00000, 0x00000007c0000000)
  eden space 258048K, 0% used [0x000000076d100000,0x000000076d100000,0x000000077cd00000)
  from space 9216K, 1% used [0x000000077cd00000,0x000000077cd20000,0x000000077d600000)
  to   space 10240K, 0% used [0x000000078d300000,0x000000078d300000,0x000000078dd00000)
 ParOldGen       total 171008K, used 5505K [0x00000006c7200000, 0x00000006d1900000, 0x000000076d100000)
  object space 171008K, 3% used [0x00000006c7200000,0x00000006c7760430,0x00000006d1900000)
 Metaspace       used 17365K, capacity 17554K, committed 17792K, reserved 1064960K
  class space    used 1574K, capacity 1662K, committed 1664K, reserved 1048576K
}
Event: 5.753 GC heap before
{Heap before GC invocations=8 (full 0):
 PSYoungGen      total 267264K, used 258176K [0x000000076d100000, 0x000000078dd00000, 0x00000007c0000000)
  eden space 258048K, 100% used [0x000000076d100000,0x000000077cd00000,0x000000077cd00000)
  from space 9216K, 1% used [0x000000077cd00000,0x000000077cd20000,0x000000077d600000)
  to   space 10240K, 0% used [0x000000078d300000,0x000000078d300000,0x000000078dd00000)
 ParOldGen       total 171008K, used 5505K [0x00000006c7200000, 0x00000006d1900000, 0x000000076d100000)
  object space 171008K, 3% used [0x00000006c7200000,0x00000006c7760430,0x00000006d1900000)
 Metaspace       used 17376K, capacity 17554K, committed 17792K, reserved 1064960K
  class space    used 1574K, capacity 1662K, committed 1664K, reserved 1048576K
Event: 5.754 GC heap after
Heap after GC invocations=8 (full 0):
 PSYoungGen      total 525824K, used 96K [0x000000076d100000, 0x000000078de00000, 0x00000007c0000000)
  eden space 515584K, 0% used [0x000000076d100000,0x000000076d100000,0x000000078c880000)
  from space 10240K, 0% used [0x000000078d300000,0x000000078d318000,0x000000078dd00000)
  to   space 10752K, 0% used [0x000000078c880000,0x000000078c880000,0x000000078d300000)
 ParOldGen       total 171008K, used 5537K [0x00000006c7200000, 0x00000006d1900000, 0x000000076d100000)
  object space 171008K, 3% used [0x00000006c7200000,0x00000006c7768430,0x00000006d1900000)
 Metaspace       used 17376K, capacity 17554K, committed 17792K, reserved 1064960K
  class space    used 1574K, capacity 1662K, committed 1664K, reserved 1048576K
}
Event: 7.087 GC heap before
{Heap before GC invocations=9 (full 0):
 PSYoungGen      total 525824K, used 515680K [0x000000076d100000, 0x000000078de00000, 0x00000007c0000000)
  eden space 515584K, 100% used [0x000000076d100000,0x000000078c880000,0x000000078c880000)
  from space 10240K, 0% used [0x000000078d300000,0x000000078d318000,0x000000078dd00000)
  to   space 10752K, 0% used [0x000000078c880000,0x000000078c880000,0x000000078d300000)
 ParOldGen       total 171008K, used 5537K [0x00000006c7200000, 0x00000006d1900000, 0x000000076d100000)
  object space 171008K, 3% used [0x00000006c7200000,0x00000006c7768430,0x00000006d1900000)
 Metaspace       used 17407K, capacity 17618K, committed 17792K, reserved 1064960K
  class space    used 1574K, capacity 1662K, committed 1664K, reserved 1048576K
Event: 7.088 GC heap after
Heap after GC invocations=9 (full 0):
 PSYoungGen      total 493568K, used 64K [0x000000076d100000, 0x000000078d380000, 0x00000007c0000000)
  eden space 493056K, 0% used [0x000000076d100000,0x000000076d100000,0x000000078b280000)
  from space 512K, 12% used [0x000000078c880000,0x000000078c890000,0x000000078c900000)
  to   space 10752K, 0% used [0x000000078c900000,0x000000078c900000,0x000000078d380000)
 ParOldGen       total 171008K, used 5553K [0x00000006c7200000, 0x00000006d1900000, 0x000000076d100000)
  object space 171008K, 3% used [0x00000006c7200000,0x00000006c776c430,0x00000006d1900000)
 Metaspace       used 17407K, capacity 17618K, committed 17792K, reserved 1064960K
  class space    used 1574K, capacity 1662K, committed 1664K, reserved 1048576K
}
Event: 8.469 GC heap before
{Heap before GC invocations=10 (full 0):
 PSYoungGen      total 493568K, used 493120K [0x000000076d100000, 0x000000078d380000, 0x00000007c0000000)
  eden space 493056K, 100% used [0x000000076d100000,0x000000078b280000,0x000000078b280000)
  from space 512K, 12% used [0x000000078c880000,0x000000078c890000,0x000000078c900000)
  to   space 10752K, 0% used [0x000000078c900000,0x000000078c900000,0x000000078d380000)
 ParOldGen       total 171008K, used 5553K [0x00000006c7200000, 0x00000006d1900000, 0x000000076d100000)
  object space 171008K, 3% used [0x00000006c7200000,0x00000006c776c430,0x00000006d1900000)
 Metaspace       used 17451K, capacity 17682K, committed 17792K, reserved 1064960K
  class space    used 1574K, capacity 1662K, committed 1664K, reserved 1048576K
Event: 8.470 GC heap after
Heap after GC invocations=10 (full 0):
 PSYoungGen      total 472064K, used 64K [0x000000076d100000, 0x000000078c980000, 0x00000007c0000000)
  eden space 471552K, 0% used [0x000000076d100000,0x000000076d100000,0x0000000789d80000)
  from space 512K, 12% used [0x000000078c900000,0x000000078c910000,0x000000078c980000)
  to   space 11264K, 0% used [0x000000078b380000,0x000000078b380000,0x000000078be80000)
 ParOldGen       total 171008K, used 5561K [0x00000006c7200000, 0x00000006d1900000, 0x000000076d100000)
  object space 171008K, 3% used [0x00000006c7200000,0x00000006c776e430,0x00000006d1900000)
 Metaspace       used 17451K, capacity 17682K, committed 17792K, reserved 1064960K
  class space    used 1574K, capacity 1662K, committed 1664K, reserved 1048576K
}
Event: 9.683 GC heap before
{Heap before GC invocations=11 (full 0):
 PSYoungGen      total 472064K, used 471616K [0x000000076d100000, 0x000000078c980000, 0x00000007c0000000)
  eden space 471552K, 100% used [0x000000076d100000,0x0000000789d80000,0x0000000789d80000)
  from space 512K, 12% used [0x000000078c900000,0x000000078c910000,0x000000078c980000)
  to   space 11264K, 0% used [0x000000078b380000,0x000000078b380000,0x000000078be80000)
 ParOldGen       total 171008K, used 5561K [0x00000006c7200000, 0x00000006d1900000, 0x000000076d100000)
  object space 171008K, 3% used [0x00000006c7200000,0x00000006c776e430,0x00000006d1900000)
 Metaspace       used 17529K, capacity 17746K, committed 18048K, reserved 1064960K
  class space    used 1574K, capacity 1662K, committed 1664K, reserved 1048576K
Event: 9.684 GC heap after
Heap after GC invocations=11 (full 0):
 PSYoungGen      total 462336K, used 64K [0x000000076d100000, 0x000000078c980000, 0x00000007c0000000)
  eden space 451072K, 0% used [0x000000076d100000,0x000000076d100000,0x0000000788980000)
  from space 11264K, 0% used [0x000000078b380000,0x000000078b390000,0x000000078be80000)
  to   space 11264K, 0% used [0x000000078be80000,0x000000078be80000,0x000000078c980000)
 ParOldGen       total 171008K, used 5577K [0x00000006c7200000, 0x00000006d1900000, 0x000000076d100000)
  object space 171008K, 3% used [0x00000006c7200000,0x00000006c7772430,0x00000006d1900000)
 Metaspace       used 17529K, capacity 17746K, committed 18048K, reserved 1064960K
  class space    used 1574K, capacity 1662K, committed 1664K, reserved 1048576K
}

